#
# A fatal error has been detected by the Java Runtime Environment:
#
#  SIGSEGV (0xb) at pc=0x00000001126951d4, pid=87623, tid=0x0000000000001d07
#
# JRE version: OpenJDK Runtime Environment (8.0_212) (build 1.8.0_212-release-1586-b4-5784211)
# Java VM: OpenJDK 64-Bit Server VM (25.212-b4-5784211 mixed mode bsd-amd64 compressed oops)
# Problematic frame:
# V  [libjvm.dylib+0x4951d4]  oopDesc* PSPromotionManager::copy_to_survivor_space<false>(oopDesc*)+0x9a
#
# Failed to write core dump. Core dumps have been disabled. To enable core dumping, try "ulimit -c unlimited" before starting Java again
#
# If you would like to submit a bug report, please visit:
#   http://bugreport.java.com/bugreport/crash.jsp
#

---------------  T H R E A D  ---------------

Current thread (0x00007f7f8600d800):  GCTaskThread [stack: 0x0000700002955000,0x0000700002a55000] [id=7431]

siginfo: si_signo: 11 (SIGSEGV), si_code: 1 (SEGV_MAPERR), si_addr: 0x00000000000000e8

Registers:
RAX=0x0000000000000000, RBX=0x00000007a9291e69, RCX=0x0000000000000003, RDX=0x0000000112a0adf8
RSP=0x0000700002a54c00, RBP=0x0000700002a54c60, RSI=0x00000007a69a65e8, RDI=0x00000007c00081d8
R8 =0x0000000000000000, R9 =0x0000000000000003, R10=0x00007f7f84405c78, R11=0x0000000000df4e60
R12=0x0000000000000000, R13=0x00007f7f85208005, R14=0x00007f7f8502b800, R15=0x00000007a69a65e8
RIP=0x00000001126951d4, EFLAGS=0x0000000000010246, ERR=0x0000000000000004
  TRAPNO=0x000000000000000e

Top of Stack: (sp=0x0000700002a54c00)
0x0000700002a54c00:   00000007a928c030 0000000000001000
0x0000700002a54c10:   0000000000000000 000000076024350d
0x0000700002a54c20:   00000007a9061a32 0000000000000009
0x0000700002a54c30:   0000000000000003 00000007a9291e69
0x0000700002a54c40:   0000000112a1bad3 00007f7f8502b800
0x0000700002a54c50:   00000007a9291e68 0000000112a0ade8
0x0000700002a54c60:   0000700002a54c90 0000000112694b12
0x0000700002a54c70:   00000007a9291e69 0000000112a20370
0x0000700002a54c80:   00007f7f8502b860 00007f7f8502b898
0x0000700002a54c90:   0000700002a54ce0 00000001126949a1
0x0000700002a54ca0:   00000007c01891b8 00000007a9291e69
0x0000700002a54cb0:   00000007602435f4 0000000000000240
0x0000700002a54cc0:   0000000760243600 00000001224bf281
0x0000700002a54cd0:   0000000760243620 00000001224bf21b
0x0000700002a54ce0:   0000700002a54d90 000000011233bea9
0x0000700002a54cf0:   0000000000000000 00000001224bf280
0x0000700002a54d00:   00000001224bf201 00000001224bf280
0x0000700002a54d10:   00000001224bf200 0000000000000200
0x0000700002a54d20:   00000001224c6418 0000000761083038
0x0000700002a54d30:   0000000000000000 00007f7f8502b800
0x0000700002a54d40:   0000000760240008 0000000760250000
0x0000700002a54d50:   00000001224c6419 00007f7f84405800
0x0000700002a54d60:   00007f7f84405a80 00007f7f84409cd0
0x0000700002a54d70:   00007f7f84409cd0 00000001127c9c46
0x0000700002a54d80:   00007f7f8502b800 0000000000000001
0x0000700002a54d90:   0000700002a54dc0 0000000112698139
0x0000700002a54da0:   00007f7f00000004 00007f7f857deba0
0x0000700002a54db0:   00007f7f8600d800 0000000000000000
0x0000700002a54dc0:   0000700002a54ea0 00000001124580d1
0x0000700002a54dd0:   0000000112a1bbd8 00007f7f8600d800
0x0000700002a54de0:   00007f7f84409090 00007f7f844090d0
0x0000700002a54df0:   00007f7f844090e0 00007f7f844091b8 

Instructions: (pc=0x00000001126951d4)
0x00000001126951b4:   44 8b 67 08 45 85 e4 7e 0c 41 f6 c4 01 75 0b 41
0x00000001126951c4:   c1 ec 03 eb 4c 45 85 e4 78 11 48 8b 07 4c 89 fe
0x00000001126951d4:   ff 90 e8 00 00 00 41 89 c4 eb 36 31 c9 84 c0 0f
0x00000001126951e4:   94 c1 49 63 44 8f 0c 44 89 e1 48 d3 e0 41 c1 ec 

Register to memory mapping:

RAX=0x0000000000000000 is an unknown value
RBX=0x00000007a9291e69 is an unknown value
RCX=0x0000000000000003 is an unknown value
RDX=0x0000000112a0adf8: _ZN8Universe13_narrow_klassE+0 in /Applications/Android Studio.app/Contents/jre/jdk/Contents/Home/jre/lib/server/libjvm.dylib at 0x0000000112200000
RSP=0x0000700002a54c00 is an unknown value
RBP=0x0000700002a54c60 is an unknown value
RSI=0x00000007a69a65e8 is an oop

[error occurred during error reporting (printing register info), id 0xb]

Stack: [0x0000700002955000,0x0000700002a55000],  sp=0x0000700002a54c00,  free space=1023k
Native frames: (J=compiled Java code, j=interpreted, Vv=VM code, C=native code)
V  [libjvm.dylib+0x4951d4]  oopDesc* PSPromotionManager::copy_to_survivor_space<false>(oopDesc*)+0x9a
V  [libjvm.dylib+0x494b12]  PSPromotionManager::process_popped_location_depth(StarTask)+0x106
V  [libjvm.dylib+0x4949a1]  PSPromotionManager::drain_stacks_depth(bool)+0x1eb
V  [libjvm.dylib+0x13bea9]  CardTableExtension::scavenge_contents_parallel(ObjectStartArray*, MutableSpace*, HeapWord*, PSPromotionManager*, unsigned int, unsigned int)+0x647
V  [libjvm.dylib+0x498139]  OldToYoungRootsTask::do_it(GCTaskManager*, unsigned int)+0x4b
V  [libjvm.dylib+0x2580d1]  GCTaskThread::run()+0x12d
V  [libjvm.dylib+0x4562e3]  java_start(Thread*)+0xfa
C  [libsystem_pthread.dylib+0x3661]  _pthread_body+0x154
C  [libsystem_pthread.dylib+0x350d]  _pthread_body+0x0
C  [libsystem_pthread.dylib+0x2bf9]  thread_start+0xd


---------------  P R O C E S S  ---------------

Java Threads: ( => current thread )
  0x00007f7f8943d000 JavaThread "Cache worker for Build Output Cleanup Cache (/Users/aleksandrgulaev/Documents/programming/geekbrains/geekbrains_android_libraries/hw01 copy/.gradle/buildOutputCleanup)" [_thread_blocked, id=38915, stack(0x0000700004bbb000,0x0000700004cbb000)]
  0x00007f7f890a5800 JavaThread "Build operations Thread 4" [_thread_blocked, id=39427, stack(0x0000700004ab8000,0x0000700004bb8000)]
  0x00007f7f8496b800 JavaThread "Build operations Thread 3" [_thread_blocked, id=24579, stack(0x00007000049b5000,0x0000700004ab5000)]
  0x00007f7f8ab00800 JavaThread "Build operations Thread 2" [_thread_blocked, id=3591, stack(0x00007000048b2000,0x00007000049b2000)]
  0x00007f7f8a40c800 JavaThread "Build operations" [_thread_blocked, id=4103, stack(0x00007000047af000,0x00007000048af000)]
  0x00007f7f854ec000 JavaThread "Cache worker for execution history cache (/Users/aleksandrgulaev/.gradle/caches/5.6.4/executionHistory)" [_thread_blocked, id=24323, stack(0x00007000046ac000,0x00007000047ac000)]
  0x00007f7f87b84800 JavaThread "Cache worker for cache directory md-rule (/Users/aleksandrgulaev/.gradle/caches/5.6.4/md-rule)" [_thread_blocked, id=24067, stack(0x00007000045a9000,0x00007000046a9000)]
  0x00007f7f855ea000 JavaThread "Cache worker for cache directory md-supplier (/Users/aleksandrgulaev/.gradle/caches/5.6.4/md-supplier)" [_thread_blocked, id=40195, stack(0x00007000044a6000,0x00007000045a6000)]
  0x00007f7f866f8800 JavaThread "Cache worker for file hash cache (/Users/aleksandrgulaev/Documents/programming/geekbrains/geekbrains_android_libraries/hw01 copy/.gradle/5.6.4/fileHashes)" [_thread_blocked, id=40707, stack(0x00007000043a3000,0x00007000044a3000)]
  0x00007f7f84f47000 JavaThread "Cache worker for journal cache (/Users/aleksandrgulaev/.gradle/caches/journal-1)" [_thread_blocked, id=23299, stack(0x00007000042a0000,0x00007000043a0000)]
  0x00007f7f84f3d000 JavaThread "File lock request listener" [_thread_in_native, id=41219, stack(0x000070000419d000,0x000070000429d000)]
  0x00007f7f865e0000 JavaThread "Cache worker for file hash cache (/Users/aleksandrgulaev/.gradle/caches/5.6.4/fileHashes)" [_thread_blocked, id=41475, stack(0x000070000409a000,0x000070000419a000)]
  0x00007f7f85e9c800 JavaThread "Thread-9" [_thread_blocked, id=41987, stack(0x0000700003f97000,0x0000700004097000)]
  0x00007f7f85ea1000 JavaThread "Stdin handler" [_thread_blocked, id=22531, stack(0x0000700003e94000,0x0000700003f94000)]
  0x00007f7f85ea0000 JavaThread "Asynchronous log dispatcher for DefaultDaemonConnection: socket connection from /127.0.0.1:62185 to /127.0.0.1:62186" [_thread_blocked, id=42243, stack(0x0000700003d91000,0x0000700003e91000)]
  0x00007f7f85208000 JavaThread "Daemon worker" [_thread_blocked, id=42755, stack(0x0000700003c8e000,0x0000700003d8e000)]
  0x00007f7f85e9f800 JavaThread "Cancel handler" [_thread_blocked, id=43267, stack(0x0000700003b8b000,0x0000700003c8b000)]
  0x00007f7f865ce800 JavaThread "Handler for socket connection from /127.0.0.1:62185 to /127.0.0.1:62186" [_thread_in_native, id=21763, stack(0x0000700003a88000,0x0000700003b88000)]
  0x00007f7f84f1f800 JavaThread "Daemon" [_thread_blocked, id=16131, stack(0x0000700003985000,0x0000700003a85000)]
  0x00007f7f85e8b800 JavaThread "Daemon periodic checks" [_thread_blocked, id=16643, stack(0x0000700003882000,0x0000700003982000)]
  0x00007f7f85e87000 JavaThread "Incoming local TCP Connector on port 62185" [_thread_in_native, id=15619, stack(0x000070000377f000,0x000070000387f000)]
  0x00007f7f84ee3000 JavaThread "Daemon health stats" [_thread_blocked, id=17155, stack(0x000070000367c000,0x000070000377c000)]
  0x00007f7f85030000 JavaThread "Service Thread" daemon [_thread_blocked, id=14595, stack(0x0000700003476000,0x0000700003576000)]
  0x00007f7f8604d000 JavaThread "C1 CompilerThread2" daemon [_thread_blocked, id=17667, stack(0x0000700003373000,0x0000700003473000)]
  0x00007f7f86041800 JavaThread "C2 CompilerThread1" daemon [_thread_blocked, id=18179, stack(0x0000700003270000,0x0000700003370000)]
  0x00007f7f86040800 JavaThread "C2 CompilerThread0" daemon [_thread_in_native, id=14083, stack(0x000070000316d000,0x000070000326d000)]
  0x00007f7f8581e800 JavaThread "Signal Dispatcher" daemon [_thread_blocked, id=13571, stack(0x000070000306a000,0x000070000316a000)]
  0x00007f7f85804800 JavaThread "Finalizer" daemon [_thread_blocked, id=12035, stack(0x0000700002f67000,0x0000700003067000)]
  0x00007f7f86032000 JavaThread "Reference Handler" daemon [_thread_blocked, id=11523, stack(0x0000700002e64000,0x0000700002f64000)]
  0x00007f7f86001800 JavaThread "main" [_thread_blocked, id=5891, stack(0x0000700002852000,0x0000700002952000)]

Other Threads:
  0x00007f7f8502c800 VMThread [stack: 0x0000700002d61000,0x0000700002e61000] [id=11267]
  0x00007f7f85813800 WatcherThread [stack: 0x0000700003579000,0x0000700003679000] [id=14851]

=>0x00007f7f8600d800 (exited) GCTaskThread [stack: 0x0000700002955000,0x0000700002a55000] [id=7431]

VM state:at safepoint (normal execution)

VM Mutex/Monitor currently owned by a thread:  ([mutex/lock_event])
[0x00007f7f84510f70] Threads_lock - owner thread: 0x00007f7f8502c800
[0x00007f7f84511470] Heap_lock - owner thread: 0x00007f7f85208000

heap address: 0x0000000760000000, size: 1536 MB, Compressed Oops mode: Zero based, Oop shift amount: 3
Narrow klass base: 0x0000000000000000, Narrow klass shift: 3
Compressed class space size: 1073741824 Address: 0x00000007c0000000

Heap:
 PSYoungGen      total 163328K, used 148480K [0x00000007a0000000, 0x00000007aea80000, 0x00000007c0000000)
  eden space 148480K, 100% used [0x00000007a0000000,0x00000007a9100000,0x00000007a9100000)
  from space 14848K, 0% used [0x00000007a9f00000,0x00000007a9f00000,0x00000007aad80000)
  to   space 14336K, 58% used [0x00000007a9100000,0x00000007a993b300,0x00000007a9f00000)
 ParOldGen       total 167424K, used 16980K [0x0000000760000000, 0x000000076a380000, 0x00000007a0000000)
  object space 167424K, 10% used [0x0000000760000000,0x0000000761095048,0x000000076a380000)
 Metaspace       used 48259K, capacity 49492K, committed 49664K, reserved 1091584K
  class space    used 6469K, capacity 6792K, committed 6912K, reserved 1048576K

Card table byte_map: [0x00000001224be000,0x00000001227bf000] byte_map_base: 0x000000011e9be000

Marking Bits: (ParMarkBitMap*) 0x0000000112a20ec8
 Begin Bits: [0x00000001229bf000, 0x00000001241bf000)
 End Bits:   [0x00000001241bf000, 0x00000001259bf000)

Polling page: 0x0000000104efa000

CodeCache: size=245760Kb used=13239Kb max_used=13239Kb free=232520Kb
 bounds [0x00000001130fe000, 0x0000000113dfe000, 0x00000001220fe000]
 total_blobs=4748 nmethods=3988 adapters=671
 compilation: enabled

Compilation events (10 events):
Event: 7.581 Thread 0x00007f7f8604d000 4214       1       org.gradle.api.internal.collections.AbstractIterationOrderRetainingElementSource$ValuePointer::getIndex (5 bytes)
Event: 7.581 Thread 0x00007f7f8604d000 nmethod 4214 0x0000000113def610 code [0x0000000113def760, 0x0000000113def870]
Event: 7.593 Thread 0x00007f7f86041800 nmethod 3809% 0x0000000113ded4d0 code [0x0000000113ded640, 0x0000000113dede98]
Event: 7.593 Thread 0x00007f7f86041800 4215   !   4       java.util.concurrent.ConcurrentHashMap::putVal (362 bytes)
Event: 7.598 Thread 0x00007f7f8604d000 4216       3       groovy.lang.MetaClassImpl::getNewMetaMethods (18 bytes)
Event: 7.599 Thread 0x00007f7f8604d000 nmethod 4216 0x0000000113ded010 code [0x0000000113ded180, 0x0000000113ded3e8]
Event: 7.606 Thread 0x00007f7f8604d000 4221       3       java.beans.Introspector::isAssignable (27 bytes)
Event: 7.606 Thread 0x00007f7f8604d000 nmethod 4221 0x0000000113decb10 code [0x0000000113decc80, 0x0000000113decf68]
Event: 7.606 Thread 0x00007f7f8604d000 4222       3       com.google.common.base.Equivalence$Equals::doEquivalent (6 bytes)
Event: 7.606 Thread 0x00007f7f8604d000 nmethod 4222 0x0000000113dec690 code [0x0000000113dec800, 0x0000000113deca28]

GC Heap History (10 events):
Event: 3.536 GC heap after
Heap after GC invocations=4 (full 1):
 PSYoungGen      total 76288K, used 0K [0x00000007a0000000, 0x00000007a9500000, 0x00000007c0000000)
  eden space 65536K, 0% used [0x00000007a0000000,0x00000007a0000000,0x00000007a4000000)
  from space 10752K, 0% used [0x00000007a4000000,0x00000007a4000000,0x00000007a4a80000)
  to   space 10752K, 0% used [0x00000007a8a80000,0x00000007a8a80000,0x00000007a9500000)
 ParOldGen       total 112640K, used 12304K [0x0000000760000000, 0x0000000766e00000, 0x00000007a0000000)
  object space 112640K, 10% used [0x0000000760000000,0x0000000760c041e8,0x0000000766e00000)
 Metaspace       used 20719K, capacity 21172K, committed 21296K, reserved 1067008K
  class space    used 3008K, capacity 3167K, committed 3200K, reserved 1048576K
}
Event: 4.505 GC heap before
{Heap before GC invocations=5 (full 1):
 PSYoungGen      total 76288K, used 65536K [0x00000007a0000000, 0x00000007a9500000, 0x00000007c0000000)
  eden space 65536K, 100% used [0x00000007a0000000,0x00000007a4000000,0x00000007a4000000)
  from space 10752K, 0% used [0x00000007a4000000,0x00000007a4000000,0x00000007a4a80000)
  to   space 10752K, 0% used [0x00000007a8a80000,0x00000007a8a80000,0x00000007a9500000)
 ParOldGen       total 112640K, used 12304K [0x0000000760000000, 0x0000000766e00000, 0x00000007a0000000)
  object space 112640K, 10% used [0x0000000760000000,0x0000000760c041e8,0x0000000766e00000)
 Metaspace       used 28112K, capacity 28668K, committed 28928K, reserved 1075200K
  class space    used 3854K, capacity 4041K, committed 4096K, reserved 1048576K
Event: 4.514 GC heap after
Heap after GC invocations=5 (full 1):
 PSYoungGen      total 104960K, used 6917K [0x00000007a0000000, 0x00000007a9180000, 0x00000007c0000000)
  eden space 97792K, 0% used [0x00000007a0000000,0x00000007a0000000,0x00000007a5f80000)
  from space 7168K, 96% used [0x00000007a8a80000,0x00000007a9141650,0x00000007a9180000)
  to   space 10752K, 0% used [0x00000007a7c80000,0x00000007a7c80000,0x00000007a8700000)
 ParOldGen       total 112640K, used 12312K [0x0000000760000000, 0x0000000766e00000, 0x00000007a0000000)
  object space 112640K, 10% used [0x0000000760000000,0x0000000760c061e8,0x0000000766e00000)
 Metaspace       used 28112K, capacity 28668K, committed 28928K, reserved 1075200K
  class space    used 3854K, capacity 4041K, committed 4096K, reserved 1048576K
}
Event: 5.378 GC heap before
{Heap before GC invocations=6 (full 1):
 PSYoungGen      total 104960K, used 104709K [0x00000007a0000000, 0x00000007a9180000, 0x00000007c0000000)
  eden space 97792K, 100% used [0x00000007a0000000,0x00000007a5f80000,0x00000007a5f80000)
  from space 7168K, 96% used [0x00000007a8a80000,0x00000007a9141650,0x00000007a9180000)
  to   space 10752K, 0% used [0x00000007a7c80000,0x00000007a7c80000,0x00000007a8700000)
 ParOldGen       total 112640K, used 12312K [0x0000000760000000, 0x0000000766e00000, 0x00000007a0000000)
  object space 112640K, 10% used [0x0000000760000000,0x0000000760c061e8,0x0000000766e00000)
 Metaspace       used 33331K, capacity 34056K, committed 34304K, reserved 1079296K
  class space    used 4561K, capacity 4819K, committed 4864K, reserved 1048576K
Event: 5.390 GC heap after
Heap after GC invocations=6 (full 1):
 PSYoungGen      total 138240K, used 10744K [0x00000007a0000000, 0x00000007aad80000, 0x00000007c0000000)
  eden space 127488K, 0% used [0x00000007a0000000,0x00000007a0000000,0x00000007a7c80000)
  from space 10752K, 99% used [0x00000007a7c80000,0x00000007a86fe358,0x00000007a8700000)
  to   space 14848K, 0% used [0x00000007a9f00000,0x00000007a9f00000,0x00000007aad80000)
 ParOldGen       total 112640K, used 12918K [0x0000000760000000, 0x0000000766e00000, 0x00000007a0000000)
  object space 112640K, 11% used [0x0000000760000000,0x0000000760c9d9f8,0x0000000766e00000)
 Metaspace       used 33331K, capacity 34056K, committed 34304K, reserved 1079296K
  class space    used 4561K, capacity 4819K, committed 4864K, reserved 1048576K
}
Event: 5.596 GC heap before
{Heap before GC invocations=7 (full 1):
 PSYoungGen      total 138240K, used 46472K [0x00000007a0000000, 0x00000007aad80000, 0x00000007c0000000)
  eden space 127488K, 28% used [0x00000007a0000000,0x00000007a22e3f90,0x00000007a7c80000)
  from space 10752K, 99% used [0x00000007a7c80000,0x00000007a86fe358,0x00000007a8700000)
  to   space 14848K, 0% used [0x00000007a9f00000,0x00000007a9f00000,0x00000007aad80000)
 ParOldGen       total 112640K, used 12918K [0x0000000760000000, 0x0000000766e00000, 0x00000007a0000000)
  object space 112640K, 11% used [0x0000000760000000,0x0000000760c9d9f8,0x0000000766e00000)
 Metaspace       used 34560K, capacity 35344K, committed 35496K, reserved 1079296K
  class space    used 4771K, capacity 5029K, committed 5120K, reserved 1048576K
Event: 5.606 GC heap after
Heap after GC invocations=7 (full 1):
 PSYoungGen      total 163328K, used 9680K [0x00000007a0000000, 0x00000007aea80000, 0x00000007c0000000)
  eden space 148480K, 0% used [0x00000007a0000000,0x00000007a0000000,0x00000007a9100000)
  from space 14848K, 65% used [0x00000007a9f00000,0x00000007aa8743b0,0x00000007aad80000)
  to   space 14336K, 0% used [0x00000007a9100000,0x00000007a9100000,0x00000007a9f00000)
 ParOldGen       total 112640K, used 12918K [0x0000000760000000, 0x0000000766e00000, 0x00000007a0000000)
  object space 112640K, 11% used [0x0000000760000000,0x0000000760c9d9f8,0x0000000766e00000)
 Metaspace       used 34560K, capacity 35344K, committed 35496K, reserved 1079296K
  class space    used 4771K, capacity 5029K, committed 5120K, reserved 1048576K
}
Event: 5.606 GC heap before
{Heap before GC invocations=8 (full 2):
 PSYoungGen      total 163328K, used 9680K [0x00000007a0000000, 0x00000007aea80000, 0x00000007c0000000)
  eden space 148480K, 0% used [0x00000007a0000000,0x00000007a0000000,0x00000007a9100000)
  from space 14848K, 65% used [0x00000007a9f00000,0x00000007aa8743b0,0x00000007aad80000)
  to   space 14336K, 0% used [0x00000007a9100000,0x00000007a9100000,0x00000007a9f00000)
 ParOldGen       total 112640K, used 12918K [0x0000000760000000, 0x0000000766e00000, 0x00000007a0000000)
  object space 112640K, 11% used [0x0000000760000000,0x0000000760c9d9f8,0x0000000766e00000)
 Metaspace       used 34560K, capacity 35344K, committed 35496K, reserved 1079296K
  class space    used 4771K, capacity 5029K, committed 5120K, reserved 1048576K
Event: 5.670 GC heap after
Heap after GC invocations=8 (full 2):
 PSYoungGen      total 163328K, used 0K [0x00000007a0000000, 0x00000007aea80000, 0x00000007c0000000)
  eden space 148480K, 0% used [0x00000007a0000000,0x00000007a0000000,0x00000007a9100000)
  from space 14848K, 0% used [0x00000007a9f00000,0x00000007a9f00000,0x00000007aad80000)
  to   space 14336K, 0% used [0x00000007a9100000,0x00000007a9100000,0x00000007a9f00000)
 ParOldGen       total 167424K, used 16908K [0x0000000760000000, 0x000000076a380000, 0x00000007a0000000)
  object space 167424K, 10% used [0x0000000760000000,0x0000000761083038,0x000000076a380000)
 Metaspace       used 34560K, capacity 35344K, committed 35496K, reserved 1079296K
  class space    used 4771K, capacity 5029K, committed 5120K, reserved 1048576K
}
Event: 7.607 GC heap before
{Heap before GC invocations=9 (full 2):
 PSYoungGen      total 163328K, used 148480K [0x00000007a0000000, 0x00000007aea80000, 0x00000007c0000000)
  eden space 148480K, 100% used [0x00000007a0000000,0x00000007a9100000,0x00000007a9100000)
  from space 14848K, 0% used [0x00000007a9f00000,0x00000007a9f00000,0x00000007aad80000)
  to   space 14336K, 0% used [0x00000007a9100000,0x00000007a9100000,0x00000007a9f00000)
 ParOldGen       total 167424K, used 16908K [0x0000000760000000, 0x000000076a380000, 0x00000007a0000000)
  object space 167424K, 10% used [0x0000000760000000,0x0000000761083038,0x000000076a380000)
 Metaspace       used 48259K, capacity 49492K, committed 49664K, reserved 1091584K
  class space    used 6469K, capacity 6792K, committed 6912K, reserved 1048576K

Deoptimization events (10 events):
Event: 6.796 Thread 0x00007f7f85208000 Uncommon trap: reason=unstable_if action=reinterpret pc=0x00000001138a5a90 method=java.security.CodeSource.getCertificates()[Ljava/security/cert/Certificate; @ 22
Event: 6.797 Thread 0x00007f7f85208000 Uncommon trap: reason=unstable_if action=reinterpret pc=0x0000000113944a78 method=java.util.jar.JarFile.maybeInstantiateVerifier()V @ 4
Event: 6.797 Thread 0x00007f7f85208000 Uncommon trap: reason=unstable_if action=reinterpret pc=0x0000000113557db0 method=java.util.jar.JarFile.maybeInstantiateVerifier()V @ 4
Event: 6.797 Thread 0x00007f7f85208000 Uncommon trap: reason=unstable_if action=reinterpret pc=0x000000011333910c method=java.lang.ClassLoader.compareCerts([Ljava/security/cert/Certificate;[Ljava/security/cert/Certificate;)Z @ 1
Event: 6.899 Thread 0x00007f7f85208000 Uncommon trap: reason=unstable_if action=reinterpret pc=0x0000000113a862b4 method=org.objectweb.asm.ByteVector.putUTF8(Ljava/lang/String;)Lorg/objectweb/asm/ByteVector; @ 93
Event: 7.002 Thread 0x00007f7f85208000 Uncommon trap: reason=unstable_if action=reinterpret pc=0x000000011385cb84 method=org.objectweb.asm.ByteVector.putUTF8(Ljava/lang/String;)Lorg/objectweb/asm/ByteVector; @ 93
Event: 7.548 Thread 0x00007f7f85208000 Uncommon trap: reason=speculate_class_check action=maybe_recompile pc=0x0000000113b76d68 method=com.google.common.collect.AbstractIndexedListIterator.next()Ljava/lang/Object; @ 27
Event: 7.548 Thread 0x00007f7f85208000 Uncommon trap: reason=speculate_class_check action=maybe_recompile pc=0x0000000113b76d68 method=com.google.common.collect.AbstractIndexedListIterator.next()Ljava/lang/Object; @ 27
Event: 7.548 Thread 0x00007f7f85208000 Uncommon trap: reason=speculate_class_check action=maybe_recompile pc=0x0000000113b76d68 method=com.google.common.collect.AbstractIndexedListIterator.next()Ljava/lang/Object; @ 27
Event: 7.548 Thread 0x00007f7f85208000 Uncommon trap: reason=speculate_class_check action=maybe_recompile pc=0x0000000113b76d68 method=com.google.common.collect.AbstractIndexedListIterator.next()Ljava/lang/Object; @ 27

Classes redefined (0 events):
No events

Internal exceptions (10 events):
Event: 7.598 Thread 0x00007f7f85208000 Exception <a 'java/lang/ClassNotFoundException': com/android/build/gradle/internal/dsl/BaseAppModuleExtension_DecoratedBeanInfo> (0x00000007a8eaa940) thrown at [/Volumes/Android/buildbot/src/googleplex-android/openjdk/out/hotspot/src/share/vm/classfile/sy
Event: 7.598 Thread 0x00007f7f85208000 Exception <a 'java/lang/ClassNotFoundException': com/android/build/gradle/internal/dsl/BaseAppModuleExtensionBeanInfo> (0x00000007a8ec6d78) thrown at [/Volumes/Android/buildbot/src/googleplex-android/openjdk/out/hotspot/src/share/vm/classfile/systemDictio
Event: 7.598 Thread 0x00007f7f85208000 Exception <a 'java/lang/ClassNotFoundException': com/android/build/gradle/AppExtensionBeanInfo> (0x00000007a8edd2a0) thrown at [/Volumes/Android/buildbot/src/googleplex-android/openjdk/out/hotspot/src/share/vm/classfile/systemDictionary.cpp, line 210]
Event: 7.599 Thread 0x00007f7f85208000 Exception <a 'java/lang/ClassNotFoundException': com/android/build/gradle/TestedExtensionBeanInfo> (0x00000007a8ef42b0) thrown at [/Volumes/Android/buildbot/src/googleplex-android/openjdk/out/hotspot/src/share/vm/classfile/systemDictionary.cpp, line 210]
Event: 7.599 Thread 0x00007f7f85208000 Exception <a 'java/lang/ClassNotFoundException': com/android/build/gradle/BaseExtensionBeanInfo> (0x00000007a8f0a768) thrown at [/Volumes/Android/buildbot/src/googleplex-android/openjdk/out/hotspot/src/share/vm/classfile/systemDictionary.cpp, line 210]
Event: 7.599 Thread 0x00007f7f85208000 Exception <a 'java/lang/ClassNotFoundException': com/android/build/gradle/BaseExtensionCustomizer> (0x00000007a8f216b8) thrown at [/Volumes/Android/buildbot/src/googleplex-android/openjdk/out/hotspot/src/share/vm/classfile/systemDictionary.cpp, line 210]
Event: 7.603 Thread 0x00007f7f85208000 Exception <a 'java/lang/ClassNotFoundException': com/android/build/gradle/TestedExtensionCustomizer> (0x00000007a8fb61a8) thrown at [/Volumes/Android/buildbot/src/googleplex-android/openjdk/out/hotspot/src/share/vm/classfile/systemDictionary.cpp, line 210
Event: 7.604 Thread 0x00007f7f85208000 Exception <a 'java/lang/ClassNotFoundException': com/android/build/gradle/AppExtensionCustomizer> (0x00000007a8fe9020) thrown at [/Volumes/Android/buildbot/src/googleplex-android/openjdk/out/hotspot/src/share/vm/classfile/systemDictionary.cpp, line 210]
Event: 7.604 Thread 0x00007f7f85208000 Exception <a 'java/lang/ClassNotFoundException': com/android/build/gradle/internal/dsl/BaseAppModuleExtensionCustomizer> (0x00000007a901de98) thrown at [/Volumes/Android/buildbot/src/googleplex-android/openjdk/out/hotspot/src/share/vm/classfile/systemDict
Event: 7.605 Thread 0x00007f7f85208000 Exception <a 'java/lang/ClassNotFoundException': com/android/build/gradle/internal/dsl/BaseAppModuleExtension_DecoratedCustomizer> (0x00000007a905af60) thrown at [/Volumes/Android/buildbot/src/googleplex-android/openjdk/out/hotspot/src/share/vm/classfile/

Events (10 events):
Event: 7.603 loading class com/android/build/gradle/AppExtensionCustomizer done
Event: 7.604 loading class com/android/build/gradle/internal/dsl/BaseAppModuleExtensionCustomizer
Event: 7.604 loading class com/android/build/gradle/internal/dsl/BaseAppModuleExtensionCustomizer done
Event: 7.604 loading class com/android/build/gradle/internal/dsl/BaseAppModuleExtensionCustomizer
Event: 7.604 loading class com/android/build/gradle/internal/dsl/BaseAppModuleExtensionCustomizer done
Event: 7.605 loading class com/android/build/gradle/internal/dsl/BaseAppModuleExtension_DecoratedCustomizer
Event: 7.605 loading class com/android/build/gradle/internal/dsl/BaseAppModuleExtension_DecoratedCustomizer done
Event: 7.605 loading class com/android/build/gradle/internal/dsl/BaseAppModuleExtension_DecoratedCustomizer
Event: 7.605 loading class com/android/build/gradle/internal/dsl/BaseAppModuleExtension_DecoratedCustomizer done
Event: 7.607 Executing VM operation: ParallelGCFailedAllocation


Dynamic libraries:
0x00000001049c2000 	/System/Library/Frameworks/Cocoa.framework/Versions/A/Cocoa
0x00000001049cb000 	/System/Library/Frameworks/Security.framework/Versions/A/Security
0x0000000104ed5000 	/System/Library/Frameworks/ApplicationServices.framework/Versions/A/ApplicationServices
0x0000000104ee0000 	/usr/lib/libz.1.dylib
0x0000000104efb000 	/usr/lib/libSystem.B.dylib
0x0000000104f09000 	/System/Library/Frameworks/CoreFoundation.framework/Versions/A/CoreFoundation
0x000000010565e000 	/System/Library/Frameworks/Foundation.framework/Versions/C/Foundation
0x0000000105d36000 	/usr/lib/libobjc.A.dylib
0x00000001062da000 	/System/Library/Frameworks/AppKit.framework/Versions/C/AppKit
0x0000000107f81000 	/System/Library/Frameworks/CoreData.framework/Versions/A/CoreData
0x0000000107b98000 	/System/Library/PrivateFrameworks/RemoteViewServices.framework/Versions/A/RemoteViewServices
0x0000000107be3000 	/System/Library/PrivateFrameworks/UIFoundation.framework/Versions/A/UIFoundation
0x0000000107e74000 	/System/Library/PrivateFrameworks/DFRFoundation.framework/Versions/A/DFRFoundation
0x0000000108495000 	/System/Library/Frameworks/Metal.framework/Versions/A/Metal
0x000000010860c000 	/System/Library/PrivateFrameworks/DesktopServicesPriv.framework/Versions/A/DesktopServicesPriv
0x00000001049bd000 	/usr/lib/libenergytrace.dylib
0x00000001087e0000 	/System/Library/PrivateFrameworks/SkyLight.framework/Versions/A/SkyLight
0x0000000108b5e000 	/System/Library/Frameworks/CoreGraphics.framework/Versions/A/CoreGraphics
0x0000000107e96000 	/usr/lib/libScreenReader.dylib
0x00000001049c6000 	/System/Library/Frameworks/Accelerate.framework/Versions/A/Accelerate
0x0000000107ea2000 	/System/Library/Frameworks/IOSurface.framework/Versions/A/IOSurface
0x00000001092aa000 	/System/Library/Frameworks/AudioToolbox.framework/Versions/A/AudioToolbox
0x0000000107eb8000 	/System/Library/Frameworks/AudioUnit.framework/Versions/A/AudioUnit
0x0000000109677000 	/System/Library/PrivateFrameworks/DataDetectorsCore.framework/Versions/A/DataDetectorsCore
0x0000000109730000 	/System/Library/Frameworks/Carbon.framework/Versions/A/Frameworks/HIToolbox.framework/Versions/A/HIToolbox
0x0000000109bc2000 	/usr/lib/libicucore.A.dylib
0x0000000109ebb000 	/System/Library/Frameworks/QuartzCore.framework/Versions/A/QuartzCore
0x0000000107ec3000 	/System/Library/PrivateFrameworks/SignpostNotification.framework/Versions/A/SignpostNotification
0x0000000107ecb000 	/System/Library/Frameworks/Carbon.framework/Versions/A/Frameworks/SpeechRecognition.framework/Versions/A/SpeechRecognition
0x0000000104ecf000 	/usr/lib/libauto.dylib
0x000000010a1f8000 	/usr/lib/libxml2.2.dylib
0x000000010a318000 	/System/Library/PrivateFrameworks/CoreUI.framework/Versions/A/CoreUI
0x000000010a622000 	/System/Library/Frameworks/CoreAudio.framework/Versions/A/CoreAudio
0x000000010a6e3000 	/System/Library/Frameworks/DiskArbitration.framework/Versions/A/DiskArbitration
0x0000000104ed9000 	/usr/lib/liblangid.dylib
0x000000010a6f3000 	/System/Library/PrivateFrameworks/MultitouchSupport.framework/Versions/A/MultitouchSupport
0x000000010a732000 	/System/Library/Frameworks/IOKit.framework/Versions/A/IOKit
0x0000000107edb000 	/usr/lib/libDiagnosticMessagesClient.dylib
0x0000000104f03000 	/System/Library/Frameworks/CoreServices.framework/Versions/A/CoreServices
0x000000010a816000 	/System/Library/PrivateFrameworks/PerformanceAnalysis.framework/Versions/A/PerformanceAnalysis
0x000000010a843000 	/System/Library/Frameworks/OpenGL.framework/Versions/A/OpenGL
0x000000010a85d000 	/System/Library/Frameworks/ColorSync.framework/Versions/A/ColorSync
0x000000010a963000 	/System/Library/Frameworks/CoreImage.framework/Versions/A/CoreImage
0x000000010adf3000 	/System/Library/Frameworks/CoreText.framework/Versions/A/CoreText
0x000000010b00d000 	/System/Library/Frameworks/ImageIO.framework/Versions/A/ImageIO
0x000000010b240000 	/System/Library/PrivateFrameworks/Backup.framework/Versions/A/Backup
0x000000010b338000 	/usr/lib/libarchive.2.dylib
0x000000010b36d000 	/System/Library/Frameworks/CFNetwork.framework/Versions/A/CFNetwork
0x000000010ba38000 	/System/Library/Frameworks/SystemConfiguration.framework/Versions/A/SystemConfiguration
0x000000010bae0000 	/usr/lib/libCRFSuite.dylib
0x000000010bb33000 	/usr/lib/libc++.1.dylib
0x000000010bbea000 	/usr/lib/libc++abi.dylib
0x000000010bc1e000 	/usr/lib/system/libcache.dylib
0x000000010bc28000 	/usr/lib/system/libcommonCrypto.dylib
0x000000010bc40000 	/usr/lib/system/libcompiler_rt.dylib
0x000000010bc55000 	/usr/lib/system/libcopyfile.dylib
0x000000010bc65000 	/usr/lib/system/libcorecrypto.dylib
0x000000010bd07000 	/usr/lib/system/libdispatch.dylib
0x000000010bd7b000 	/usr/lib/system/libdyld.dylib
0x0000000105658000 	/usr/lib/system/libkeymgr.dylib
0x000000010bdb3000 	/usr/lib/system/liblaunch.dylib
0x000000010bdba000 	/usr/lib/system/libmacho.dylib
0x000000010bdc5000 	/usr/lib/system/libquarantine.dylib
0x000000010bdcd000 	/usr/lib/system/libremovefile.dylib
0x000000010bdd4000 	/usr/lib/system/libsystem_asl.dylib
0x000000010bdf9000 	/usr/lib/system/libsystem_blocks.dylib
0x000000010bdfe000 	/usr/lib/system/libsystem_c.dylib
0x000000010beb0000 	/usr/lib/system/libsystem_configuration.dylib
0x000000010beba000 	/usr/lib/system/libsystem_coreservices.dylib
0x000000010bec3000 	/usr/lib/system/libsystem_darwin.dylib
0x000000010beca000 	/usr/lib/system/libsystem_dnssd.dylib
0x000000010bed7000 	/usr/lib/system/libsystem_info.dylib
0x000000010bf38000 	/usr/lib/system/libsystem_m.dylib
0x000000010bf92000 	/usr/lib/system/libsystem_malloc.dylib
0x000000010bfbe000 	/usr/lib/system/libsystem_network.dylib
0x000000010c12f000 	/usr/lib/system/libsystem_networkextension.dylib
0x000000010c146000 	/usr/lib/system/libsystem_notify.dylib
0x000000010c157000 	/usr/lib/system/libsystem_sandbox.dylib
0x000000010c161000 	/usr/lib/system/libsystem_secinit.dylib
0x000000010c168000 	/usr/lib/system/libsystem_kernel.dylib
0x000000010c1a8000 	/usr/lib/system/libsystem_platform.dylib
0x000000010c1b8000 	/usr/lib/system/libsystem_pthread.dylib
0x000000010c1d0000 	/usr/lib/system/libsystem_symptoms.dylib
0x000000010c1de000 	/usr/lib/system/libsystem_trace.dylib
0x000000010c201000 	/usr/lib/system/libunwind.dylib
0x000000010c20e000 	/usr/lib/system/libxpc.dylib
0x000000010c25e000 	/usr/lib/closure/libclosured.dylib
0x000000010c2ad000 	/usr/lib/libbsm.0.dylib
0x000000010c2c7000 	/usr/lib/system/libkxld.dylib
0x000000010c2d9000 	/usr/lib/libOpenScriptingUtil.dylib
0x000000010c2de000 	/usr/lib/libcoretls.dylib
0x000000010c302000 	/usr/lib/libcoretls_cfhelpers.dylib
0x000000010c309000 	/usr/lib/libpam.2.dylib
0x000000010c313000 	/usr/lib/libsqlite3.dylib
0x000000010c4c8000 	/usr/lib/libxar.1.dylib
0x000000010c4df000 	/usr/lib/libbz2.1.0.dylib
0x000000010c4f2000 	/usr/lib/liblzma.5.dylib
0x000000010c514000 	/usr/lib/libnetwork.dylib
0x000000010c6e9000 	/usr/lib/libapple_nghttp2.dylib
0x000000010c70c000 	/usr/lib/libpcap.A.dylib
0x000000010c755000 	/usr/lib/libboringssl.dylib
0x000000010c888000 	/usr/lib/libusrtcp.dylib
0x0000000105d32000 	/usr/lib/libapple_crypto.dylib
0x000000010c8f6000 	/System/Library/Frameworks/CoreServices.framework/Versions/A/Frameworks/FSEvents.framework/Versions/A/FSEvents
0x000000010c906000 	/System/Library/Frameworks/CoreServices.framework/Versions/A/Frameworks/CarbonCore.framework/Versions/A/CarbonCore
0x000000010cc54000 	/System/Library/Frameworks/CoreServices.framework/Versions/A/Frameworks/Metadata.framework/Versions/A/Metadata
0x000000010cd83000 	/System/Library/Frameworks/CoreServices.framework/Versions/A/Frameworks/OSServices.framework/Versions/A/OSServices
0x000000010ce2f000 	/System/Library/Frameworks/CoreServices.framework/Versions/A/Frameworks/SearchKit.framework/Versions/A/SearchKit
0x000000010cee1000 	/System/Library/Frameworks/CoreServices.framework/Versions/A/Frameworks/AE.framework/Versions/A/AE
0x000000010cf87000 	/System/Library/Frameworks/CoreServices.framework/Versions/A/Frameworks/LaunchServices.framework/Versions/A/LaunchServices
0x000000010d257000 	/System/Library/Frameworks/CoreServices.framework/Versions/A/Frameworks/DictionaryServices.framework/Versions/A/DictionaryServices
0x000000010d2b7000 	/System/Library/Frameworks/CoreServices.framework/Versions/A/Frameworks/SharedFileList.framework/Versions/A/SharedFileList
0x000000010d2ff000 	/System/Library/Frameworks/NetFS.framework/Versions/A/NetFS
0x000000010d315000 	/System/Library/PrivateFrameworks/NetAuth.framework/Versions/A/NetAuth
0x000000010d32d000 	/System/Library/PrivateFrameworks/login.framework/Versions/A/Frameworks/loginsupport.framework/Versions/A/loginsupport
0x000000010d335000 	/System/Library/PrivateFrameworks/TCC.framework/Versions/A/TCC
0x000000010d348000 	/usr/lib/libmecabra.dylib
0x000000010d5ce000 	/System/Library/Frameworks/ApplicationServices.framework/Versions/A/Frameworks/ATS.framework/Versions/A/ATS
0x000000010d660000 	/System/Library/Frameworks/ApplicationServices.framework/Versions/A/Frameworks/ColorSyncLegacy.framework/Versions/A/ColorSyncLegacy
0x000000010d66d000 	/System/Library/Frameworks/ApplicationServices.framework/Versions/A/Frameworks/HIServices.framework/Versions/A/HIServices
0x000000010d6f9000 	/System/Library/Frameworks/ApplicationServices.framework/Versions/A/Frameworks/LangAnalysis.framework/Versions/A/LangAnalysis
0x000000010d716000 	/System/Library/Frameworks/ApplicationServices.framework/Versions/A/Frameworks/PrintCore.framework/Versions/A/PrintCore
0x000000010d791000 	/System/Library/Frameworks/ApplicationServices.framework/Versions/A/Frameworks/QD.framework/Versions/A/QD
0x000000010d7f7000 	/System/Library/Frameworks/ApplicationServices.framework/Versions/A/Frameworks/SpeechSynthesis.framework/Versions/A/SpeechSynthesis
0x000000010d818000 	/System/Library/Frameworks/CoreDisplay.framework/Versions/A/CoreDisplay
0x000000010d928000 	/System/Library/Frameworks/Accelerate.framework/Versions/A/Frameworks/vImage.framework/Versions/A/vImage
0x000000010e0eb000 	/System/Library/Frameworks/Accelerate.framework/Versions/A/Frameworks/vecLib.framework/Versions/A/vecLib
0x000000010e0ef000 	/System/Library/Frameworks/Accelerate.framework/Versions/A/Frameworks/vecLib.framework/Versions/A/libvDSP.dylib
0x000000010e271000 	/System/Library/Frameworks/Accelerate.framework/Versions/A/Frameworks/vecLib.framework/Versions/A/libBNNS.dylib
0x000000010e2b5000 	/System/Library/Frameworks/Accelerate.framework/Versions/A/Frameworks/vecLib.framework/Versions/A/libQuadrature.dylib
0x000000010e2bf000 	/System/Library/Frameworks/Accelerate.framework/Versions/A/Frameworks/vecLib.framework/Versions/A/libvMisc.dylib
0x000000010e382000 	/System/Library/Frameworks/Accelerate.framework/Versions/A/Frameworks/vecLib.framework/Versions/A/libLAPACK.dylib
0x000000010e7bc000 	/System/Library/Frameworks/Accelerate.framework/Versions/A/Frameworks/vecLib.framework/Versions/A/libBLAS.dylib
0x000000010e981000 	/System/Library/Frameworks/Accelerate.framework/Versions/A/Frameworks/vecLib.framework/Versions/A/libLinearAlgebra.dylib
0x000000010e9a1000 	/System/Library/Frameworks/Accelerate.framework/Versions/A/Frameworks/vecLib.framework/Versions/A/libSparse.dylib
0x000000010ea3b000 	/System/Library/Frameworks/Accelerate.framework/Versions/A/Frameworks/vecLib.framework/Versions/A/libSparseBLAS.dylib
0x000000010ea55000 	/System/Library/PrivateFrameworks/GPUWrangler.framework/Versions/A/GPUWrangler
0x000000010ea61000 	/System/Library/PrivateFrameworks/IOAccelerator.framework/Versions/A/IOAccelerator
0x000000010ea73000 	/System/Library/PrivateFrameworks/IOPresentment.framework/Versions/A/IOPresentment
0x000000010eaa5000 	/System/Library/PrivateFrameworks/DSExternalDisplay.framework/Versions/A/DSExternalDisplay
0x000000010eab0000 	/System/Library/Frameworks/OpenGL.framework/Versions/A/Libraries/libCoreFSCache.dylib
0x000000010eabb000 	/System/Library/Frameworks/CoreVideo.framework/Versions/A/CoreVideo
0x000000010eb1e000 	/System/Library/PrivateFrameworks/GraphVisualizer.framework/Versions/A/GraphVisualizer
0x000000010eb38000 	/System/Library/Frameworks/MetalPerformanceShaders.framework/Versions/A/MetalPerformanceShaders
0x000000010eb3d000 	/usr/lib/libFosl_dynamic.dylib
0x000000010ed3f000 	/System/Library/PrivateFrameworks/FaceCore.framework/Versions/A/FaceCore
0x000000010f38b000 	/System/Library/Frameworks/OpenCL.framework/Versions/A/OpenCL
0x000000010f3ff000 	/usr/lib/libcompression.dylib
0x000000010f41e000 	/System/Library/Frameworks/ApplicationServices.framework/Versions/A/Frameworks/ATS.framework/Versions/A/Resources/libFontParser.dylib
0x000000010f5c3000 	/System/Library/Frameworks/ApplicationServices.framework/Versions/A/Frameworks/ATS.framework/Versions/A/Resources/libFontRegistry.dylib
0x000000010f642000 	/System/Library/Frameworks/ImageIO.framework/Versions/A/Resources/libJPEG.dylib
0x000000010f66e000 	/System/Library/Frameworks/ImageIO.framework/Versions/A/Resources/libTIFF.dylib
0x000000010f6cc000 	/System/Library/Frameworks/ImageIO.framework/Versions/A/Resources/libPng.dylib
0x000000010f6fe000 	/System/Library/Frameworks/ImageIO.framework/Versions/A/Resources/libGIF.dylib
0x000000010f708000 	/System/Library/Frameworks/ImageIO.framework/Versions/A/Resources/libJP2.dylib
0x000000010f819000 	/System/Library/Frameworks/ImageIO.framework/Versions/A/Resources/libRadiance.dylib
0x000000010f820000 	/System/Library/PrivateFrameworks/AppleJPEG.framework/Versions/A/AppleJPEG
0x000000010f875000 	/System/Library/Frameworks/MetalPerformanceShaders.framework/Frameworks/MPSCore.framework/Versions/A/MPSCore
0x000000010f8a2000 	/System/Library/Frameworks/MetalPerformanceShaders.framework/Frameworks/MPSImage.framework/Versions/A/MPSImage
0x000000010f941000 	/System/Library/Frameworks/MetalPerformanceShaders.framework/Frameworks/MPSNeuralNetwork.framework/Versions/A/MPSNeuralNetwork
0x000000010fa8e000 	/System/Library/Frameworks/MetalPerformanceShaders.framework/Frameworks/MPSMatrix.framework/Versions/A/MPSMatrix
0x000000010fac2000 	/System/Library/PrivateFrameworks/MetalTools.framework/Versions/A/MetalTools
0x000000010fbae000 	/System/Library/Frameworks/OpenGL.framework/Versions/A/Libraries/libGLU.dylib
0x000000010fbfc000 	/System/Library/Frameworks/OpenGL.framework/Versions/A/Libraries/libGFXShared.dylib
0x000000010fc0d000 	/System/Library/Frameworks/OpenGL.framework/Versions/A/Libraries/libGL.dylib
0x000000010fc2d000 	/System/Library/Frameworks/OpenGL.framework/Versions/A/Libraries/libGLImage.dylib
0x000000010fc71000 	/System/Library/Frameworks/OpenGL.framework/Versions/A/Libraries/libCVMSPluginSupport.dylib
0x000000010fc79000 	/System/Library/Frameworks/OpenGL.framework/Versions/A/Libraries/libCoreVMClient.dylib
0x000000010fc85000 	/usr/lib/libcups.2.dylib
0x000000010fcf4000 	/System/Library/Frameworks/Kerberos.framework/Versions/A/Kerberos
0x000000010fd27000 	/System/Library/Frameworks/GSS.framework/Versions/A/GSS
0x000000010fd79000 	/usr/lib/libresolv.9.dylib
0x000000010fda1000 	/usr/lib/libiconv.2.dylib
0x000000010fea3000 	/System/Library/PrivateFrameworks/Heimdal.framework/Versions/A/Heimdal
0x000000010ff49000 	/usr/lib/libheimdal-asn1.dylib
0x000000010ff55000 	/System/Library/Frameworks/OpenDirectory.framework/Versions/A/OpenDirectory
0x000000010ff75000 	/System/Library/PrivateFrameworks/CommonAuth.framework/Versions/A/CommonAuth
0x000000010ff86000 	/System/Library/Frameworks/OpenDirectory.framework/Versions/A/Frameworks/CFOpenDirectory.framework/Versions/A/CFOpenDirectory
0x000000010ffc4000 	/System/Library/Frameworks/SecurityFoundation.framework/Versions/A/SecurityFoundation
0x00000001100bf000 	/System/Library/PrivateFrameworks/APFS.framework/Versions/A/APFS
0x000000011016a000 	/usr/lib/libutil.dylib
0x0000000110174000 	/System/Library/PrivateFrameworks/AppleSauce.framework/Versions/A/AppleSauce
0x00000001101a7000 	/System/Library/PrivateFrameworks/LinguisticData.framework/Versions/A/LinguisticData
0x00000001101b6000 	/usr/lib/libmarisa.dylib
0x00000001101da000 	/System/Library/PrivateFrameworks/Lexicon.framework/Versions/A/Lexicon
0x000000011022c000 	/usr/lib/libChineseTokenizer.dylib
0x0000000110246000 	/usr/lib/libcmph.dylib
0x000000011025f000 	/System/Library/PrivateFrameworks/LanguageModeling.framework/Versions/A/LanguageModeling
0x000000011037a000 	/System/Library/PrivateFrameworks/CoreEmoji.framework/Versions/A/CoreEmoji
0x0000000110394000 	/System/Library/Frameworks/ServiceManagement.framework/Versions/A/ServiceManagement
0x00000001103a0000 	/System/Library/PrivateFrameworks/BackgroundTaskManagement.framework/Versions/A/BackgroundTaskManagement
0x00000001103b3000 	/usr/lib/libxslt.1.dylib
0x00000001103e9000 	/System/Library/Frameworks/Carbon.framework/Versions/A/Frameworks/Ink.framework/Versions/A/Ink
0x00000001104b2000 	/System/Library/PrivateFrameworks/TextureIO.framework/Versions/A/TextureIO
0x000000011058f000 	/usr/lib/libate.dylib
0x00000001106a0000 	/System/Library/PrivateFrameworks/CrashReporterSupport.framework/Versions/A/CrashReporterSupport
0x00000001106c2000 	/System/Library/PrivateFrameworks/Sharing.framework/Versions/A/Sharing
0x00000001108ca000 	/System/Library/PrivateFrameworks/IconServices.framework/Versions/A/IconServices
0x0000000110912000 	/System/Library/PrivateFrameworks/AuthKit.framework/Versions/A/AuthKit
0x0000000110bf7000 	/System/Library/PrivateFrameworks/Apple80211.framework/Versions/A/Apple80211
0x0000000110c2e000 	/System/Library/PrivateFrameworks/CoreUtils.framework/Versions/A/CoreUtils
0x0000000110e17000 	/System/Library/Frameworks/CoreWLAN.framework/Versions/A/CoreWLAN
0x0000000110f00000 	/System/Library/Frameworks/IOBluetooth.framework/Versions/A/IOBluetooth
0x0000000111090000 	/System/Library/PrivateFrameworks/ProtocolBuffer.framework/Versions/A/ProtocolBuffer
0x00000001110cb000 	/System/Library/PrivateFrameworks/MobileKeyBag.framework/Versions/A/MobileKeyBag
0x00000001110fb000 	/System/Library/PrivateFrameworks/CorePhoneNumbers.framework/Versions/A/CorePhoneNumbers
0x000000011110c000 	/System/Library/PrivateFrameworks/AppleIDAuthSupport.framework/Versions/A/AppleIDAuthSupport
0x0000000111124000 	/System/Library/PrivateFrameworks/KeychainCircle.framework/Versions/A/KeychainCircle
0x000000011114f000 	/System/Library/PrivateFrameworks/CoreWiFi.framework/Versions/A/CoreWiFi
0x0000000111215000 	/System/Library/Frameworks/CoreBluetooth.framework/Versions/A/CoreBluetooth
0x000000011125d000 	/System/Library/PrivateFrameworks/DebugSymbols.framework/Versions/A/DebugSymbols
0x00000001112bd000 	/System/Library/PrivateFrameworks/CoreSymbolication.framework/Versions/A/CoreSymbolication
0x00000001113a3000 	/System/Library/PrivateFrameworks/Symbolication.framework/Versions/A/Symbolication
0x0000000111486000 	/System/Library/PrivateFrameworks/AppleFSCompression.framework/Versions/A/AppleFSCompression
0x000000011149f000 	/System/Library/PrivateFrameworks/SpeechRecognitionCore.framework/Versions/A/SpeechRecognitionCore
0x0000000112200000 	/Applications/Android Studio.app/Contents/jre/jdk/Contents/Home/jre/lib/server/libjvm.dylib
0x00000001118dc000 	/usr/lib/libstdc++.6.dylib
0x0000000111993000 	/Applications/Android Studio.app/Contents/jre/jdk/Contents/Home/jre/lib/libverify.dylib
0x00000001119a4000 	/Applications/Android Studio.app/Contents/jre/jdk/Contents/Home/jre/lib/libjava.dylib
0x00000001130ef000 	/Applications/Android Studio.app/Contents/jre/jdk/Contents/Home/jre/lib/libzip.dylib
0x00000001296f8000 	/Applications/Android Studio.app/Contents/jre/jdk/Contents/Home/jre/lib/libnet.dylib
0x000000012971a000 	/Applications/Android Studio.app/Contents/jre/jdk/Contents/Home/jre/lib/libnio.dylib
0x000000012920f000 	/Users/aleksandrgulaev/.gradle/native/30/osx-amd64/libnative-platform.dylib
0x0000000129c8e000 	/Applications/Android Studio.app/Contents/jre/jdk/Contents/Home/jre/lib/libmanagement.dylib

VM Arguments:
jvm_args: -Xmx1536m -Dfile.encoding=UTF-8 -Duser.country=US -Duser.language=en -Duser.variant 
java_command: org.gradle.launcher.daemon.bootstrap.GradleDaemon 5.6.4
java_class_path (initial): /Users/aleksandrgulaev/.gradle/wrapper/dists/gradle-5.6.4-all/ankdp27end7byghfw1q2sw75f/gradle-5.6.4/lib/gradle-launcher-5.6.4.jar
Launcher Type: SUN_STANDARD

Environment Variables:
PATH=/usr/local/bin:/usr/bin:/bin:/usr/sbin:/sbin:/usr/local/share/dotnet:~/.dotnet/tools:/Library/Frameworks/Mono.framework/Versions/Current/Commands:/Applications/Xamarin Workbooks.app/Contents/SharedSupport/path-bin
SHELL=/bin/bash

Signal Handlers:
SIGSEGV: [libjvm.dylib+0x5609d5], sa_mask[0]=11111111011111110111111111111111, sa_flags=SA_ONSTACK|SA_RESTART|SA_SIGINFO
SIGBUS: [libjvm.dylib+0x5609d5], sa_mask[0]=11111111011111110111111111111111, sa_flags=SA_RESTART|SA_SIGINFO
SIGFPE: [libjvm.dylib+0x458695], sa_mask[0]=11111111011111110111111111111111, sa_flags=SA_RESTART|SA_SIGINFO
SIGPIPE: [libjvm.dylib+0x458695], sa_mask[0]=11111111011111110111111111111111, sa_flags=SA_RESTART|SA_SIGINFO
SIGXFSZ: [libjvm.dylib+0x458695], sa_mask[0]=11111111011111110111111111111111, sa_flags=SA_RESTART|SA_SIGINFO
SIGILL: [libjvm.dylib+0x458695], sa_mask[0]=11111111011111110111111111111111, sa_flags=SA_RESTART|SA_SIGINFO
SIGUSR1: SIG_DFL, sa_mask[0]=00000000000000000000000000000000, sa_flags=none
SIGUSR2: [libjvm.dylib+0x458f94], sa_mask[0]=00100000000000000000000000000000, sa_flags=SA_RESTART|SA_SIGINFO
SIGHUP: [libjvm.dylib+0x4571b9], sa_mask[0]=11111111011111110111111111111111, sa_flags=SA_RESTART|SA_SIGINFO
SIGINT: [libjvm.dylib+0x4571b9], sa_mask[0]=11111111011111110111111111111111, sa_flags=SA_RESTART|SA_SIGINFO
SIGTERM: [libjvm.dylib+0x4571b9], sa_mask[0]=11111111011111110111111111111111, sa_flags=SA_RESTART|SA_SIGINFO
SIGQUIT: [libjvm.dylib+0x4571b9], sa_mask[0]=11111111011111110111111111111111, sa_flags=SA_RESTART|SA_SIGINFO


---------------  S Y S T E M  ---------------

OS:Bsduname:Darwin 17.7.0 Darwin Kernel Version 17.7.0: Tue Feb 18 22:51:29 PST 2020; root:xnu-4570.71.73~1/RELEASE_X86_64 x86_64
rlimit: STACK 8192k, CORE 0k, NPROC 1418, NOFILE 10240, AS infinity
load average:4.27 4.23 3.58

CPU:total 4 (initial active 4) (4 cores per cpu, 1 threads per core) family 6 model 42 stepping 7, cmov, cx8, fxsr, mmx, sse, sse2, sse3, ssse3, sse4.1, sse4.2, popcnt, avx, aes, clmul, tsc, tscinvbit

Memory: 4k page, physical 16777216k(122860k free)

/proc/meminfo:


vm_info: OpenJDK 64-Bit Server VM (25.212-b4-5784211) for bsd-amd64 JRE (1.8.0_212-release-1586-b4-5784211), built by "android-build" with gcc 4.2.1 Compatible Android (5657785 based on r353983d) Clang 9.0.4 (https://android.googlesource.com/toolchain/llvm-project 2a90cc9d899e6fe6dcf0da193244b25f75735c7b)

time: Tue May 19 21:21:44 2020
timezone: MSK
elapsed time: 7 seconds (0d 0h 0m 7s)

