#
# A fatal error has been detected by the Java Runtime Environment:
#
#  SIGSEGV (0xb) at pc=0x0000000000000000, pid=87617, tid=0x0000000000001e03
#
# JRE version: OpenJDK Runtime Environment (8.0_212) (build 1.8.0_212-release-1586-b4-5784211)
# Java VM: OpenJDK 64-Bit Server VM (25.212-b4-5784211 mixed mode bsd-amd64 compressed oops)
# Problematic frame:
# C  0x0000000000000000
#
# Failed to write core dump. Core dumps have been disabled. To enable core dumping, try "ulimit -c unlimited" before starting Java again
#
# If you would like to submit a bug report, please visit:
#   http://bugreport.java.com/bugreport/crash.jsp
#

---------------  T H R E A D  ---------------

Current thread (0x00007f845c807000):  GCTaskThread [stack: 0x000070000ef5b000,0x000070000f05b000] [id=7683]

siginfo: si_signo: 11 (SIGSEGV), si_code: 1 (SEGV_MAPERR), si_addr: 0x0000000000000000

Registers:
RAX=0x0000000760a223e8, RBX=0x000070000f05ace0, RCX=0x00000007c00112c0, RDX=0x0000000760a223e8
RSP=0x000070000f05ac78, RBP=0x000070000f05ac90, RSI=0x00007f845b609d10, RDI=0x00000007c0000f68
R8 =0x00007f845b609d10, R9 =0x0000000760000000, R10=0x000000000000fee7, R11=0xffffffffbc15a098
R12=0x0000000008920000, R13=0x0000000000224800, R14=0x0000000000000003, R15=0x000000010f620ec8
RIP=0x0000000000000000, EFLAGS=0x0000000000010217, ERR=0x0000000000000014
  TRAPNO=0x000000000000000e

Top of Stack: (sp=0x000070000f05ac78)
0x000070000f05ac78:   000000010f293afb 000000000891906c
0x000070000f05ac88:   0000000008920000 000070000f05acd0
0x000070000f05ac98:   000000010f265f6d 000070000f05ace0
0x000070000f05aca8:   000000010f5fa848 00007f845b609d10
0x000070000f05acb8:   00000007a4900000 00000007a4a7d928
0x000070000f05acc8:   000070000f05ace0 000070000f05ad70
0x000070000f05acd8:   000000010f2936c1 000000010f5f1f00
0x000070000f05ace8:   000000010f620ec8 00007f845b609d10
0x000070000f05acf8:   000000000000bb83 00000007a48c8350
0x000070000f05ad08:   00007f845b412720 0000000760a223e8
0x000070000f05ad18:   00000007a4a7d928 0000000122622000
0x000070000f05ad28:   0000000000000064 0000000000000891
0x000070000f05ad38:   00007f845b609d10 0000000200000000
0x000070000f05ad48:   000070000f05ad84 00007f845b609d10
0x000070000f05ad58:   000070000f05ad88 000000010f620ce8
0x000070000f05ad68:   0000000000000001 000070000f05adc0
0x000070000f05ad78:   000000010f27bdbc 74551fe30f61bd21
0x000070000f05ad88:   0000000000000014 00007f845daa2ec0
0x000070000f05ad98:   00007f845c807000 00007f845daa2ec0
0x000070000f05ada8:   000000010f3c7cd9 0000000000000000
0x000070000f05adb8:   0000000000000001 000070000f05aea0
0x000070000f05adc8:   000000010f0580d1 000000010f61bbd8
0x000070000f05add8:   00007f845c807000 00007f845b605210
0x000070000f05ade8:   00007f845b6052e0 00007f845b6052f0
0x000070000f05adf8:   00007f845b6053c8 00000000000000d8
0x000070000f05ae08:   00007f845b605270 00007f845c807000
0x000070000f05ae18:   00007f845b605210 00007f845b6052e0
0x000070000f05ae28:   00007f845b6052f0 00007f845b6053c8
0x000070000f05ae38:   00000000000000d8 000070000f05add8
0x000070000f05ae48:   00007f845b604df0 00007f845b604e20
0x000070000f05ae58:   00007f845b604e30 00007f845b605208
0x000070000f05ae68:   00000000000003d8 0000000000000000 

Instructions: (pc=0x0000000000000000)
0xffffffffffffffe0:   

Register to memory mapping:

RAX=0x0000000760a223e8 is an oop

[error occurred during error reporting (printing register info), id 0xb]

Stack: [0x000070000ef5b000,0x000070000f05b000],  sp=0x000070000f05ac78,  free space=1023k

---------------  P R O C E S S  ---------------

Java Threads: ( => current thread )
  0x00007f845dca0000 JavaThread "Cache worker for file hash cache (/Users/aleksandrgulaev/Documents/programming/geekbrains/geekbrains_android_libraries/hw01 copy/.gradle/5.6.4/fileHashes)" [_thread_blocked, id=23811, stack(0x00007000108a6000,0x00007000109a6000)]
  0x00007f845d5f9000 JavaThread "Cache worker for journal cache (/Users/aleksandrgulaev/.gradle/caches/journal-1)" [_thread_blocked, id=40963, stack(0x00007000107a3000,0x00007000108a3000)]
  0x00007f845d56d800 JavaThread "File lock request listener" [_thread_in_native, id=41219, stack(0x00007000106a0000,0x00007000107a0000)]
  0x00007f845d811800 JavaThread "Cache worker for file hash cache (/Users/aleksandrgulaev/.gradle/caches/5.6.4/fileHashes)" [_thread_blocked, id=23043, stack(0x000070001059d000,0x000070001069d000)]
  0x00007f845cc51800 JavaThread "Thread-9" [_thread_blocked, id=41987, stack(0x000070001049a000,0x000070001059a000)]
  0x00007f845bce6000 JavaThread "Stdin handler" [_thread_blocked, id=42499, stack(0x0000700010397000,0x0000700010497000)]
  0x00007f845bce4000 JavaThread "Asynchronous log dispatcher for DefaultDaemonConnection: socket connection from /127.0.0.1:62174 to /127.0.0.1:62175" [_thread_blocked, id=42755, stack(0x0000700010294000,0x0000700010394000)]
  0x00007f845bced000 JavaThread "Daemon worker" [_thread_blocked, id=43011, stack(0x0000700010191000,0x0000700010291000)]
  0x00007f845bceb800 JavaThread "Cancel handler" [_thread_blocked, id=43267, stack(0x000070001008e000,0x000070001018e000)]
  0x00007f845bcf0800 JavaThread "Handler for socket connection from /127.0.0.1:62174 to /127.0.0.1:62175" [_thread_in_native, id=21763, stack(0x000070000ff8b000,0x000070001008b000)]
  0x00007f845cc40800 JavaThread "Daemon" [_thread_blocked, id=15619, stack(0x000070000fe88000,0x000070000ff88000)]
  0x00007f845cc3f800 JavaThread "Daemon periodic checks" [_thread_blocked, id=16131, stack(0x000070000fd85000,0x000070000fe85000)]
  0x00007f845d544800 JavaThread "Incoming local TCP Connector on port 62174" [_thread_in_native, id=16387, stack(0x000070000fc82000,0x000070000fd82000)]
  0x00007f845cc2a800 JavaThread "Daemon health stats" [_thread_blocked, id=14851, stack(0x000070000fb7f000,0x000070000fc7f000)]
  0x00007f845c80e000 JavaThread "Service Thread" daemon [_thread_blocked, id=14083, stack(0x000070000f979000,0x000070000fa79000)]
  0x00007f845c80b800 JavaThread "C1 CompilerThread2" daemon [_thread_blocked, id=13571, stack(0x000070000f876000,0x000070000f976000)]
  0x00007f845c03d000 JavaThread "C2 CompilerThread1" daemon [_thread_blocked, id=13315, stack(0x000070000f773000,0x000070000f873000)]
  0x00007f845c03b800 JavaThread "C2 CompilerThread0" daemon [_thread_blocked, id=13059, stack(0x000070000f670000,0x000070000f770000)]
  0x00007f845c002000 JavaThread "Signal Dispatcher" daemon [_thread_blocked, id=17923, stack(0x000070000f56d000,0x000070000f66d000)]
  0x00007f845d004800 JavaThread "Finalizer" daemon [_thread_blocked, id=20227, stack(0x000070000f46a000,0x000070000f56a000)]
  0x00007f845b819000 JavaThread "Reference Handler" daemon [_thread_blocked, id=11523, stack(0x000070000f367000,0x000070000f467000)]
  0x00007f845c009000 JavaThread "main" [_thread_blocked, id=6147, stack(0x000070000ed55000,0x000070000ee55000)]

Other Threads:
  0x00007f845c828800 VMThread [stack: 0x000070000f264000,0x000070000f364000] [id=20995]
  0x00007f845b83d800 WatcherThread [stack: 0x000070000fa7c000,0x000070000fb7c000] [id=14595]

=>0x00007f845c807000 (exited) GCTaskThread [stack: 0x000070000ef5b000,0x000070000f05b000] [id=7683]

VM state:at safepoint (normal execution)

VM Mutex/Monitor currently owned by a thread:  ([mutex/lock_event])
[0x00007f845b603820] Threads_lock - owner thread: 0x00007f845c828800
[0x00007f845b603d20] Heap_lock - owner thread: 0x00007f845c80b800
[0x00007f845b6042a0] MethodData_lock - owner thread: 0x00007f845c80b800

heap address: 0x0000000760000000, size: 1536 MB, Compressed Oops mode: Zero based, Oop shift amount: 3
Narrow klass base: 0x0000000000000000, Narrow klass shift: 3
Compressed class space size: 1073741824 Address: 0x00000007c0000000

Heap:
 PSYoungGen      total 76288K, used 10742K [0x00000007a0000000, 0x00000007a9500000, 0x00000007c0000000)
  eden space 65536K, 0% used [0x00000007a0000000,0x00000007a0000000,0x00000007a4000000)
  from space 10752K, 99% used [0x00000007a4000000,0x00000007a4a7d928,0x00000007a4a80000)
  to   space 10752K, 0% used [0x00000007a8a80000,0x00000007a8a80000,0x00000007a9500000)
 ParOldGen       total 175104K, used 1667K [0x0000000760000000, 0x000000076ab00000, 0x00000007a0000000)
  object space 175104K, 0% used [0x0000000760000000,0x00000007601a0e50,0x000000076ab00000)
 Metaspace       used 20710K, capacity 21172K, committed 21296K, reserved 1067008K
  class space    used 3009K, capacity 3167K, committed 3200K, reserved 1048576K

Card table byte_map: [0x000000011f121000,0x000000011f422000] byte_map_base: 0x000000011b621000

Marking Bits: (ParMarkBitMap*) 0x000000010f620ec8
 Begin Bits: [0x000000011f622000, 0x0000000120e22000)
 End Bits:   [0x0000000120e22000, 0x0000000122622000)

Polling page: 0x00000001019f8000

CodeCache: size=245760Kb used=5854Kb max_used=5854Kb free=239905Kb
 bounds [0x000000010fd61000, 0x0000000110321000, 0x000000011ed61000]
 total_blobs=2185 nmethods=1777 adapters=322
 compilation: enabled

Compilation events (10 events):
Event: 2.244 Thread 0x00007f845c80b800 nmethod 1788 0x0000000110318cd0 code [0x0000000110318e20, 0x0000000110318f30]
Event: 2.244 Thread 0x00007f845c80b800 1792       3       org.codehaus.groovy.util.ManagedReference::<init> (40 bytes)
Event: 2.244 Thread 0x00007f845c80b800 nmethod 1792 0x0000000110318f90 code [0x0000000110319120, 0x0000000110319598]
Event: 2.244 Thread 0x00007f845c80b800 1793       3       java.lang.ClassValue$Entry::value (9 bytes)
Event: 2.244 Thread 0x00007f845c80b800 nmethod 1793 0x0000000110319710 code [0x0000000110319880, 0x0000000110319a50]
Event: 2.244 Thread 0x00007f845c80b800 1794   !   3       sun.reflect.annotation.AnnotationParser::parseAnnotations (37 bytes)
Event: 2.245 Thread 0x00007f845c80b800 nmethod 1794 0x0000000110319b10 code [0x0000000110319cc0, 0x000000011031a008]
Event: 2.245 Thread 0x00007f845c80b800 1796       3       java.lang.ref.SoftReference::<init> (14 bytes)
Event: 2.245 Thread 0x00007f845c80b800 nmethod 1796 0x000000011031a1d0 code [0x000000011031a340, 0x000000011031a610]
Event: 2.245 Thread 0x00007f845c80b800 1797       3       org.codehaus.groovy.util.LockableObject::lock (25 bytes)

GC Heap History (7 events):
Event: 0.896 GC heap before
{Heap before GC invocations=1 (full 0):
 PSYoungGen      total 76288K, used 65536K [0x00000007a0000000, 0x00000007a5500000, 0x00000007c0000000)
  eden space 65536K, 100% used [0x00000007a0000000,0x00000007a4000000,0x00000007a4000000)
  from space 10752K, 0% used [0x00000007a4a80000,0x00000007a4a80000,0x00000007a5500000)
  to   space 10752K, 0% used [0x00000007a4000000,0x00000007a4000000,0x00000007a4a80000)
 ParOldGen       total 175104K, used 0K [0x0000000760000000, 0x000000076ab00000, 0x00000007a0000000)
  object space 175104K, 0% used [0x0000000760000000,0x0000000760000000,0x000000076ab00000)
 Metaspace       used 8575K, capacity 8810K, committed 8960K, reserved 1056768K
  class space    used 1103K, capacity 1173K, committed 1280K, reserved 1048576K
Event: 0.905 GC heap after
Heap after GC invocations=1 (full 0):
 PSYoungGen      total 76288K, used 6786K [0x00000007a0000000, 0x00000007a5500000, 0x00000007c0000000)
  eden space 65536K, 0% used [0x00000007a0000000,0x00000007a0000000,0x00000007a4000000)
  from space 10752K, 63% used [0x00000007a4000000,0x00000007a46a0890,0x00000007a4a80000)
  to   space 10752K, 0% used [0x00000007a4a80000,0x00000007a4a80000,0x00000007a5500000)
 ParOldGen       total 175104K, used 16K [0x0000000760000000, 0x000000076ab00000, 0x00000007a0000000)
  object space 175104K, 0% used [0x0000000760000000,0x0000000760004000,0x000000076ab00000)
 Metaspace       used 8575K, capacity 8810K, committed 8960K, reserved 1056768K
  class space    used 1103K, capacity 1173K, committed 1280K, reserved 1048576K
}
Event: 1.475 GC heap before
{Heap before GC invocations=2 (full 0):
 PSYoungGen      total 76288K, used 72322K [0x00000007a0000000, 0x00000007a5500000, 0x00000007c0000000)
  eden space 65536K, 100% used [0x00000007a0000000,0x00000007a4000000,0x00000007a4000000)
  from space 10752K, 63% used [0x00000007a4000000,0x00000007a46a0890,0x00000007a4a80000)
  to   space 10752K, 0% used [0x00000007a4a80000,0x00000007a4a80000,0x00000007a5500000)
 ParOldGen       total 175104K, used 16K [0x0000000760000000, 0x000000076ab00000, 0x00000007a0000000)
  object space 175104K, 0% used [0x0000000760000000,0x0000000760004000,0x000000076ab00000)
 Metaspace       used 15284K, capacity 15750K, committed 16000K, reserved 1062912K
  class space    used 2170K, capacity 2337K, committed 2432K, reserved 1048576K
Event: 1.486 GC heap after
Heap after GC invocations=2 (full 0):
 PSYoungGen      total 76288K, used 9895K [0x00000007a0000000, 0x00000007a9500000, 0x00000007c0000000)
  eden space 65536K, 0% used [0x00000007a0000000,0x00000007a0000000,0x00000007a4000000)
  from space 10752K, 92% used [0x00000007a4a80000,0x00000007a5429e88,0x00000007a5500000)
  to   space 10752K, 0% used [0x00000007a4000000,0x00000007a4000000,0x00000007a4a80000)
 ParOldGen       total 175104K, used 24K [0x0000000760000000, 0x000000076ab00000, 0x00000007a0000000)
  object space 175104K, 0% used [0x0000000760000000,0x0000000760006000,0x000000076ab00000)
 Metaspace       used 15284K, capacity 15750K, committed 16000K, reserved 1062912K
  class space    used 2170K, capacity 2337K, committed 2432K, reserved 1048576K
}
Event: 2.245 GC heap before
{Heap before GC invocations=3 (full 0):
 PSYoungGen      total 76288K, used 70948K [0x00000007a0000000, 0x00000007a9500000, 0x00000007c0000000)
  eden space 65536K, 93% used [0x00000007a0000000,0x00000007a3b9f3e0,0x00000007a4000000)
  from space 10752K, 92% used [0x00000007a4a80000,0x00000007a5429e88,0x00000007a5500000)
  to   space 10752K, 0% used [0x00000007a4000000,0x00000007a4000000,0x00000007a4a80000)
 ParOldGen       total 175104K, used 24K [0x0000000760000000, 0x000000076ab00000, 0x00000007a0000000)
  object space 175104K, 0% used [0x0000000760000000,0x0000000760006000,0x000000076ab00000)
 Metaspace       used 20710K, capacity 21172K, committed 21296K, reserved 1067008K
  class space    used 3009K, capacity 3167K, committed 3200K, reserved 1048576K
Event: 2.256 GC heap after
Heap after GC invocations=3 (full 0):
 PSYoungGen      total 76288K, used 10742K [0x00000007a0000000, 0x00000007a9500000, 0x00000007c0000000)
  eden space 65536K, 0% used [0x00000007a0000000,0x00000007a0000000,0x00000007a4000000)
  from space 10752K, 99% used [0x00000007a4000000,0x00000007a4a7d928,0x00000007a4a80000)
  to   space 10752K, 0% used [0x00000007a8a80000,0x00000007a8a80000,0x00000007a9500000)
 ParOldGen       total 175104K, used 1667K [0x0000000760000000, 0x000000076ab00000, 0x00000007a0000000)
  object space 175104K, 0% used [0x0000000760000000,0x00000007601a0e50,0x000000076ab00000)
 Metaspace       used 20710K, capacity 21172K, committed 21296K, reserved 1067008K
  class space    used 3009K, capacity 3167K, committed 3200K, reserved 1048576K
}
Event: 2.256 GC heap before
{Heap before GC invocations=4 (full 1):
 PSYoungGen      total 76288K, used 10742K [0x00000007a0000000, 0x00000007a9500000, 0x00000007c0000000)
  eden space 65536K, 0% used [0x00000007a0000000,0x00000007a0000000,0x00000007a4000000)
  from space 10752K, 99% used [0x00000007a4000000,0x00000007a4a7d928,0x00000007a4a80000)
  to   space 10752K, 0% used [0x00000007a8a80000,0x00000007a8a80000,0x00000007a9500000)
 ParOldGen       total 175104K, used 1667K [0x0000000760000000, 0x000000076ab00000, 0x00000007a0000000)
  object space 175104K, 0% used [0x0000000760000000,0x00000007601a0e50,0x000000076ab00000)
 Metaspace       used 20710K, capacity 21172K, committed 21296K, reserved 1067008K
  class space    used 3009K, capacity 3167K, committed 3200K, reserved 1048576K

Deoptimization events (10 events):
Event: 1.728 Thread 0x00007f845bced000 Uncommon trap: reason=unstable_if action=reinterpret pc=0x000000010fed9fec method=java.net.URI.match(CJJ)Z @ 19
Event: 1.775 Thread 0x00007f845bced000 Uncommon trap: reason=unstable_if action=reinterpret pc=0x000000010ff88264 method=java.io.UnixFileSystem.normalize(Ljava/lang/String;)Ljava/lang/String; @ 60
Event: 1.775 Thread 0x00007f845bced000 Uncommon trap: reason=unstable_if action=reinterpret pc=0x0000000110001c14 method=java.io.File.getName()Ljava/lang/String; @ 16
Event: 1.852 Thread 0x00007f845bced000 Uncommon trap: reason=bimorphic action=maybe_recompile pc=0x00000001101c875c method=java.lang.ClassLoader.loadClass(Ljava/lang/String;Z)Ljava/lang/Class; @ 38
Event: 1.854 Thread 0x00007f845bced000 Uncommon trap: reason=null_assert action=make_not_entrant pc=0x000000010ffdff50 method=java.util.zip.ZipEntry.<init>(Ljava/util/zip/ZipEntry;)V @ 70
Event: 1.855 Thread 0x00007f845bced000 Uncommon trap: reason=bimorphic action=maybe_recompile pc=0x00000001101c875c method=java.lang.ClassLoader.loadClass(Ljava/lang/String;Z)Ljava/lang/Class; @ 38
Event: 1.856 Thread 0x00007f845bced000 Uncommon trap: reason=bimorphic action=maybe_recompile pc=0x00000001101c875c method=java.lang.ClassLoader.loadClass(Ljava/lang/String;Z)Ljava/lang/Class; @ 38
Event: 1.856 Thread 0x00007f845bced000 Uncommon trap: reason=bimorphic action=maybe_recompile pc=0x00000001101c875c method=java.lang.ClassLoader.loadClass(Ljava/lang/String;Z)Ljava/lang/Class; @ 38
Event: 2.171 Thread 0x00007f845bced000 Uncommon trap: reason=class_check action=maybe_recompile pc=0x000000010ff3d590 method=sun.misc.URLClassPath.getLoader(I)Lsun/misc/URLClassPath$Loader; @ 94
Event: 2.171 Thread 0x00007f845bced000 Uncommon trap: reason=class_check action=maybe_recompile pc=0x00000001102a5260 method=sun.misc.URLClassPath.getResource(Ljava/lang/String;Z)Lsun/misc/Resource; @ 62

Classes redefined (0 events):
No events

Internal exceptions (10 events):
Event: 1.923 Thread 0x00007f845bced000 Exception <a 'java/lang/NoSuchMethodError': <clinit>> (0x00000007a277b090) thrown at [/Volumes/Android/buildbot/src/googleplex-android/openjdk/out/hotspot/src/share/vm/prims/jni.cpp, line 1614]
Event: 1.923 Thread 0x00007f845bced000 Exception <a 'java/lang/NoSuchMethodError': <clinit>> (0x00000007a27848f0) thrown at [/Volumes/Android/buildbot/src/googleplex-android/openjdk/out/hotspot/src/share/vm/prims/jni.cpp, line 1614]
Event: 1.924 Thread 0x00007f845bced000 Exception <a 'java/lang/NoSuchMethodError': <clinit>> (0x00000007a278e300) thrown at [/Volumes/Android/buildbot/src/googleplex-android/openjdk/out/hotspot/src/share/vm/prims/jni.cpp, line 1614]
Event: 1.931 Thread 0x00007f845bced000 Exception <a 'java/lang/NoSuchMethodError': <clinit>> (0x00000007a2863aa0) thrown at [/Volumes/Android/buildbot/src/googleplex-android/openjdk/out/hotspot/src/share/vm/prims/jni.cpp, line 1614]
Event: 1.931 Thread 0x00007f845bced000 Exception <a 'java/lang/NoSuchMethodError': <clinit>> (0x00000007a2867c40) thrown at [/Volumes/Android/buildbot/src/googleplex-android/openjdk/out/hotspot/src/share/vm/prims/jni.cpp, line 1614]
Event: 1.931 Thread 0x00007f845bced000 Exception <a 'java/lang/NoSuchMethodError': <clinit>> (0x00000007a28695c8) thrown at [/Volumes/Android/buildbot/src/googleplex-android/openjdk/out/hotspot/src/share/vm/prims/jni.cpp, line 1614]
Event: 1.931 Thread 0x00007f845bced000 Exception <a 'java/lang/NoSuchMethodError': <clinit>> (0x00000007a286acb0) thrown at [/Volumes/Android/buildbot/src/googleplex-android/openjdk/out/hotspot/src/share/vm/prims/jni.cpp, line 1614]
Event: 1.931 Thread 0x00007f845bced000 Exception <a 'java/lang/NoSuchMethodError': <clinit>> (0x00000007a286c5e8) thrown at [/Volumes/Android/buildbot/src/googleplex-android/openjdk/out/hotspot/src/share/vm/prims/jni.cpp, line 1614]
Event: 1.931 Thread 0x00007f845bced000 Exception <a 'java/lang/NoSuchMethodError': <clinit>> (0x00000007a286dbe8) thrown at [/Volumes/Android/buildbot/src/googleplex-android/openjdk/out/hotspot/src/share/vm/prims/jni.cpp, line 1614]
Event: 1.931 Thread 0x00007f845bced000 Exception <a 'java/lang/NoSuchMethodError': <clinit>> (0x00000007a286f088) thrown at [/Volumes/Android/buildbot/src/googleplex-android/openjdk/out/hotspot/src/share/vm/prims/jni.cpp, line 1614]

Events (10 events):
Event: 2.236 loading class groovy/lang/TrampolineClosure done
Event: 2.236 loading class org/codehaus/groovy/reflection/CachedMethod
Event: 2.236 loading class org/codehaus/groovy/reflection/CachedMethod done
Event: 2.237 loading class org/codehaus/groovy/reflection/CacheAccessControlException
Event: 2.237 loading class org/codehaus/groovy/reflection/CacheAccessControlException done
Event: 2.237 loading class org/codehaus/groovy/reflection/CachedMethod$MyComparator
Event: 2.237 loading class org/codehaus/groovy/reflection/CachedMethod$MyComparator done
Event: 2.238 loading class org/codehaus/groovy/reflection/CachedClass$CachedMethodComparatorByName
Event: 2.238 loading class org/codehaus/groovy/reflection/CachedClass$CachedMethodComparatorByName done
Event: 2.245 Executing VM operation: CollectForMetadataAllocation


Dynamic libraries:
0x00000001014bc000 	/System/Library/Frameworks/Cocoa.framework/Versions/A/Cocoa
0x00000001014c4000 	/System/Library/Frameworks/Security.framework/Versions/A/Security
0x00000001019cf000 	/System/Library/Frameworks/ApplicationServices.framework/Versions/A/ApplicationServices
0x00000001019da000 	/usr/lib/libz.1.dylib
0x00000001019f9000 	/usr/lib/libSystem.B.dylib
0x0000000101a01000 	/System/Library/Frameworks/CoreFoundation.framework/Versions/A/CoreFoundation
0x0000000102156000 	/System/Library/Frameworks/Foundation.framework/Versions/C/Foundation
0x000000010282a000 	/usr/lib/libobjc.A.dylib
0x0000000102dd2000 	/System/Library/Frameworks/AppKit.framework/Versions/C/AppKit
0x0000000104695000 	/System/Library/Frameworks/CoreData.framework/Versions/A/CoreData
0x0000000104baa000 	/System/Library/PrivateFrameworks/RemoteViewServices.framework/Versions/A/RemoteViewServices
0x0000000104bf7000 	/System/Library/PrivateFrameworks/UIFoundation.framework/Versions/A/UIFoundation
0x0000000104e8a000 	/System/Library/PrivateFrameworks/DFRFoundation.framework/Versions/A/DFRFoundation
0x0000000104eb2000 	/System/Library/Frameworks/Metal.framework/Versions/A/Metal
0x000000010502a000 	/System/Library/PrivateFrameworks/DesktopServicesPriv.framework/Versions/A/DesktopServicesPriv
0x0000000105204000 	/usr/lib/libenergytrace.dylib
0x000000010520e000 	/System/Library/PrivateFrameworks/SkyLight.framework/Versions/A/SkyLight
0x0000000105592000 	/System/Library/Frameworks/CoreGraphics.framework/Versions/A/CoreGraphics
0x0000000105cde000 	/usr/lib/libScreenReader.dylib
0x0000000105cee000 	/System/Library/Frameworks/Accelerate.framework/Versions/A/Accelerate
0x0000000105cf9000 	/System/Library/Frameworks/IOSurface.framework/Versions/A/IOSurface
0x0000000105d0f000 	/System/Library/Frameworks/AudioToolbox.framework/Versions/A/AudioToolbox
0x00000001060e1000 	/System/Library/Frameworks/AudioUnit.framework/Versions/A/AudioUnit
0x00000001060f3000 	/System/Library/PrivateFrameworks/DataDetectorsCore.framework/Versions/A/DataDetectorsCore
0x00000001061b0000 	/System/Library/Frameworks/Carbon.framework/Versions/A/Frameworks/HIToolbox.framework/Versions/A/HIToolbox
0x0000000106648000 	/usr/lib/libicucore.A.dylib
0x0000000106948000 	/System/Library/Frameworks/QuartzCore.framework/Versions/A/QuartzCore
0x0000000106c8b000 	/System/Library/PrivateFrameworks/SignpostNotification.framework/Versions/A/SignpostNotification
0x0000000106c98000 	/System/Library/Frameworks/Carbon.framework/Versions/A/Frameworks/SpeechRecognition.framework/Versions/A/SpeechRecognition
0x0000000106cad000 	/usr/lib/libauto.dylib
0x0000000106cb6000 	/usr/lib/libxml2.2.dylib
0x0000000106dd6000 	/System/Library/PrivateFrameworks/CoreUI.framework/Versions/A/CoreUI
0x00000001070e6000 	/System/Library/Frameworks/CoreAudio.framework/Versions/A/CoreAudio
0x00000001071aa000 	/System/Library/Frameworks/DiskArbitration.framework/Versions/A/DiskArbitration
0x00000001071bd000 	/usr/lib/liblangid.dylib
0x00000001071c3000 	/System/Library/PrivateFrameworks/MultitouchSupport.framework/Versions/A/MultitouchSupport
0x0000000107206000 	/System/Library/Frameworks/IOKit.framework/Versions/A/IOKit
0x00000001072ee000 	/usr/lib/libDiagnosticMessagesClient.dylib
0x00000001072f5000 	/System/Library/Frameworks/CoreServices.framework/Versions/A/CoreServices
0x00000001072fd000 	/System/Library/PrivateFrameworks/PerformanceAnalysis.framework/Versions/A/PerformanceAnalysis
0x000000010732e000 	/System/Library/Frameworks/OpenGL.framework/Versions/A/OpenGL
0x000000010734a000 	/System/Library/Frameworks/ColorSync.framework/Versions/A/ColorSync
0x0000000107456000 	/System/Library/Frameworks/CoreImage.framework/Versions/A/CoreImage
0x00000001078ed000 	/System/Library/Frameworks/CoreText.framework/Versions/A/CoreText
0x0000000107b08000 	/System/Library/Frameworks/ImageIO.framework/Versions/A/ImageIO
0x0000000107d3e000 	/System/Library/PrivateFrameworks/Backup.framework/Versions/A/Backup
0x0000000107e3c000 	/usr/lib/libarchive.2.dylib
0x0000000107e78000 	/System/Library/Frameworks/CFNetwork.framework/Versions/A/CFNetwork
0x000000010854a000 	/System/Library/Frameworks/SystemConfiguration.framework/Versions/A/SystemConfiguration
0x00000001085f5000 	/usr/lib/libCRFSuite.dylib
0x000000010864d000 	/usr/lib/libc++.1.dylib
0x0000000108708000 	/usr/lib/libc++abi.dylib
0x0000000108741000 	/usr/lib/system/libcache.dylib
0x000000010874b000 	/usr/lib/system/libcommonCrypto.dylib
0x000000010876a000 	/usr/lib/system/libcompiler_rt.dylib
0x0000000108786000 	/usr/lib/system/libcopyfile.dylib
0x0000000108799000 	/usr/lib/system/libcorecrypto.dylib
0x0000000108840000 	/usr/lib/system/libdispatch.dylib
0x00000001088bb000 	/usr/lib/system/libdyld.dylib
0x00000001088f8000 	/usr/lib/system/libkeymgr.dylib
0x00000001088ff000 	/usr/lib/system/liblaunch.dylib
0x0000000108908000 	/usr/lib/system/libmacho.dylib
0x0000000108918000 	/usr/lib/system/libquarantine.dylib
0x0000000108927000 	/usr/lib/system/libremovefile.dylib
0x0000000108935000 	/usr/lib/system/libsystem_asl.dylib
0x0000000108961000 	/usr/lib/system/libsystem_blocks.dylib
0x000000010896d000 	/usr/lib/system/libsystem_c.dylib
0x0000000108a26000 	/usr/lib/system/libsystem_configuration.dylib
0x0000000108a32000 	/usr/lib/system/libsystem_coreservices.dylib
0x0000000108a42000 	/usr/lib/system/libsystem_darwin.dylib
0x0000000108a4c000 	/usr/lib/system/libsystem_dnssd.dylib
0x0000000108a5b000 	/usr/lib/system/libsystem_info.dylib
0x0000000108ac1000 	/usr/lib/system/libsystem_m.dylib
0x0000000108b1b000 	/usr/lib/system/libsystem_malloc.dylib
0x0000000108b4a000 	/usr/lib/system/libsystem_network.dylib
0x0000000108cc0000 	/usr/lib/system/libsystem_networkextension.dylib
0x0000000108cdb000 	/usr/lib/system/libsystem_notify.dylib
0x0000000108cf0000 	/usr/lib/system/libsystem_sandbox.dylib
0x0000000108cfe000 	/usr/lib/system/libsystem_secinit.dylib
0x0000000108d08000 	/usr/lib/system/libsystem_kernel.dylib
0x0000000108d4f000 	/usr/lib/system/libsystem_platform.dylib
0x0000000108d64000 	/usr/lib/system/libsystem_pthread.dylib
0x0000000108d83000 	/usr/lib/system/libsystem_symptoms.dylib
0x0000000108d94000 	/usr/lib/system/libsystem_trace.dylib
0x0000000108dbc000 	/usr/lib/system/libunwind.dylib
0x0000000108dc9000 	/usr/lib/system/libxpc.dylib
0x0000000108e1c000 	/usr/lib/closure/libclosured.dylib
0x0000000108e6d000 	/usr/lib/libbsm.0.dylib
0x0000000108e87000 	/usr/lib/system/libkxld.dylib
0x0000000108e99000 	/usr/lib/libOpenScriptingUtil.dylib
0x0000000108ea5000 	/usr/lib/libcoretls.dylib
0x0000000108ece000 	/usr/lib/libcoretls_cfhelpers.dylib
0x0000000108ed5000 	/usr/lib/libpam.2.dylib
0x0000000108ee6000 	/usr/lib/libsqlite3.dylib
0x000000010909c000 	/usr/lib/libxar.1.dylib
0x00000001090b9000 	/usr/lib/libbz2.1.0.dylib
0x00000001090cf000 	/usr/lib/liblzma.5.dylib
0x00000001090f5000 	/usr/lib/libnetwork.dylib
0x00000001092cb000 	/usr/lib/libapple_nghttp2.dylib
0x00000001092f0000 	/usr/lib/libpcap.A.dylib
0x0000000109340000 	/usr/lib/libboringssl.dylib
0x0000000109475000 	/usr/lib/libusrtcp.dylib
0x00000001094e5000 	/usr/lib/libapple_crypto.dylib
0x00000001094ec000 	/System/Library/Frameworks/CoreServices.framework/Versions/A/Frameworks/FSEvents.framework/Versions/A/FSEvents
0x00000001094fc000 	/System/Library/Frameworks/CoreServices.framework/Versions/A/Frameworks/CarbonCore.framework/Versions/A/CarbonCore
0x000000010999e000 	/System/Library/Frameworks/CoreServices.framework/Versions/A/Frameworks/Metadata.framework/Versions/A/Metadata
0x000000010984a000 	/System/Library/Frameworks/CoreServices.framework/Versions/A/Frameworks/OSServices.framework/Versions/A/OSServices
0x0000000109acd000 	/System/Library/Frameworks/CoreServices.framework/Versions/A/Frameworks/SearchKit.framework/Versions/A/SearchKit
0x0000000109b7f000 	/System/Library/Frameworks/CoreServices.framework/Versions/A/Frameworks/AE.framework/Versions/A/AE
0x0000000109c25000 	/System/Library/Frameworks/CoreServices.framework/Versions/A/Frameworks/LaunchServices.framework/Versions/A/LaunchServices
0x0000000109ef5000 	/System/Library/Frameworks/CoreServices.framework/Versions/A/Frameworks/DictionaryServices.framework/Versions/A/DictionaryServices
0x0000000109f55000 	/System/Library/Frameworks/CoreServices.framework/Versions/A/Frameworks/SharedFileList.framework/Versions/A/SharedFileList
0x0000000109f9d000 	/System/Library/Frameworks/NetFS.framework/Versions/A/NetFS
0x0000000109fb3000 	/System/Library/PrivateFrameworks/NetAuth.framework/Versions/A/NetAuth
0x00000001098f6000 	/System/Library/PrivateFrameworks/login.framework/Versions/A/Frameworks/loginsupport.framework/Versions/A/loginsupport
0x0000000109fcb000 	/System/Library/PrivateFrameworks/TCC.framework/Versions/A/TCC
0x0000000109fde000 	/usr/lib/libmecabra.dylib
0x000000010a264000 	/System/Library/Frameworks/ApplicationServices.framework/Versions/A/Frameworks/ATS.framework/Versions/A/ATS
0x000000010a2f6000 	/System/Library/Frameworks/ApplicationServices.framework/Versions/A/Frameworks/ColorSyncLegacy.framework/Versions/A/ColorSyncLegacy
0x000000010a303000 	/System/Library/Frameworks/ApplicationServices.framework/Versions/A/Frameworks/HIServices.framework/Versions/A/HIServices
0x000000010a38f000 	/System/Library/Frameworks/ApplicationServices.framework/Versions/A/Frameworks/LangAnalysis.framework/Versions/A/LangAnalysis
0x000000010a3ac000 	/System/Library/Frameworks/ApplicationServices.framework/Versions/A/Frameworks/PrintCore.framework/Versions/A/PrintCore
0x000000010a427000 	/System/Library/Frameworks/ApplicationServices.framework/Versions/A/Frameworks/QD.framework/Versions/A/QD
0x000000010a48d000 	/System/Library/Frameworks/ApplicationServices.framework/Versions/A/Frameworks/SpeechSynthesis.framework/Versions/A/SpeechSynthesis
0x000000010a4ae000 	/System/Library/Frameworks/CoreDisplay.framework/Versions/A/CoreDisplay
0x000000010a5be000 	/System/Library/Frameworks/Accelerate.framework/Versions/A/Frameworks/vImage.framework/Versions/A/vImage
0x00000001014b6000 	/System/Library/Frameworks/Accelerate.framework/Versions/A/Frameworks/vecLib.framework/Versions/A/vecLib
0x000000010ad81000 	/System/Library/Frameworks/Accelerate.framework/Versions/A/Frameworks/vecLib.framework/Versions/A/libvDSP.dylib
0x000000010af03000 	/System/Library/Frameworks/Accelerate.framework/Versions/A/Frameworks/vecLib.framework/Versions/A/libBNNS.dylib
0x000000010af47000 	/System/Library/Frameworks/Accelerate.framework/Versions/A/Frameworks/vecLib.framework/Versions/A/libQuadrature.dylib
0x000000010af51000 	/System/Library/Frameworks/Accelerate.framework/Versions/A/Frameworks/vecLib.framework/Versions/A/libvMisc.dylib
0x000000010b014000 	/System/Library/Frameworks/Accelerate.framework/Versions/A/Frameworks/vecLib.framework/Versions/A/libLAPACK.dylib
0x000000010b44e000 	/System/Library/Frameworks/Accelerate.framework/Versions/A/Frameworks/vecLib.framework/Versions/A/libBLAS.dylib
0x000000010b613000 	/System/Library/Frameworks/Accelerate.framework/Versions/A/Frameworks/vecLib.framework/Versions/A/libLinearAlgebra.dylib
0x000000010b633000 	/System/Library/Frameworks/Accelerate.framework/Versions/A/Frameworks/vecLib.framework/Versions/A/libSparse.dylib
0x000000010b6cd000 	/System/Library/Frameworks/Accelerate.framework/Versions/A/Frameworks/vecLib.framework/Versions/A/libSparseBLAS.dylib
0x000000010b6e7000 	/System/Library/PrivateFrameworks/GPUWrangler.framework/Versions/A/GPUWrangler
0x000000010b6f3000 	/System/Library/PrivateFrameworks/IOAccelerator.framework/Versions/A/IOAccelerator
0x000000010b705000 	/System/Library/PrivateFrameworks/IOPresentment.framework/Versions/A/IOPresentment
0x000000010b737000 	/System/Library/PrivateFrameworks/DSExternalDisplay.framework/Versions/A/DSExternalDisplay
0x000000010b742000 	/System/Library/Frameworks/OpenGL.framework/Versions/A/Libraries/libCoreFSCache.dylib
0x000000010b74d000 	/System/Library/Frameworks/CoreVideo.framework/Versions/A/CoreVideo
0x000000010b7b0000 	/System/Library/PrivateFrameworks/GraphVisualizer.framework/Versions/A/GraphVisualizer
0x00000001019c8000 	/System/Library/Frameworks/MetalPerformanceShaders.framework/Versions/A/MetalPerformanceShaders
0x000000010b7ca000 	/usr/lib/libFosl_dynamic.dylib
0x000000010b9cc000 	/System/Library/PrivateFrameworks/FaceCore.framework/Versions/A/FaceCore
0x000000010c018000 	/System/Library/Frameworks/OpenCL.framework/Versions/A/OpenCL
0x000000010c08c000 	/usr/lib/libcompression.dylib
0x000000010c0ab000 	/System/Library/Frameworks/ApplicationServices.framework/Versions/A/Frameworks/ATS.framework/Versions/A/Resources/libFontParser.dylib
0x000000010c250000 	/System/Library/Frameworks/ApplicationServices.framework/Versions/A/Frameworks/ATS.framework/Versions/A/Resources/libFontRegistry.dylib
0x000000010c2cf000 	/System/Library/Frameworks/ImageIO.framework/Versions/A/Resources/libJPEG.dylib
0x000000010c2fb000 	/System/Library/Frameworks/ImageIO.framework/Versions/A/Resources/libTIFF.dylib
0x000000010c359000 	/System/Library/Frameworks/ImageIO.framework/Versions/A/Resources/libPng.dylib
0x000000010c38b000 	/System/Library/Frameworks/ImageIO.framework/Versions/A/Resources/libGIF.dylib
0x000000010c395000 	/System/Library/Frameworks/ImageIO.framework/Versions/A/Resources/libJP2.dylib
0x00000001019d3000 	/System/Library/Frameworks/ImageIO.framework/Versions/A/Resources/libRadiance.dylib
0x000000010c4a6000 	/System/Library/PrivateFrameworks/AppleJPEG.framework/Versions/A/AppleJPEG
0x000000010c4fb000 	/System/Library/Frameworks/MetalPerformanceShaders.framework/Frameworks/MPSCore.framework/Versions/A/MPSCore
0x000000010c528000 	/System/Library/Frameworks/MetalPerformanceShaders.framework/Frameworks/MPSImage.framework/Versions/A/MPSImage
0x000000010c5c7000 	/System/Library/Frameworks/MetalPerformanceShaders.framework/Frameworks/MPSNeuralNetwork.framework/Versions/A/MPSNeuralNetwork
0x000000010c714000 	/System/Library/Frameworks/MetalPerformanceShaders.framework/Frameworks/MPSMatrix.framework/Versions/A/MPSMatrix
0x000000010c748000 	/System/Library/PrivateFrameworks/MetalTools.framework/Versions/A/MetalTools
0x000000010c834000 	/System/Library/Frameworks/OpenGL.framework/Versions/A/Libraries/libGLU.dylib
0x000000010c882000 	/System/Library/Frameworks/OpenGL.framework/Versions/A/Libraries/libGFXShared.dylib
0x000000010c893000 	/System/Library/Frameworks/OpenGL.framework/Versions/A/Libraries/libGL.dylib
0x000000010c8b3000 	/System/Library/Frameworks/OpenGL.framework/Versions/A/Libraries/libGLImage.dylib
0x000000010c8f7000 	/System/Library/Frameworks/OpenGL.framework/Versions/A/Libraries/libCVMSPluginSupport.dylib
0x000000010c8ff000 	/System/Library/Frameworks/OpenGL.framework/Versions/A/Libraries/libCoreVMClient.dylib
0x000000010c90b000 	/usr/lib/libcups.2.dylib
0x000000010c97a000 	/System/Library/Frameworks/Kerberos.framework/Versions/A/Kerberos
0x000000010c9ad000 	/System/Library/Frameworks/GSS.framework/Versions/A/GSS
0x000000010c9ff000 	/usr/lib/libresolv.9.dylib
0x000000010ca27000 	/usr/lib/libiconv.2.dylib
0x000000010cb29000 	/System/Library/PrivateFrameworks/Heimdal.framework/Versions/A/Heimdal
0x000000010cbcf000 	/usr/lib/libheimdal-asn1.dylib
0x000000010cbdb000 	/System/Library/Frameworks/OpenDirectory.framework/Versions/A/OpenDirectory
0x000000010cbfb000 	/System/Library/PrivateFrameworks/CommonAuth.framework/Versions/A/CommonAuth
0x000000010cc0c000 	/System/Library/Frameworks/OpenDirectory.framework/Versions/A/Frameworks/CFOpenDirectory.framework/Versions/A/CFOpenDirectory
0x000000010cc4a000 	/System/Library/Frameworks/SecurityFoundation.framework/Versions/A/SecurityFoundation
0x000000010cd45000 	/System/Library/PrivateFrameworks/APFS.framework/Versions/A/APFS
0x000000010cdf0000 	/usr/lib/libutil.dylib
0x000000010cdfa000 	/System/Library/PrivateFrameworks/AppleSauce.framework/Versions/A/AppleSauce
0x000000010ce2d000 	/System/Library/PrivateFrameworks/LinguisticData.framework/Versions/A/LinguisticData
0x000000010ce3c000 	/usr/lib/libmarisa.dylib
0x000000010ce60000 	/System/Library/PrivateFrameworks/Lexicon.framework/Versions/A/Lexicon
0x000000010ceb2000 	/usr/lib/libChineseTokenizer.dylib
0x000000010cecc000 	/usr/lib/libcmph.dylib
0x000000010cee5000 	/System/Library/PrivateFrameworks/LanguageModeling.framework/Versions/A/LanguageModeling
0x000000010d000000 	/System/Library/PrivateFrameworks/CoreEmoji.framework/Versions/A/CoreEmoji
0x000000010d01a000 	/System/Library/Frameworks/ServiceManagement.framework/Versions/A/ServiceManagement
0x000000010d026000 	/System/Library/PrivateFrameworks/BackgroundTaskManagement.framework/Versions/A/BackgroundTaskManagement
0x000000010d039000 	/usr/lib/libxslt.1.dylib
0x000000010d06f000 	/System/Library/Frameworks/Carbon.framework/Versions/A/Frameworks/Ink.framework/Versions/A/Ink
0x000000010d138000 	/System/Library/PrivateFrameworks/TextureIO.framework/Versions/A/TextureIO
0x000000010d215000 	/usr/lib/libate.dylib
0x000000010d326000 	/System/Library/PrivateFrameworks/CrashReporterSupport.framework/Versions/A/CrashReporterSupport
0x000000010d348000 	/System/Library/PrivateFrameworks/Sharing.framework/Versions/A/Sharing
0x000000010d550000 	/System/Library/PrivateFrameworks/IconServices.framework/Versions/A/IconServices
0x000000010d598000 	/System/Library/PrivateFrameworks/AuthKit.framework/Versions/A/AuthKit
0x000000010d87d000 	/System/Library/PrivateFrameworks/Apple80211.framework/Versions/A/Apple80211
0x000000010d8b4000 	/System/Library/PrivateFrameworks/CoreUtils.framework/Versions/A/CoreUtils
0x000000010da9d000 	/System/Library/Frameworks/CoreWLAN.framework/Versions/A/CoreWLAN
0x000000010db86000 	/System/Library/Frameworks/IOBluetooth.framework/Versions/A/IOBluetooth
0x000000010dd16000 	/System/Library/PrivateFrameworks/ProtocolBuffer.framework/Versions/A/ProtocolBuffer
0x000000010dd51000 	/System/Library/PrivateFrameworks/MobileKeyBag.framework/Versions/A/MobileKeyBag
0x000000010dd81000 	/System/Library/PrivateFrameworks/CorePhoneNumbers.framework/Versions/A/CorePhoneNumbers
0x000000010dd92000 	/System/Library/PrivateFrameworks/AppleIDAuthSupport.framework/Versions/A/AppleIDAuthSupport
0x000000010ddaa000 	/System/Library/PrivateFrameworks/KeychainCircle.framework/Versions/A/KeychainCircle
0x000000010ddd5000 	/System/Library/PrivateFrameworks/CoreWiFi.framework/Versions/A/CoreWiFi
0x000000010de9b000 	/System/Library/Frameworks/CoreBluetooth.framework/Versions/A/CoreBluetooth
0x000000010dee3000 	/System/Library/PrivateFrameworks/DebugSymbols.framework/Versions/A/DebugSymbols
0x000000010df43000 	/System/Library/PrivateFrameworks/CoreSymbolication.framework/Versions/A/CoreSymbolication
0x000000010e029000 	/System/Library/PrivateFrameworks/Symbolication.framework/Versions/A/Symbolication
0x000000010e10c000 	/System/Library/PrivateFrameworks/AppleFSCompression.framework/Versions/A/AppleFSCompression
0x000000010e125000 	/System/Library/PrivateFrameworks/SpeechRecognitionCore.framework/Versions/A/SpeechRecognitionCore
0x000000010ee00000 	/Applications/Android Studio.app/Contents/jre/jdk/Contents/Home/jre/lib/server/libjvm.dylib
0x000000010e548000 	/usr/lib/libstdc++.6.dylib
0x000000010fcaf000 	/Applications/Android Studio.app/Contents/jre/jdk/Contents/Home/jre/lib/libverify.dylib
0x000000010fcc0000 	/Applications/Android Studio.app/Contents/jre/jdk/Contents/Home/jre/lib/libjava.dylib
0x000000010fd52000 	/Applications/Android Studio.app/Contents/jre/jdk/Contents/Home/jre/lib/libzip.dylib
0x00000001262b4000 	/Applications/Android Studio.app/Contents/jre/jdk/Contents/Home/jre/lib/libnet.dylib
0x0000000125e5d000 	/Applications/Android Studio.app/Contents/jre/jdk/Contents/Home/jre/lib/libnio.dylib
0x00000001088b4000 	/Users/aleksandrgulaev/.gradle/native/30/osx-amd64/libnative-platform.dylib
0x00000001267bb000 	/Applications/Android Studio.app/Contents/jre/jdk/Contents/Home/jre/lib/libmanagement.dylib

VM Arguments:
jvm_args: -Xmx1536m -Dfile.encoding=UTF-8 -Duser.country=US -Duser.language=en -Duser.variant 
java_command: org.gradle.launcher.daemon.bootstrap.GradleDaemon 5.6.4
java_class_path (initial): /Users/aleksandrgulaev/.gradle/wrapper/dists/gradle-5.6.4-all/ankdp27end7byghfw1q2sw75f/gradle-5.6.4/lib/gradle-launcher-5.6.4.jar
Launcher Type: SUN_STANDARD

Environment Variables:
PATH=/usr/local/bin:/usr/bin:/bin:/usr/sbin:/sbin:/usr/local/share/dotnet:~/.dotnet/tools:/Library/Frameworks/Mono.framework/Versions/Current/Commands:/Applications/Xamarin Workbooks.app/Contents/SharedSupport/path-bin
SHELL=/bin/bash

Signal Handlers:
SIGSEGV: [libjvm.dylib+0x5609d5], sa_mask[0]=11111111011111110111111111111111, sa_flags=SA_ONSTACK|SA_RESTART|SA_SIGINFO
SIGBUS: [libjvm.dylib+0x5609d5], sa_mask[0]=11111111011111110111111111111111, sa_flags=SA_RESTART|SA_SIGINFO
SIGFPE: [libjvm.dylib+0x458695], sa_mask[0]=11111111011111110111111111111111, sa_flags=SA_RESTART|SA_SIGINFO
SIGPIPE: [libjvm.dylib+0x458695], sa_mask[0]=11111111011111110111111111111111, sa_flags=SA_RESTART|SA_SIGINFO
SIGXFSZ: [libjvm.dylib+0x458695], sa_mask[0]=11111111011111110111111111111111, sa_flags=SA_RESTART|SA_SIGINFO
SIGILL: [libjvm.dylib+0x458695], sa_mask[0]=11111111011111110111111111111111, sa_flags=SA_RESTART|SA_SIGINFO
SIGUSR1: SIG_DFL, sa_mask[0]=00000000000000000000000000000000, sa_flags=none
SIGUSR2: [libjvm.dylib+0x458f94], sa_mask[0]=00100000000000000000000000000000, sa_flags=SA_RESTART|SA_SIGINFO
SIGHUP: [libjvm.dylib+0x4571b9], sa_mask[0]=11111111011111110111111111111111, sa_flags=SA_RESTART|SA_SIGINFO
SIGINT: [libjvm.dylib+0x4571b9], sa_mask[0]=11111111011111110111111111111111, sa_flags=SA_RESTART|SA_SIGINFO
SIGTERM: [libjvm.dylib+0x4571b9], sa_mask[0]=11111111011111110111111111111111, sa_flags=SA_RESTART|SA_SIGINFO
SIGQUIT: [libjvm.dylib+0x4571b9], sa_mask[0]=11111111011111110111111111111111, sa_flags=SA_RESTART|SA_SIGINFO


---------------  S Y S T E M  ---------------

OS:Bsduname:Darwin 17.7.0 Darwin Kernel Version 17.7.0: Tue Feb 18 22:51:29 PST 2020; root:xnu-4570.71.73~1/RELEASE_X86_64 x86_64
rlimit: STACK 8192k, CORE 0k, NPROC 1418, NOFILE 10240, AS infinity
load average:3.88 4.17 3.54

CPU:total 4 (initial active 4) (4 cores per cpu, 1 threads per core) family 6 model 42 stepping 7, cmov, cx8, fxsr, mmx, sse, sse2, sse3, ssse3, sse4.1, sse4.2, popcnt, avx, aes, clmul, tsc, tscinvbit

Memory: 4k page, physical 16777216k(312904k free)

/proc/meminfo:


vm_info: OpenJDK 64-Bit Server VM (25.212-b4-5784211) for bsd-amd64 JRE (1.8.0_212-release-1586-b4-5784211), built by "android-build" with gcc 4.2.1 Compatible Android (5657785 based on r353983d) Clang 9.0.4 (https://android.googlesource.com/toolchain/llvm-project 2a90cc9d899e6fe6dcf0da193244b25f75735c7b)

time: Tue May 19 21:21:21 2020
timezone: MSK
elapsed time: 2 seconds (0d 0h 0m 2s)

