#
# A fatal error has been detected by the Java Runtime Environment:
#
#  SIGBUS (0xa) at pc=0x00000007c002a660, pid=87547, tid=0x0000000000001e07
#
# JRE version: OpenJDK Runtime Environment (8.0_212) (build 1.8.0_212-release-1586-b4-5784211)
# Java VM: OpenJDK 64-Bit Server VM (25.212-b4-5784211 mixed mode bsd-amd64 compressed oops)
# Problematic frame:
# C  0x00000007c002a660
#
# Failed to write core dump. Core dumps have been disabled. To enable core dumping, try "ulimit -c unlimited" before starting Java again
#
# If you would like to submit a bug report, please visit:
#   http://bugreport.java.com/bugreport/crash.jsp
#

---------------  T H R E A D  ---------------

Current thread (0x00007fa94f008800):  GCTaskThread [stack: 0x0000700005fe8000,0x00007000060e8000] [id=7687]

siginfo: si_signo: 10 (SIGBUS), si_code: 2 (BUS_ADRERR), si_addr: 0x00000007c002a660

Registers:
RAX=0x00000007c002b238, RBX=0x00000007ae0e384d, RCX=0x0000000000000003, RDX=0x000000011a60adf8
RSP=0x00007000060e7bf8, RBP=0x00007000060e7c60, RSI=0x00000007a796b7c0, RDI=0x00000007c0473e30
R8 =0x0000000000000000, R9 =0x000000000000001a, R10=0x00007fa94de048e8, R11=0x000000000661c048
R12=0x0000000000000000, R13=0x0000000000000005, R14=0x00007fa94f032600, R15=0x00000007a796b7c0
RIP=0x00000007c002a660, EFLAGS=0x0000000000010246, ERR=0x0000000000000015
  TRAPNO=0x000000000000000e

Top of Stack: (sp=0x00007000060e7bf8)
0x00007000060e7bf8:   000000011a2951da 00000007ae0e0040
0x00007000060e7c08:   0000000000001000 0000000000000000
0x00007000060e7c18:   0000000760c01bb5 0000000760c01bb4
0x00007000060e7c28:   0000000000000009 000000000000001a
0x00007000060e7c38:   00000007ae0e384d 000000011a61bad3
0x00007000060e7c48:   00007fa94f032600 00000007ae0e384c
0x00007000060e7c58:   000000011a60ade8 00007000060e7c90
0x00007000060e7c68:   000000011a294b12 00000007ae0e384d
0x00007000060e7c78:   000000011a620370 00007fa94f032660
0x00007000060e7c88:   00007fa94f032698 00007000060e7ce0
0x00007000060e7c98:   000000011a2949a1 00000007c0473930
0x00007000060e7ca8:   00000007ae0e384d 0000000760c0c1dc
0x00007000060e7cb8:   0000000000000240 0000000760c0c200
0x00007000060e7cc8:   000000012a075081 0000000760c0c210
0x00007000060e7cd8:   000000012a075061 00007000060e7d90
0x00007000060e7ce8:   0000000119f3bea9 0000000000000000
0x00007000060e7cf8:   000000012a075080 000000012a075001
0x00007000060e7d08:   000000012a075080 000000012a075000
0x00007000060e7d18:   0000000000000200 000000012a079769
0x00007000060e7d28:   00000007614ed390 0000000000000000
0x00007000060e7d38:   00007fa94f032600 0000000760c0aca0
0x00007000060e7d48:   0000000760c10008 000000012a07976a
0x00007000060e7d58:   00007fa94de04320 00007fa94de04750
0x00007000060e7d68:   00007fa94dd0d830 00007fa94dd0d830
0x00007000060e7d78:   000000011a3c9c46 00007fa94f032600
0x00007000060e7d88:   0000000000000001 00007000060e7dc0
0x00007000060e7d98:   000000011a298139 00007fa900000004
0x00007000060e7da8:   00007fa950232de0 00007fa94f008800
0x00007000060e7db8:   0000000000000000 00007000060e7ea0
0x00007000060e7dc8:   000000011a0580d1 000000011a61bbd8
0x00007000060e7dd8:   00007fa94f008800 00007fa94de08050
0x00007000060e7de8:   00007fa94de08090 00007fa94de080a0 

Instructions: (pc=0x00000007c002a660)
0x00000007c002a640:   00 00 00 00 00 00 00 00 0c 00 00 00 02 00 00 00
0x00000007c002a650:   24 00 00 00 02 00 00 00 30 00 00 00 03 00 00 00
0x00000007c002a660:   f8 9c 5e 1a 01 00 00 00 19 00 00 00 30 00 00 00
0x00000007c002a670:   c0 e1 0d 19 01 00 00 00 88 10 00 c0 07 00 00 00 

Register to memory mapping:

RAX=0x00000007c002b238 is pointing into metadata
RBX=0x00000007ae0e384d is an unknown value
RCX=0x0000000000000003 is an unknown value
RDX=0x000000011a60adf8: _ZN8Universe13_narrow_klassE+0 in /Applications/Android Studio.app/Contents/jre/jdk/Contents/Home/jre/lib/server/libjvm.dylib at 0x0000000119e00000
RSP=0x00007000060e7bf8 is an unknown value
RBP=0x00007000060e7c60 is an unknown value
RSI=0x00000007a796b7c0 is an oop
