#
# A fatal error has been detected by the Java Runtime Environment:
#
#  SIGSEGV (0xb) at pc=0x000000011ce4e57a, pid=87512, tid=0x0000000000005003
#
# JRE version: OpenJDK Runtime Environment (8.0_212) (build 1.8.0_212-release-1586-b4-5784211)
# Java VM: OpenJDK 64-Bit Server VM (25.212-b4-5784211 mixed mode bsd-amd64 compressed oops)
# Problematic frame:
# V  [libjvm.dylib+0x44e57a]  JavaThreadBlockedOnMonitorEnterState::JavaThreadBlockedOnMonitorEnterState(JavaThread*, ObjectMonitor*)+0x50
#
# Failed to write core dump. Core dumps have been disabled. To enable core dumping, try "ulimit -c unlimited" before starting Java again
#
# If you would like to submit a bug report, please visit:
#   http://bugreport.java.com/bugreport/crash.jsp
#

---------------  T H R E A D  ---------------

Current thread (0x00007fe888002800):  JavaThread "Finalizer" daemon [_thread_in_vm, id=20483, stack(0x0000700001e00000,0x0000700001f00000)]

siginfo: si_signo: 11 (SIGSEGV), si_code: 0 (unknown), si_addr: 0x0000000000000000

Registers:
RAX=0x000000011d21bad1, RBX=0x0000700001eff880, RCX=0x000000011d21bfb8, RDX=0x00000007ac37fe01
RSP=0x0000700001eff850, RBP=0x0000700001eff870, RSI=0x00007fe888002800, RDI=0x00000007601fd798
R8 =0x00007fe886d10848, R9 =0x00007fe886d10880, R10=0x000000011ceb64c4, R11=0x000000011e18a960
R12=0xcdf4841038f8000c, R13=0x000000011d21bad3, R14=0x00007fe888002800, R15=0x00000007ac37fe71
RIP=0x000000011ce4e57a, EFLAGS=0x0000000000010202, ERR=0x0000000000000000
  TRAPNO=0x000000000000000d

Top of Stack: (sp=0x0000700001eff850)
0x0000700001eff850:   00007fe888002800 000000011d220370
0x0000700001eff860:   00000007ac37fe71 00000007abf6f8c8
0x0000700001eff870:   0000700001eff920 000000011ce4b364
0x0000700001eff880:   0000000000000005 00007fe888002800
0x0000700001eff890:   0000700001eff801 0000000000000000
0x0000700001eff8a0:   0000000000000000 00007fe886d10800
0x0000700001eff8b0:   0000000000000000 0000000000000000
0x0000700001eff8c0:   0000420000000000 00007fe886e058f8
0x0000700001eff8d0:   0000000000000000 0000700001eff9d8
0x0000700001eff8e0:   00000007ac37fee9 0000700001eff9a0
0x0000700001eff8f0:   0000700001eff920 00007fe888002800
0x0000700001eff900:   0000000000000000 0000700001eff9d8
0x0000700001eff910:   0000700001eff9a0 00000007abf6f8c8
0x0000700001eff920:   0000700001eff950 000000011ceb655b
0x0000700001eff930:   00007fe888002800 00000007ac37fe73
0x0000700001eff940:   0000700001effa48 00007fe888002800
0x0000700001eff950:   0000700001effa28 000000011d9c6b48
0x0000700001eff960:   0000700001effa28 000000011e18abe4
0x0000700001eff970:   0000700001eff988 00000007601fd930
0x0000700001eff980:   00000007abf6f8c8 00000007abf6f8c8
0x0000700001eff990:   000000076003ae68 000000076003ae88
0x0000700001eff9a0:   0000000000000003 0000000000000001
0x0000700001eff9b0:   0000000000000003 0000000000000000
0x0000700001eff9c0:   0000700001effa28 000000011d8cdffd
0x0000700001eff9d0:   000000011d8cdffd 00000007601fd930
0x0000700001eff9e0:   00000007abf6f8c8 0000700001eff9e8
0x0000700001eff9f0:   000000013059dd7d 0000700001effa48
0x0000700001effa00:   000000013059de60 0000000000000000
0x0000700001effa10:   000000013059ddb0 0000700001eff9d8
0x0000700001effa20:   0000700001effa48 0000700001effab0
0x0000700001effa30:   000000011d8c64e7 00000007abf6f8c8
0x0000700001effa40:   00000007601fd930 00000007601fd798 

Instructions: (pc=0x000000011ce4e57a)
0x000000011ce4e55a:   8b 67 08 48 8d 05 14 e2 3c 00 4c 39 20 0f 84 09
0x000000011ce4e56a:   01 00 00 48 8d 05 5d d5 3c 00 8a 10 84 d2 74 1a
0x000000011ce4e57a:   41 8b 44 24 08 48 8d 3d 72 c8 3b 00 8a 4f 08 48
0x000000011ce4e58a:   89 c6 48 d3 e6 48 03 37 eb 08 49 8b 44 24 08 48 

Register to memory mapping:

RAX=0x000000011d21bad1: UseCompressedClassPointers+0 in /Applications/Android Studio.app/Contents/jre/jdk/Contents/Home/jre/lib/server/libjvm.dylib at 0x000000011ca00000
RBX=0x0000700001eff880 is pointing into the stack for thread: 0x00007fe888002800
RCX=0x000000011d21bfb8: EnableTracing+0 in /Applications/Android Studio.app/Contents/jre/jdk/Contents/Home/jre/lib/server/libjvm.dylib at 0x000000011ca00000
RDX=0x00000007ac37fe01 is an unknown value
RSP=0x0000700001eff850 is pointing into the stack for thread: 0x00007fe888002800
RBP=0x0000700001eff870 is pointing into the stack for thread: 0x00007fe888002800
RSI=0x00007fe888002800 is a thread
RDI=0x00000007601fd798 is an oop
java.lang.ref.Finalizer$FinalizerThread 
 - klass: 'java/lang/ref/Finalizer$FinalizerThread'
R8 =0x00007fe886d10848 is an unknown value
R9 =0x00007fe886d10880 is an unknown value
R10=0x000000011ceb64c4: _ZN13SharedRuntime26complete_monitor_locking_CEP7oopDescP9BasicLockP10JavaThread+0 in /Applications/Android Studio.app/Contents/jre/jdk/Contents/Home/jre/lib/server/libjvm.dylib at 0x000000011ca00000
R11=0x000000011e18a960 is at entry_point+0 in (nmethod*)0x000000011e18a7d0
R12=0xcdf4841038f8000c is an unknown value
R13=0x000000011d21bad3: AssumeMP+0 in /Applications/Android Studio.app/Contents/jre/jdk/Contents/Home/jre/lib/server/libjvm.dylib at 0x000000011ca00000
R14=0x00007fe888002800 is a thread
R15=0x00000007ac37fe71 is an unknown value


Stack: [0x0000700001e00000,0x0000700001f00000],  sp=0x0000700001eff850,  free space=1022k
Native frames: (J=compiled Java code, j=interpreted, Vv=VM code, C=native code)
V  [libjvm.dylib+0x44e57a]  JavaThreadBlockedOnMonitorEnterState::JavaThreadBlockedOnMonitorEnterState(JavaThread*, ObjectMonitor*)+0x50
V  [libjvm.dylib+0x44b364]  ObjectMonitor::enter(Thread*)+0x112
V  [libjvm.dylib+0x4b655b]  SharedRuntime::complete_monitor_locking_C(oopDesc*, BasicLock*, JavaThread*)+0x97
v  ~RuntimeStub::_complete_monitor_locking_Java
J 2315 C2 java.lang.ref.Finalizer.access$100(Ljava/lang/ref/Finalizer;Lsun/misc/JavaLangAccess;)V (6 bytes) @ 0x000000011e18abe4 [0x000000011e18a960+0x284]
j  java.lang.ref.Finalizer$FinalizerThread.run()V+45
v  ~StubRoutines::call_stub
V  [libjvm.dylib+0x2ca3be]  JavaCalls::call_helper(JavaValue*, methodHandle*, JavaCallArguments*, Thread*)+0x69e
V  [libjvm.dylib+0x2c9212]  JavaCalls::call_virtual(JavaValue*, KlassHandle, Symbol*, Symbol*, JavaCallArguments*, Thread*)+0x14a
V  [libjvm.dylib+0x2c93f2]  JavaCalls::call_virtual(JavaValue*, Handle, KlassHandle, Symbol*, Symbol*, Thread*)+0x56
V  [libjvm.dylib+0x3189d9]  thread_entry(JavaThread*, Thread*)+0x78
V  [libjvm.dylib+0x52321e]  JavaThread::thread_main_inner()+0x82
V  [libjvm.dylib+0x5230e3]  JavaThread::run()+0x199
V  [libjvm.dylib+0x4562e3]  java_start(Thread*)+0xfa
C  [libsystem_pthread.dylib+0x3661]  _pthread_body+0x154
C  [libsystem_pthread.dylib+0x350d]  _pthread_body+0x0
C  [libsystem_pthread.dylib+0x2bf9]  thread_start+0xd
C  0x0000000000000000

Java frames: (J=compiled Java code, j=interpreted, Vv=VM code)
v  ~RuntimeStub::_complete_monitor_locking_Java
J 2315 C2 java.lang.ref.Finalizer.access$100(Ljava/lang/ref/Finalizer;Lsun/misc/JavaLangAccess;)V (6 bytes) @ 0x000000011e18abe4 [0x000000011e18a960+0x284]
j  java.lang.ref.Finalizer$FinalizerThread.run()V+45
v  ~StubRoutines::call_stub

---------------  P R O C E S S  ---------------

Java Threads: ( => current thread )
  0x00007fe887b84800 JavaThread "stdout" [_thread_in_native, id=34819, stack(0x00007000045a0000,0x00007000046a0000)]
  0x00007fe887a0c000 JavaThread "stderr" [_thread_in_native, id=35331, stack(0x000070000449d000,0x000070000459d000)]
  0x00007fe88c209000 JavaThread "process reaper" daemon [_thread_in_native, id=35587, stack(0x0000700004472000,0x000070000449a000)]
  0x00007fe88762d800 JavaThread "pool-2-thread-1" [_thread_blocked, id=27139, stack(0x000070000436f000,0x000070000446f000)]
  0x00007fe88812e000 JavaThread "WorkerExecutor Queue Thread 2" [_thread_blocked, id=36355, stack(0x000070000426c000,0x000070000436c000)]
  0x00007fe887959800 JavaThread "WorkerExecutor Queue" [_thread_blocked, id=26883, stack(0x0000700004169000,0x0000700004269000)]
  0x00007fe888645000 JavaThread "Cache worker for execution history cache (/Users/aleksandrgulaev/Documents/programming/geekbrains/geekbrains_android_libraries/hw01 copy/.gradle/5.6.4/executionHistory)" [_thread_blocked, id=37123, stack(0x0000700004066000,0x0000700004166000)]
  0x00007fe888fdf800 JavaThread "Execution worker for ':' Thread 3" [_thread_in_vm, id=26371, stack(0x0000700003f63000,0x0000700004063000)]
  0x00007fe88762c800 JavaThread "Execution worker for ':' Thread 2" [_thread_blocked, id=37379, stack(0x0000700003e60000,0x0000700003f60000)]
  0x00007fe88a3f6000 JavaThread "Execution worker for ':'" [_thread_in_Java, id=37891, stack(0x0000700003d5d000,0x0000700003e5d000)]
  0x00007fe88d385800 JavaThread "Cache worker for file content cache (/Users/aleksandrgulaev/Documents/programming/geekbrains/geekbrains_android_libraries/hw01 copy/.gradle/5.6.4/fileContent)" [_thread_blocked, id=38147, stack(0x0000700003c5a000,0x0000700003d5a000)]
  0x00007fe88a709000 JavaThread "Cache worker for file content cache (/Users/aleksandrgulaev/.gradle/caches/5.6.4/fileContent)" [_thread_blocked, id=3079, stack(0x0000700003b57000,0x0000700003c57000)]
  0x00007fe887e91800 JavaThread "Memory manager" [_thread_blocked, id=3847, stack(0x0000700001562000,0x0000700001662000)]
  0x00007fe88d108800 JavaThread "Cache worker for Build Output Cleanup Cache (/Users/aleksandrgulaev/Documents/programming/geekbrains/geekbrains_android_libraries/hw01 copy/.gradle/buildOutputCleanup)" [_thread_blocked, id=38659, stack(0x0000700003a54000,0x0000700003b54000)]
  0x00007fe88aa2e800 JavaThread "Build operations Thread 4" [_thread_blocked, id=39171, stack(0x0000700003951000,0x0000700003a51000)]
  0x00007fe88bd8b000 JavaThread "Build operations Thread 3" [_thread_blocked, id=39427, stack(0x000070000384e000,0x000070000394e000)]
  0x00007fe88c5eb000 JavaThread "Build operations Thread 2" [_thread_blocked, id=25091, stack(0x000070000374b000,0x000070000384b000)]
  0x00007fe88c5ce000 JavaThread "Build operations" [_thread_blocked, id=24579, stack(0x0000700003648000,0x0000700003748000)]
  0x00007fe888194000 JavaThread "Cache worker for execution history cache (/Users/aleksandrgulaev/.gradle/caches/5.6.4/executionHistory)" [_thread_blocked, id=24067, stack(0x0000700003545000,0x0000700003645000)]
  0x00007fe88a91e800 JavaThread "Cache worker for cache directory md-rule (/Users/aleksandrgulaev/.gradle/caches/5.6.4/md-rule)" [_thread_blocked, id=39939, stack(0x0000700003442000,0x0000700003542000)]
  0x00007fe8882a9000 JavaThread "Cache worker for cache directory md-supplier (/Users/aleksandrgulaev/.gradle/caches/5.6.4/md-supplier)" [_thread_blocked, id=40195, stack(0x000070000333f000,0x000070000343f000)]
  0x00007fe888929800 JavaThread "Cache worker for file hash cache (/Users/aleksandrgulaev/Documents/programming/geekbrains/geekbrains_android_libraries/hw01 copy/.gradle/5.6.4/fileHashes)" [_thread_blocked, id=23299, stack(0x000070000323c000,0x000070000333c000)]
  0x00007fe88763b000 JavaThread "Cache worker for journal cache (/Users/aleksandrgulaev/.gradle/caches/journal-1)" [_thread_blocked, id=40707, stack(0x0000700003139000,0x0000700003239000)]
  0x00007fe888cbf000 JavaThread "File lock request listener" [_thread_in_native, id=22787, stack(0x0000700003036000,0x0000700003136000)]
  0x00007fe888657800 JavaThread "Cache worker for file hash cache (/Users/aleksandrgulaev/.gradle/caches/5.6.4/fileHashes)" [_thread_blocked, id=41475, stack(0x0000700002f33000,0x0000700003033000)]
  0x00007fe888649800 JavaThread "Thread-9" [_thread_blocked, id=41987, stack(0x0000700002e30000,0x0000700002f30000)]
  0x00007fe887d4b800 JavaThread "Stdin handler" [_thread_blocked, id=42243, stack(0x0000700002d2d000,0x0000700002e2d000)]
  0x00007fe888645800 JavaThread "Asynchronous log dispatcher for DefaultDaemonConnection: socket connection from /127.0.0.1:61925 to /127.0.0.1:61926" [_thread_blocked, id=42499, stack(0x0000700002c2a000,0x0000700002d2a000)]
  0x00007fe88863b000 JavaThread "Daemon worker" [_thread_in_Java, id=43011, stack(0x0000700002b27000,0x0000700002c27000)]
  0x00007fe887600000 JavaThread "Cancel handler" [_thread_blocked, id=43267, stack(0x0000700002a24000,0x0000700002b24000)]
  0x00007fe887666800 JavaThread "Handler for socket connection from /127.0.0.1:61925 to /127.0.0.1:61926" [_thread_in_native, id=15107, stack(0x0000700002921000,0x0000700002a21000)]
  0x00007fe88765a000 JavaThread "Daemon" [_thread_blocked, id=15619, stack(0x000070000281e000,0x000070000291e000)]
  0x00007fe887663800 JavaThread "Daemon periodic checks" [_thread_blocked, id=15875, stack(0x000070000271b000,0x000070000281b000)]
  0x00007fe887663000 JavaThread "Incoming local TCP Connector on port 61925" [_thread_in_native, id=16387, stack(0x0000700002618000,0x0000700002718000)]
  0x00007fe888c19800 JavaThread "Daemon health stats" [_thread_blocked, id=16899, stack(0x0000700002515000,0x0000700002615000)]
  0x00007fe88884b000 JavaThread "Service Thread" daemon [_thread_blocked, id=17155, stack(0x000070000230f000,0x000070000240f000)]
  0x00007fe888036000 JavaThread "C1 CompilerThread2" daemon [_thread_blocked, id=17411, stack(0x000070000220c000,0x000070000230c000)]
  0x00007fe888026800 JavaThread "C2 CompilerThread1" daemon [_thread_in_native, id=17923, stack(0x0000700002109000,0x0000700002209000)]
  0x00007fe888025000 JavaThread "C2 CompilerThread0" daemon [_thread_blocked, id=18179, stack(0x0000700002006000,0x0000700002106000)]
  0x00007fe88800c800 JavaThread "Signal Dispatcher" daemon [_thread_blocked, id=13323, stack(0x0000700001f03000,0x0000700002003000)]
=>0x00007fe888002800 JavaThread "Finalizer" daemon [_thread_in_vm, id=20483, stack(0x0000700001e00000,0x0000700001f00000)]
  0x00007fe887811800 JavaThread "Reference Handler" daemon [_thread_blocked, id=11779, stack(0x0000700001cfd000,0x0000700001dfd000)]
  0x00007fe88780b000 JavaThread "main" [_thread_blocked, id=6403, stack(0x00007000016eb000,0x00007000017eb000)]

Other Threads:
  0x00007fe88881f000 VMThread [stack: 0x0000700001bfa000,0x0000700001cfa000] [id=20995]
  0x00007fe887818800 WatcherThread [stack: 0x0000700002412000,0x0000700002512000] [id=14339]

VM state:not at safepoint (normal execution)

VM Mutex/Monitor currently owned by a thread: None

heap address: 0x0000000760000000, size: 1536 MB, Compressed Oops mode: Zero based, Oop shift amount: 3
Narrow klass base: 0x0000000000000000, Narrow klass shift: 3
Compressed class space size: 1073741824 Address: 0x00000007c0000000

Heap:
 PSYoungGen      total 208896K, used 34207K [0x00000007a0000000, 0x00000007b0580000, 0x00000007c0000000)
  eden space 187392K, 6% used [0x00000007a0000000,0x00000007a0c6d678,0x00000007ab700000)
  from space 21504K, 99% used [0x00000007ab700000,0x00000007acbfa650,0x00000007acc00000)
  to   space 24576K, 0% used [0x00000007aed80000,0x00000007aed80000,0x00000007b0580000)
 ParOldGen       total 276480K, used 38560K [0x0000000760000000, 0x0000000770e00000, 0x00000007a0000000)
  object space 276480K, 13% used [0x0000000760000000,0x00000007625a8260,0x0000000770e00000)
 Metaspace       used 63839K, capacity 65998K, committed 66136K, reserved 1105920K
  class space    used 8727K, capacity 9232K, committed 9344K, reserved 1048576K

Card table byte_map: [0x000000012cc86000,0x000000012cf87000] byte_map_base: 0x0000000129186000

Marking Bits: (ParMarkBitMap*) 0x000000011d220ec8
 Begin Bits: [0x000000012d187000, 0x000000012e987000)
 End Bits:   [0x000000012e987000, 0x0000000130187000)

Polling page: 0x000000010fe06000

CodeCache: size=245760Kb used=19759Kb max_used=19771Kb free=226000Kb
 bounds [0x000000011d8c6000, 0x000000011ec36000, 0x000000012c8c6000]
 total_blobs=7736 nmethods=6907 adapters=742
 compilation: enabled

Compilation events (10 events):
Event: 10.233 Thread 0x00007fe888036000 7636       3       com.android.utils.FileUtils::toSystemIndependentPath (20 bytes)
Event: 10.233 Thread 0x00007fe888036000 nmethod 7636 0x000000011e889750 code [0x000000011e8898a0, 0x000000011e8899f0]
Event: 10.233 Thread 0x00007fe888036000 7637       3       com.android.builder.dexing.ClassFileInput$$Lambda$479/1840512025::test (8 bytes)
Event: 10.235 Thread 0x00007fe888036000 nmethod 7637 0x000000011e4390d0 code [0x000000011e439240, 0x000000011e4394a8]
Event: 10.235 Thread 0x00007fe888036000 7638       3       com.android.builder.dexing.ClassFileInput::lambda$static$0 (64 bytes)
Event: 10.235 Thread 0x00007fe888036000 nmethod 7638 0x000000011e444210 code [0x000000011e444420, 0x000000011e444f58]
Event: 10.235 Thread 0x00007fe888036000 7639       3       com.android.build.gradle.internal.dependency.BaseDexingTransform$transform$1$1$1$1::test (9 bytes)
Event: 10.235 Thread 0x00007fe888036000 nmethod 7639 0x000000011e443cd0 code [0x000000011e443e40, 0x000000011e444150]
Event: 10.237 Thread 0x00007fe888036000 7641   !   3       java.util.zip.ZipFile$ZipEntryIterator::hasNext (41 bytes)
Event: 10.238 Thread 0x00007fe888036000 nmethod 7641 0x000000011ec262d0 code [0x000000011ec26460, 0x000000011ec26888]

GC Heap History (10 events):
Event: 4.087 GC heap before
{Heap before GC invocations=8 (full 2):
 PSYoungGen      total 155648K, used 9523K [0x00000007a0000000, 0x00000007ad280000, 0x00000007c0000000)
  eden space 142848K, 0% used [0x00000007a0000000,0x00000007a0000000,0x00000007a8b80000)
  from space 12800K, 74% used [0x00000007a9780000,0x00000007aa0cce08,0x00000007aa400000)
  to   space 12288K, 0% used [0x00000007a8b80000,0x00000007a8b80000,0x00000007a9780000)
 ParOldGen       total 112640K, used 11508K [0x0000000760000000, 0x0000000766e00000, 0x00000007a0000000)
  object space 112640K, 10% used [0x0000000760000000,0x0000000760b3d2e8,0x0000000766e00000)
 Metaspace       used 34552K, capacity 35312K, committed 35416K, reserved 1079296K
  class space    used 4765K, capacity 4967K, committed 4992K, reserved 1048576K
Event: 4.161 GC heap after
Heap after GC invocations=8 (full 2):
 PSYoungGen      total 155648K, used 0K [0x00000007a0000000, 0x00000007ad280000, 0x00000007c0000000)
  eden space 142848K, 0% used [0x00000007a0000000,0x00000007a0000000,0x00000007a8b80000)
  from space 12800K, 0% used [0x00000007a9780000,0x00000007a9780000,0x00000007aa400000)
  to   space 12288K, 0% used [0x00000007a8b80000,0x00000007a8b80000,0x00000007a9780000)
 ParOldGen       total 180736K, used 16209K [0x0000000760000000, 0x000000076b080000, 0x00000007a0000000)
  object space 180736K, 8% used [0x0000000760000000,0x0000000760fd4650,0x000000076b080000)
 Metaspace       used 34536K, capacity 35258K, committed 35416K, reserved 1079296K
  class space    used 4760K, capacity 4958K, committed 4992K, reserved 1048576K
}
Event: 5.863 GC heap before
{Heap before GC invocations=9 (full 2):
 PSYoungGen      total 155648K, used 142848K [0x00000007a0000000, 0x00000007ad280000, 0x00000007c0000000)
  eden space 142848K, 100% used [0x00000007a0000000,0x00000007a8b80000,0x00000007a8b80000)
  from space 12800K, 0% used [0x00000007a9780000,0x00000007a9780000,0x00000007aa400000)
  to   space 12288K, 0% used [0x00000007a8b80000,0x00000007a8b80000,0x00000007a9780000)
 ParOldGen       total 180736K, used 16209K [0x0000000760000000, 0x000000076b080000, 0x00000007a0000000)
  object space 180736K, 8% used [0x0000000760000000,0x0000000760fd4650,0x000000076b080000)
 Metaspace       used 48275K, capacity 49600K, committed 49880K, reserved 1091584K
  class space    used 6492K, capacity 6823K, committed 6912K, reserved 1048576K
Event: 5.879 GC heap after
Heap after GC invocations=9 (full 2):
 PSYoungGen      total 155136K, used 12280K [0x00000007a0000000, 0x00000007adc00000, 0x00000007c0000000)
  eden space 142848K, 0% used [0x00000007a0000000,0x00000007a0000000,0x00000007a8b80000)
  from space 12288K, 99% used [0x00000007a8b80000,0x00000007a977e3f8,0x00000007a9780000)
  to   space 16384K, 0% used [0x00000007acc00000,0x00000007acc00000,0x00000007adc00000)
 ParOldGen       total 180736K, used 21534K [0x0000000760000000, 0x000000076b080000, 0x00000007a0000000)
  object space 180736K, 11% used [0x0000000760000000,0x0000000761507890,0x000000076b080000)
 Metaspace       used 48275K, capacity 49600K, committed 49880K, reserved 1091584K
  class space    used 6492K, capacity 6823K, committed 6912K, reserved 1048576K
}
Event: 7.526 GC heap before
{Heap before GC invocations=10 (full 2):
 PSYoungGen      total 155136K, used 151033K [0x00000007a0000000, 0x00000007adc00000, 0x00000007c0000000)
  eden space 142848K, 97% used [0x00000007a0000000,0x00000007a8780400,0x00000007a8b80000)
  from space 12288K, 99% used [0x00000007a8b80000,0x00000007a977e3f8,0x00000007a9780000)
  to   space 16384K, 0% used [0x00000007acc00000,0x00000007acc00000,0x00000007adc00000)
 ParOldGen       total 180736K, used 21534K [0x0000000760000000, 0x000000076b080000, 0x00000007a0000000)
  object space 180736K, 11% used [0x0000000760000000,0x0000000761507890,0x000000076b080000)
 Metaspace       used 56987K, capacity 58906K, committed 59028K, reserved 1099776K
  class space    used 7905K, capacity 8346K, committed 8448K, reserved 1048576K
Event: 7.550 GC heap after
Heap after GC invocations=10 (full 2):
 PSYoungGen      total 203776K, used 16364K [0x00000007a0000000, 0x00000007ae680000, 0x00000007c0000000)
  eden space 187392K, 0% used [0x00000007a0000000,0x00000007a0000000,0x00000007ab700000)
  from space 16384K, 99% used [0x00000007acc00000,0x00000007adbfb320,0x00000007adc00000)
  to   space 21504K, 0% used [0x00000007ab700000,0x00000007ab700000,0x00000007acc00000)
 ParOldGen       total 180736K, used 28422K [0x0000000760000000, 0x000000076b080000, 0x00000007a0000000)
  object space 180736K, 15% used [0x0000000760000000,0x0000000761bc1ae8,0x000000076b080000)
 Metaspace       used 56987K, capacity 58906K, committed 59028K, reserved 1099776K
  class space    used 7905K, capacity 8346K, committed 8448K, reserved 1048576K
}
Event: 7.550 GC heap before
{Heap before GC invocations=11 (full 3):
 PSYoungGen      total 203776K, used 16364K [0x00000007a0000000, 0x00000007ae680000, 0x00000007c0000000)
  eden space 187392K, 0% used [0x00000007a0000000,0x00000007a0000000,0x00000007ab700000)
  from space 16384K, 99% used [0x00000007acc00000,0x00000007adbfb320,0x00000007adc00000)
  to   space 21504K, 0% used [0x00000007ab700000,0x00000007ab700000,0x00000007acc00000)
 ParOldGen       total 180736K, used 28422K [0x0000000760000000, 0x000000076b080000, 0x00000007a0000000)
  object space 180736K, 15% used [0x0000000760000000,0x0000000761bc1ae8,0x000000076b080000)
 Metaspace       used 56987K, capacity 58906K, committed 59028K, reserved 1099776K
  class space    used 7905K, capacity 8346K, committed 8448K, reserved 1048576K
Event: 7.727 GC heap after
Heap after GC invocations=11 (full 3):
 PSYoungGen      total 203776K, used 0K [0x00000007a0000000, 0x00000007ae680000, 0x00000007c0000000)
  eden space 187392K, 0% used [0x00000007a0000000,0x00000007a0000000,0x00000007ab700000)
  from space 16384K, 0% used [0x00000007acc00000,0x00000007acc00000,0x00000007adc00000)
  to   space 21504K, 0% used [0x00000007ab700000,0x00000007ab700000,0x00000007acc00000)
 ParOldGen       total 276480K, used 37315K [0x0000000760000000, 0x0000000770e00000, 0x00000007a0000000)
  object space 276480K, 13% used [0x0000000760000000,0x0000000762470e38,0x0000000770e00000)
 Metaspace       used 56899K, capacity 58670K, committed 59028K, reserved 1099776K
  class space    used 7876K, capacity 8294K, committed 8448K, reserved 1048576K
}
Event: 10.239 GC heap before
{Heap before GC invocations=12 (full 3):
 PSYoungGen      total 203776K, used 187392K [0x00000007a0000000, 0x00000007ae680000, 0x00000007c0000000)
  eden space 187392K, 100% used [0x00000007a0000000,0x00000007ab700000,0x00000007ab700000)
  from space 16384K, 0% used [0x00000007acc00000,0x00000007acc00000,0x00000007adc00000)
  to   space 21504K, 0% used [0x00000007ab700000,0x00000007ab700000,0x00000007acc00000)
 ParOldGen       total 276480K, used 37315K [0x0000000760000000, 0x0000000770e00000, 0x00000007a0000000)
  object space 276480K, 13% used [0x0000000760000000,0x0000000762470e38,0x0000000770e00000)
 Metaspace       used 63814K, capacity 65998K, committed 66136K, reserved 1105920K
  class space    used 8720K, capacity 9232K, committed 9344K, reserved 1048576K
Event: 10.265 GC heap after
Heap after GC invocations=12 (full 3):
 PSYoungGen      total 208896K, used 21481K [0x00000007a0000000, 0x00000007b0580000, 0x00000007c0000000)
  eden space 187392K, 0% used [0x00000007a0000000,0x00000007a0000000,0x00000007ab700000)
  from space 21504K, 99% used [0x00000007ab700000,0x00000007acbfa650,0x00000007acc00000)
  to   space 24576K, 0% used [0x00000007aed80000,0x00000007aed80000,0x00000007b0580000)
 ParOldGen       total 276480K, used 38560K [0x0000000760000000, 0x0000000770e00000, 0x00000007a0000000)
  object space 276480K, 13% used [0x0000000760000000,0x00000007625a8260,0x0000000770e00000)
 Metaspace       used 63814K, capacity 65998K, committed 66136K, reserved 1105920K
  class space    used 8720K, capacity 9232K, committed 9344K, reserved 1048576K
}

Deoptimization events (10 events):
Event: 10.026 Thread 0x00007fe88a3f6000 Uncommon trap: reason=bimorphic action=maybe_recompile pc=0x000000011ec16bc8 method=com.google.common.base.CharMatcher.indexIn(Ljava/lang/CharSequence;I)I @ 31
Event: 10.026 Thread 0x00007fe88a3f6000 Uncommon trap: reason=class_check action=maybe_recompile pc=0x000000011ec237a0 method=java.util.Spliterators$IteratorSpliterator.tryAdvance(Ljava/util/function/Consumer;)Z @ 50
Event: 10.026 Thread 0x00007fe88a3f6000 Uncommon trap: reason=class_check action=maybe_recompile pc=0x000000011ec237a0 method=java.util.Spliterators$IteratorSpliterator.tryAdvance(Ljava/util/function/Consumer;)Z @ 50
Event: 10.069 Thread 0x00007fe88a3f6000 Uncommon trap: reason=speculate_class_check action=maybe_recompile pc=0x000000011eb914f0 method=java.util.EnumMap.get(Ljava/lang/Object;)Ljava/lang/Object; @ 14
Event: 10.087 Thread 0x00007fe88a3f6000 Uncommon trap: reason=unstable_if action=reinterpret pc=0x000000011eb2d16c method=java.util.concurrent.locks.ReentrantLock$Sync.nonfairTryAcquire(I)Z @ 19
Event: 10.087 Thread 0x00007fe88762c800 Uncommon trap: reason=speculate_class_check action=maybe_recompile pc=0x000000011eb914f0 method=java.util.EnumMap.get(Ljava/lang/Object;)Ljava/lang/Object; @ 14
Event: 10.089 Thread 0x00007fe88a3f6000 Uncommon trap: reason=unstable_if action=reinterpret pc=0x000000011d9f2254 method=java.util.concurrent.ConcurrentLinkedQueue.offer(Ljava/lang/Object;)Z @ 40
Event: 10.223 Thread 0x00007fe888fdf800 Uncommon trap: reason=unstable_if action=reinterpret pc=0x000000011e672a78 method=java.util.zip.ZipFile$ZipEntryIterator.hasNext()Z @ 25
Event: 10.228 Thread 0x00007fe888fdf800 Uncommon trap: reason=unstable_if action=reinterpret pc=0x000000011e540a48 method=java.util.regex.Pattern.compile()V @ 7
Event: 10.234 Thread 0x00007fe888fdf800 Uncommon trap: reason=unstable_if action=reinterpret pc=0x000000011dfc17b8 method=java.util.zip.ZipFile$ZipEntryIterator.hasNext()Z @ 25

Classes redefined (0 events):
No events

Internal exceptions (10 events):
Event: 8.811 Thread 0x00007fe88a3f6000 Exception <a 'java/lang/NoSuchMethodError': <clinit>> (0x00000007a7254188) thrown at [/Volumes/Android/buildbot/src/googleplex-android/openjdk/out/hotspot/src/share/vm/prims/jni.cpp, line 1614]
Event: 8.813 Thread 0x00007fe88a3f6000 Exception <a 'java/lang/NoSuchMethodError': <clinit>> (0x00000007a727ba18) thrown at [/Volumes/Android/buildbot/src/googleplex-android/openjdk/out/hotspot/src/share/vm/prims/jni.cpp, line 1614]
Event: 8.813 Thread 0x00007fe88a3f6000 Exception <a 'java/lang/NoSuchMethodError': <clinit>> (0x00000007a7280900) thrown at [/Volumes/Android/buildbot/src/googleplex-android/openjdk/out/hotspot/src/share/vm/prims/jni.cpp, line 1614]
Event: 8.814 Thread 0x00007fe88a3f6000 Exception <a 'java/lang/NoSuchMethodError': <clinit>> (0x00000007a728dfd8) thrown at [/Volumes/Android/buildbot/src/googleplex-android/openjdk/out/hotspot/src/share/vm/prims/jni.cpp, line 1614]
Event: 8.815 Thread 0x00007fe88a3f6000 Exception <a 'java/lang/NoSuchMethodError': <clinit>> (0x00000007a72b0e00) thrown at [/Volumes/Android/buildbot/src/googleplex-android/openjdk/out/hotspot/src/share/vm/prims/jni.cpp, line 1614]
Event: 8.819 Thread 0x00007fe88a3f6000 Exception <a 'java/lang/NoSuchMethodError': <clinit>> (0x00000007a732a188) thrown at [/Volumes/Android/buildbot/src/googleplex-android/openjdk/out/hotspot/src/share/vm/prims/jni.cpp, line 1614]
Event: 8.823 Thread 0x00007fe88a3f6000 Exception <a 'java/lang/NoSuchMethodError': <clinit>> (0x00000007a7392a48) thrown at [/Volumes/Android/buildbot/src/googleplex-android/openjdk/out/hotspot/src/share/vm/prims/jni.cpp, line 1614]
Event: 9.008 Thread 0x00007fe887959800 Exception <a 'java/lang/NoSuchMethodError': java.lang.Object.lambda$negate$1(Ljava/lang/Object;)Z> (0x00000007a7911a70) thrown at [/Volumes/Android/buildbot/src/googleplex-android/openjdk/out/hotspot/src/share/vm/interpreter/linkResolver.cpp, line 620]
Event: 9.888 Thread 0x00007fe887959800 Exception <a 'sun/nio/fs/UnixException'> (0x00000007a83677e0) thrown at [/Volumes/Android/buildbot/src/googleplex-android/openjdk/out/hotspot/src/share/vm/prims/jni.cpp, line 710]
Event: 10.231 Thread 0x00007fe888fdf800 Exception <a 'java/lang/NoSuchMethodError': java.lang.Object.lambda$static$0(Ljava/lang/String;)Z> (0x00000007ab311440) thrown at [/Volumes/Android/buildbot/src/googleplex-android/openjdk/out/hotspot/src/share/vm/interpreter/linkResolver.cpp, line 620]

Events (10 events):
Event: 10.237 loading class com/android/tools/r8/BaseCompilerCommand$Builder
Event: 10.237 loading class com/android/tools/r8/BaseCompilerCommand$Builder done
Event: 10.238 loading class com/android/tools/r8/D8Command$Builder
Event: 10.238 loading class com/android/tools/r8/D8Command$Builder done
Event: 10.238 loading class com/android/tools/r8/s/a/a/b/c2
Event: 10.238 loading class com/android/tools/r8/s/a/a/b/c2 done
Event: 10.238 loading class com/android/tools/r8/s/a/a/b/L
Event: 10.238 loading class com/android/tools/r8/s/a/a/b/L done
Event: 10.238 Executing VM operation: ParallelGCFailedAllocation
Event: 10.265 Executing VM operation: ParallelGCFailedAllocation done


Dynamic libraries:
0x000000010f191000 	/System/Library/Frameworks/Cocoa.framework/Versions/A/Cocoa
0x000000010f19c000 	/System/Library/Frameworks/Security.framework/Versions/A/Security
0x000000010f6a5000 	/System/Library/Frameworks/ApplicationServices.framework/Versions/A/ApplicationServices
0x000000010f6ad000 	/usr/lib/libz.1.dylib
0x000000010f6c8000 	/usr/lib/libSystem.B.dylib
0x000000010fea5000 	/System/Library/Frameworks/CoreFoundation.framework/Versions/A/CoreFoundation
0x000000010f6d0000 	/System/Library/Frameworks/Foundation.framework/Versions/C/Foundation
0x00000001105f4000 	/usr/lib/libobjc.A.dylib
0x0000000110b96000 	/System/Library/Frameworks/AppKit.framework/Versions/C/AppKit
0x0000000112454000 	/System/Library/Frameworks/CoreData.framework/Versions/A/CoreData
0x000000010fda4000 	/System/Library/PrivateFrameworks/RemoteViewServices.framework/Versions/A/RemoteViewServices
0x0000000112968000 	/System/Library/PrivateFrameworks/UIFoundation.framework/Versions/A/UIFoundation
0x0000000112bf9000 	/System/Library/PrivateFrameworks/DFRFoundation.framework/Versions/A/DFRFoundation
0x0000000112c1b000 	/System/Library/Frameworks/Metal.framework/Versions/A/Metal
0x0000000112d92000 	/System/Library/PrivateFrameworks/DesktopServicesPriv.framework/Versions/A/DesktopServicesPriv
0x000000010f18a000 	/usr/lib/libenergytrace.dylib
0x0000000112f66000 	/System/Library/PrivateFrameworks/SkyLight.framework/Versions/A/SkyLight
0x00000001132e4000 	/System/Library/Frameworks/CoreGraphics.framework/Versions/A/CoreGraphics
0x000000010fdef000 	/usr/lib/libScreenReader.dylib
0x000000010f195000 	/System/Library/Frameworks/Accelerate.framework/Versions/A/Accelerate
0x0000000113a30000 	/System/Library/Frameworks/IOSurface.framework/Versions/A/IOSurface
0x0000000113a46000 	/System/Library/Frameworks/AudioToolbox.framework/Versions/A/AudioToolbox
0x000000010fdfb000 	/System/Library/Frameworks/AudioUnit.framework/Versions/A/AudioUnit
0x0000000113e13000 	/System/Library/PrivateFrameworks/DataDetectorsCore.framework/Versions/A/DataDetectorsCore
0x0000000113ecc000 	/System/Library/Frameworks/Carbon.framework/Versions/A/Frameworks/HIToolbox.framework/Versions/A/HIToolbox
0x000000011435e000 	/usr/lib/libicucore.A.dylib
0x0000000114657000 	/System/Library/Frameworks/QuartzCore.framework/Versions/A/QuartzCore
0x0000000114994000 	/System/Library/PrivateFrameworks/SignpostNotification.framework/Versions/A/SignpostNotification
0x000000011499c000 	/System/Library/Frameworks/Carbon.framework/Versions/A/Frameworks/SpeechRecognition.framework/Versions/A/SpeechRecognition
0x00000001149ac000 	/usr/lib/libauto.dylib
0x00000001149b2000 	/usr/lib/libxml2.2.dylib
0x0000000114ad2000 	/System/Library/PrivateFrameworks/CoreUI.framework/Versions/A/CoreUI
0x0000000114ddc000 	/System/Library/Frameworks/CoreAudio.framework/Versions/A/CoreAudio
0x0000000114e9d000 	/System/Library/Frameworks/DiskArbitration.framework/Versions/A/DiskArbitration
0x0000000114ead000 	/usr/lib/liblangid.dylib
0x0000000114eb3000 	/System/Library/PrivateFrameworks/MultitouchSupport.framework/Versions/A/MultitouchSupport
0x0000000114ef2000 	/System/Library/Frameworks/IOKit.framework/Versions/A/IOKit
0x0000000114fd6000 	/usr/lib/libDiagnosticMessagesClient.dylib
0x000000010f6a0000 	/System/Library/Frameworks/CoreServices.framework/Versions/A/CoreServices
0x0000000114fdd000 	/System/Library/PrivateFrameworks/PerformanceAnalysis.framework/Versions/A/PerformanceAnalysis
0x000000011500a000 	/System/Library/Frameworks/OpenGL.framework/Versions/A/OpenGL
0x0000000115024000 	/System/Library/Frameworks/ColorSync.framework/Versions/A/ColorSync
0x000000011512a000 	/System/Library/Frameworks/CoreImage.framework/Versions/A/CoreImage
0x00000001155ba000 	/System/Library/Frameworks/CoreText.framework/Versions/A/CoreText
0x00000001157d4000 	/System/Library/Frameworks/ImageIO.framework/Versions/A/ImageIO
0x0000000115a07000 	/System/Library/PrivateFrameworks/Backup.framework/Versions/A/Backup
0x0000000115aff000 	/usr/lib/libarchive.2.dylib
0x0000000115b34000 	/System/Library/Frameworks/CFNetwork.framework/Versions/A/CFNetwork
0x00000001161ff000 	/System/Library/Frameworks/SystemConfiguration.framework/Versions/A/SystemConfiguration
0x00000001162a7000 	/usr/lib/libCRFSuite.dylib
0x00000001162fa000 	/usr/lib/libc++.1.dylib
0x00000001163b1000 	/usr/lib/libc++abi.dylib
0x00000001163e5000 	/usr/lib/system/libcache.dylib
0x00000001163ef000 	/usr/lib/system/libcommonCrypto.dylib
0x0000000116407000 	/usr/lib/system/libcompiler_rt.dylib
0x000000011641c000 	/usr/lib/system/libcopyfile.dylib
0x000000011642c000 	/usr/lib/system/libcorecrypto.dylib
0x00000001164ce000 	/usr/lib/system/libdispatch.dylib
0x0000000116542000 	/usr/lib/system/libdyld.dylib
0x000000011657a000 	/usr/lib/system/libkeymgr.dylib
0x000000011657f000 	/usr/lib/system/liblaunch.dylib
0x0000000116586000 	/usr/lib/system/libmacho.dylib
0x0000000116591000 	/usr/lib/system/libquarantine.dylib
0x0000000116599000 	/usr/lib/system/libremovefile.dylib
0x00000001165a0000 	/usr/lib/system/libsystem_asl.dylib
0x00000001165c5000 	/usr/lib/system/libsystem_blocks.dylib
0x00000001165ca000 	/usr/lib/system/libsystem_c.dylib
0x000000011667c000 	/usr/lib/system/libsystem_configuration.dylib
0x0000000116686000 	/usr/lib/system/libsystem_coreservices.dylib
0x000000011668f000 	/usr/lib/system/libsystem_darwin.dylib
0x0000000116696000 	/usr/lib/system/libsystem_dnssd.dylib
0x00000001166a3000 	/usr/lib/system/libsystem_info.dylib
0x0000000116704000 	/usr/lib/system/libsystem_m.dylib
0x000000011675e000 	/usr/lib/system/libsystem_malloc.dylib
0x000000011678a000 	/usr/lib/system/libsystem_network.dylib
0x00000001168fb000 	/usr/lib/system/libsystem_networkextension.dylib
0x0000000116912000 	/usr/lib/system/libsystem_notify.dylib
0x0000000116923000 	/usr/lib/system/libsystem_sandbox.dylib
0x000000011692d000 	/usr/lib/system/libsystem_secinit.dylib
0x0000000116934000 	/usr/lib/system/libsystem_kernel.dylib
0x0000000116974000 	/usr/lib/system/libsystem_platform.dylib
0x0000000116984000 	/usr/lib/system/libsystem_pthread.dylib
0x000000011699c000 	/usr/lib/system/libsystem_symptoms.dylib
0x00000001169aa000 	/usr/lib/system/libsystem_trace.dylib
0x00000001169cd000 	/usr/lib/system/libunwind.dylib
0x00000001169da000 	/usr/lib/system/libxpc.dylib
0x0000000116a2a000 	/usr/lib/closure/libclosured.dylib
0x0000000116a79000 	/usr/lib/libbsm.0.dylib
0x0000000116a93000 	/usr/lib/system/libkxld.dylib
0x0000000116aa5000 	/usr/lib/libOpenScriptingUtil.dylib
0x0000000116aaa000 	/usr/lib/libcoretls.dylib
0x0000000116ace000 	/usr/lib/libcoretls_cfhelpers.dylib
0x0000000116ad5000 	/usr/lib/libpam.2.dylib
0x0000000116adf000 	/usr/lib/libsqlite3.dylib
0x0000000116c94000 	/usr/lib/libxar.1.dylib
0x0000000116cab000 	/usr/lib/libbz2.1.0.dylib
0x0000000116cbe000 	/usr/lib/liblzma.5.dylib
0x0000000116ce0000 	/usr/lib/libnetwork.dylib
0x0000000116eb5000 	/usr/lib/libapple_nghttp2.dylib
0x0000000116ed8000 	/usr/lib/libpcap.A.dylib
0x0000000116f21000 	/usr/lib/libboringssl.dylib
0x0000000117054000 	/usr/lib/libusrtcp.dylib
0x000000010f6a9000 	/usr/lib/libapple_crypto.dylib
0x00000001170c2000 	/System/Library/Frameworks/CoreServices.framework/Versions/A/Frameworks/FSEvents.framework/Versions/A/FSEvents
0x00000001170d2000 	/System/Library/Frameworks/CoreServices.framework/Versions/A/Frameworks/CarbonCore.framework/Versions/A/CarbonCore
0x0000000117420000 	/System/Library/Frameworks/CoreServices.framework/Versions/A/Frameworks/Metadata.framework/Versions/A/Metadata
0x000000011754f000 	/System/Library/Frameworks/CoreServices.framework/Versions/A/Frameworks/OSServices.framework/Versions/A/OSServices
0x00000001175fb000 	/System/Library/Frameworks/CoreServices.framework/Versions/A/Frameworks/SearchKit.framework/Versions/A/SearchKit
0x00000001176ad000 	/System/Library/Frameworks/CoreServices.framework/Versions/A/Frameworks/AE.framework/Versions/A/AE
0x0000000117753000 	/System/Library/Frameworks/CoreServices.framework/Versions/A/Frameworks/LaunchServices.framework/Versions/A/LaunchServices
0x0000000117a23000 	/System/Library/Frameworks/CoreServices.framework/Versions/A/Frameworks/DictionaryServices.framework/Versions/A/DictionaryServices
0x0000000117a83000 	/System/Library/Frameworks/CoreServices.framework/Versions/A/Frameworks/SharedFileList.framework/Versions/A/SharedFileList
0x0000000117acb000 	/System/Library/Frameworks/NetFS.framework/Versions/A/NetFS
0x0000000117ae1000 	/System/Library/PrivateFrameworks/NetAuth.framework/Versions/A/NetAuth
0x0000000117af9000 	/System/Library/PrivateFrameworks/login.framework/Versions/A/Frameworks/loginsupport.framework/Versions/A/loginsupport
0x0000000117b01000 	/System/Library/PrivateFrameworks/TCC.framework/Versions/A/TCC
0x0000000117b14000 	/usr/lib/libmecabra.dylib
0x0000000117d9a000 	/System/Library/Frameworks/ApplicationServices.framework/Versions/A/Frameworks/ATS.framework/Versions/A/ATS
0x0000000117e2c000 	/System/Library/Frameworks/ApplicationServices.framework/Versions/A/Frameworks/ColorSyncLegacy.framework/Versions/A/ColorSyncLegacy
0x0000000117e39000 	/System/Library/Frameworks/ApplicationServices.framework/Versions/A/Frameworks/HIServices.framework/Versions/A/HIServices
0x0000000117ec5000 	/System/Library/Frameworks/ApplicationServices.framework/Versions/A/Frameworks/LangAnalysis.framework/Versions/A/LangAnalysis
0x0000000117ee2000 	/System/Library/Frameworks/ApplicationServices.framework/Versions/A/Frameworks/PrintCore.framework/Versions/A/PrintCore
0x0000000117f5d000 	/System/Library/Frameworks/ApplicationServices.framework/Versions/A/Frameworks/QD.framework/Versions/A/QD
0x0000000117fc3000 	/System/Library/Frameworks/ApplicationServices.framework/Versions/A/Frameworks/SpeechSynthesis.framework/Versions/A/SpeechSynthesis
0x0000000117fe4000 	/System/Library/Frameworks/CoreDisplay.framework/Versions/A/CoreDisplay
0x00000001180f4000 	/System/Library/Frameworks/Accelerate.framework/Versions/A/Frameworks/vImage.framework/Versions/A/vImage
0x00000001188b7000 	/System/Library/Frameworks/Accelerate.framework/Versions/A/Frameworks/vecLib.framework/Versions/A/vecLib
0x00000001188bb000 	/System/Library/Frameworks/Accelerate.framework/Versions/A/Frameworks/vecLib.framework/Versions/A/libvDSP.dylib
0x0000000118a3d000 	/System/Library/Frameworks/Accelerate.framework/Versions/A/Frameworks/vecLib.framework/Versions/A/libBNNS.dylib
0x0000000118a81000 	/System/Library/Frameworks/Accelerate.framework/Versions/A/Frameworks/vecLib.framework/Versions/A/libQuadrature.dylib
0x0000000118a8b000 	/System/Library/Frameworks/Accelerate.framework/Versions/A/Frameworks/vecLib.framework/Versions/A/libvMisc.dylib
0x0000000118b4e000 	/System/Library/Frameworks/Accelerate.framework/Versions/A/Frameworks/vecLib.framework/Versions/A/libLAPACK.dylib
0x0000000118f88000 	/System/Library/Frameworks/Accelerate.framework/Versions/A/Frameworks/vecLib.framework/Versions/A/libBLAS.dylib
0x000000011914d000 	/System/Library/Frameworks/Accelerate.framework/Versions/A/Frameworks/vecLib.framework/Versions/A/libLinearAlgebra.dylib
0x000000011916d000 	/System/Library/Frameworks/Accelerate.framework/Versions/A/Frameworks/vecLib.framework/Versions/A/libSparse.dylib
0x0000000119207000 	/System/Library/Frameworks/Accelerate.framework/Versions/A/Frameworks/vecLib.framework/Versions/A/libSparseBLAS.dylib
0x0000000119221000 	/System/Library/PrivateFrameworks/GPUWrangler.framework/Versions/A/GPUWrangler
0x000000011922d000 	/System/Library/PrivateFrameworks/IOAccelerator.framework/Versions/A/IOAccelerator
0x000000011923f000 	/System/Library/PrivateFrameworks/IOPresentment.framework/Versions/A/IOPresentment
0x0000000119271000 	/System/Library/PrivateFrameworks/DSExternalDisplay.framework/Versions/A/DSExternalDisplay
0x000000011927c000 	/System/Library/Frameworks/OpenGL.framework/Versions/A/Libraries/libCoreFSCache.dylib
0x0000000119287000 	/System/Library/Frameworks/CoreVideo.framework/Versions/A/CoreVideo
0x00000001192ea000 	/System/Library/PrivateFrameworks/GraphVisualizer.framework/Versions/A/GraphVisualizer
0x0000000119304000 	/System/Library/Frameworks/MetalPerformanceShaders.framework/Versions/A/MetalPerformanceShaders
0x0000000119309000 	/usr/lib/libFosl_dynamic.dylib
0x000000011950b000 	/System/Library/PrivateFrameworks/FaceCore.framework/Versions/A/FaceCore
0x0000000119b57000 	/System/Library/Frameworks/OpenCL.framework/Versions/A/OpenCL
0x0000000119bcb000 	/usr/lib/libcompression.dylib
0x0000000119bea000 	/System/Library/Frameworks/ApplicationServices.framework/Versions/A/Frameworks/ATS.framework/Versions/A/Resources/libFontParser.dylib
0x0000000119d8f000 	/System/Library/Frameworks/ApplicationServices.framework/Versions/A/Frameworks/ATS.framework/Versions/A/Resources/libFontRegistry.dylib
0x0000000119e0e000 	/System/Library/Frameworks/ImageIO.framework/Versions/A/Resources/libJPEG.dylib
0x0000000119e3a000 	/System/Library/Frameworks/ImageIO.framework/Versions/A/Resources/libTIFF.dylib
0x0000000119e98000 	/System/Library/Frameworks/ImageIO.framework/Versions/A/Resources/libPng.dylib
0x0000000119eca000 	/System/Library/Frameworks/ImageIO.framework/Versions/A/Resources/libGIF.dylib
0x0000000119ed4000 	/System/Library/Frameworks/ImageIO.framework/Versions/A/Resources/libJP2.dylib
0x0000000119fe5000 	/System/Library/Frameworks/ImageIO.framework/Versions/A/Resources/libRadiance.dylib
0x0000000119fec000 	/System/Library/PrivateFrameworks/AppleJPEG.framework/Versions/A/AppleJPEG
0x000000011a041000 	/System/Library/Frameworks/MetalPerformanceShaders.framework/Frameworks/MPSCore.framework/Versions/A/MPSCore
0x000000011a06e000 	/System/Library/Frameworks/MetalPerformanceShaders.framework/Frameworks/MPSImage.framework/Versions/A/MPSImage
0x000000011a10d000 	/System/Library/Frameworks/MetalPerformanceShaders.framework/Frameworks/MPSNeuralNetwork.framework/Versions/A/MPSNeuralNetwork
0x000000011a25a000 	/System/Library/Frameworks/MetalPerformanceShaders.framework/Frameworks/MPSMatrix.framework/Versions/A/MPSMatrix
0x000000011a28e000 	/System/Library/PrivateFrameworks/MetalTools.framework/Versions/A/MetalTools
0x000000011a37a000 	/System/Library/Frameworks/OpenGL.framework/Versions/A/Libraries/libGLU.dylib
0x000000011a3c8000 	/System/Library/Frameworks/OpenGL.framework/Versions/A/Libraries/libGFXShared.dylib
0x000000011a3d9000 	/System/Library/Frameworks/OpenGL.framework/Versions/A/Libraries/libGL.dylib
0x000000011a3f9000 	/System/Library/Frameworks/OpenGL.framework/Versions/A/Libraries/libGLImage.dylib
0x000000011a43d000 	/System/Library/Frameworks/OpenGL.framework/Versions/A/Libraries/libCVMSPluginSupport.dylib
0x000000011a445000 	/System/Library/Frameworks/OpenGL.framework/Versions/A/Libraries/libCoreVMClient.dylib
0x000000011a451000 	/usr/lib/libcups.2.dylib
0x000000011a4c0000 	/System/Library/Frameworks/Kerberos.framework/Versions/A/Kerberos
0x000000011a4f3000 	/System/Library/Frameworks/GSS.framework/Versions/A/GSS
0x000000011a545000 	/usr/lib/libresolv.9.dylib
0x000000011a56d000 	/usr/lib/libiconv.2.dylib
0x000000011a66f000 	/System/Library/PrivateFrameworks/Heimdal.framework/Versions/A/Heimdal
0x000000011a715000 	/usr/lib/libheimdal-asn1.dylib
0x000000011a721000 	/System/Library/Frameworks/OpenDirectory.framework/Versions/A/OpenDirectory
0x000000011a741000 	/System/Library/PrivateFrameworks/CommonAuth.framework/Versions/A/CommonAuth
0x000000011a752000 	/System/Library/Frameworks/OpenDirectory.framework/Versions/A/Frameworks/CFOpenDirectory.framework/Versions/A/CFOpenDirectory
0x000000011a790000 	/System/Library/Frameworks/SecurityFoundation.framework/Versions/A/SecurityFoundation
0x000000011a88b000 	/System/Library/PrivateFrameworks/APFS.framework/Versions/A/APFS
0x000000011a936000 	/usr/lib/libutil.dylib
0x000000011a940000 	/System/Library/PrivateFrameworks/AppleSauce.framework/Versions/A/AppleSauce
0x000000011a973000 	/System/Library/PrivateFrameworks/LinguisticData.framework/Versions/A/LinguisticData
0x000000011a982000 	/usr/lib/libmarisa.dylib
0x000000011a9a6000 	/System/Library/PrivateFrameworks/Lexicon.framework/Versions/A/Lexicon
0x000000011a9f8000 	/usr/lib/libChineseTokenizer.dylib
0x000000011aa12000 	/usr/lib/libcmph.dylib
0x000000011aa2b000 	/System/Library/PrivateFrameworks/LanguageModeling.framework/Versions/A/LanguageModeling
0x000000011ab46000 	/System/Library/PrivateFrameworks/CoreEmoji.framework/Versions/A/CoreEmoji
0x000000011ab60000 	/System/Library/Frameworks/ServiceManagement.framework/Versions/A/ServiceManagement
0x000000011ab6c000 	/System/Library/PrivateFrameworks/BackgroundTaskManagement.framework/Versions/A/BackgroundTaskManagement
0x000000011ab7f000 	/usr/lib/libxslt.1.dylib
0x000000011abb5000 	/System/Library/Frameworks/Carbon.framework/Versions/A/Frameworks/Ink.framework/Versions/A/Ink
0x000000011ac7e000 	/System/Library/PrivateFrameworks/TextureIO.framework/Versions/A/TextureIO
0x000000011ad5b000 	/usr/lib/libate.dylib
0x000000011ae6c000 	/System/Library/PrivateFrameworks/CrashReporterSupport.framework/Versions/A/CrashReporterSupport
0x000000011ae8e000 	/System/Library/PrivateFrameworks/Sharing.framework/Versions/A/Sharing
0x000000011b096000 	/System/Library/PrivateFrameworks/IconServices.framework/Versions/A/IconServices
0x000000011b0de000 	/System/Library/PrivateFrameworks/AuthKit.framework/Versions/A/AuthKit
0x000000011b3c3000 	/System/Library/PrivateFrameworks/Apple80211.framework/Versions/A/Apple80211
0x000000011b3fa000 	/System/Library/PrivateFrameworks/CoreUtils.framework/Versions/A/CoreUtils
0x000000011b5e3000 	/System/Library/Frameworks/CoreWLAN.framework/Versions/A/CoreWLAN
0x000000011b6cc000 	/System/Library/Frameworks/IOBluetooth.framework/Versions/A/IOBluetooth
0x000000011b85c000 	/System/Library/PrivateFrameworks/ProtocolBuffer.framework/Versions/A/ProtocolBuffer
0x000000011b897000 	/System/Library/PrivateFrameworks/MobileKeyBag.framework/Versions/A/MobileKeyBag
0x000000011b8c7000 	/System/Library/PrivateFrameworks/CorePhoneNumbers.framework/Versions/A/CorePhoneNumbers
0x000000011b8d8000 	/System/Library/PrivateFrameworks/AppleIDAuthSupport.framework/Versions/A/AppleIDAuthSupport
0x000000011b8f0000 	/System/Library/PrivateFrameworks/KeychainCircle.framework/Versions/A/KeychainCircle
0x000000011b91b000 	/System/Library/PrivateFrameworks/CoreWiFi.framework/Versions/A/CoreWiFi
0x000000011b9e1000 	/System/Library/Frameworks/CoreBluetooth.framework/Versions/A/CoreBluetooth
0x000000011ba29000 	/System/Library/PrivateFrameworks/DebugSymbols.framework/Versions/A/DebugSymbols
0x000000011ba89000 	/System/Library/PrivateFrameworks/CoreSymbolication.framework/Versions/A/CoreSymbolication
0x000000011bb6f000 	/System/Library/PrivateFrameworks/Symbolication.framework/Versions/A/Symbolication
0x000000011bc52000 	/System/Library/PrivateFrameworks/AppleFSCompression.framework/Versions/A/AppleFSCompression
0x000000011bc6b000 	/System/Library/PrivateFrameworks/SpeechRecognitionCore.framework/Versions/A/SpeechRecognitionCore
0x000000011ca00000 	/Applications/Android Studio.app/Contents/jre/jdk/Contents/Home/jre/lib/server/libjvm.dylib
0x000000011c0a6000 	/usr/lib/libstdc++.6.dylib
0x000000011c15d000 	/Applications/Android Studio.app/Contents/jre/jdk/Contents/Home/jre/lib/libverify.dylib
0x000000011c16e000 	/Applications/Android Studio.app/Contents/jre/jdk/Contents/Home/jre/lib/libjava.dylib
0x000000011d8b7000 	/Applications/Android Studio.app/Contents/jre/jdk/Contents/Home/jre/lib/libzip.dylib
0x0000000133eee000 	/Applications/Android Studio.app/Contents/jre/jdk/Contents/Home/jre/lib/libnet.dylib
0x0000000133f58000 	/Applications/Android Studio.app/Contents/jre/jdk/Contents/Home/jre/lib/libnio.dylib
0x00000001339dc000 	/Users/aleksandrgulaev/.gradle/native/30/osx-amd64/libnative-platform.dylib
0x000000013448c000 	/Applications/Android Studio.app/Contents/jre/jdk/Contents/Home/jre/lib/libmanagement.dylib

VM Arguments:
jvm_args: -Xmx1536m -Dfile.encoding=UTF-8 -Duser.country=US -Duser.language=en -Duser.variant 
java_command: org.gradle.launcher.daemon.bootstrap.GradleDaemon 5.6.4
java_class_path (initial): /Users/aleksandrgulaev/.gradle/wrapper/dists/gradle-5.6.4-all/ankdp27end7byghfw1q2sw75f/gradle-5.6.4/lib/gradle-launcher-5.6.4.jar
Launcher Type: SUN_STANDARD

Environment Variables:
PATH=/usr/local/bin:/usr/bin:/bin:/usr/sbin:/sbin:/usr/local/share/dotnet:~/.dotnet/tools:/Library/Frameworks/Mono.framework/Versions/Current/Commands:/Applications/Xamarin Workbooks.app/Contents/SharedSupport/path-bin
SHELL=/bin/bash

Signal Handlers:
SIGSEGV: [libjvm.dylib+0x5609d5], sa_mask[0]=11111111011111110111111111111111, sa_flags=SA_ONSTACK|SA_RESTART|SA_SIGINFO
SIGBUS: [libjvm.dylib+0x5609d5], sa_mask[0]=11111111011111110111111111111111, sa_flags=SA_RESTART|SA_SIGINFO
SIGFPE: [libjvm.dylib+0x458695], sa_mask[0]=11111111011111110111111111111111, sa_flags=SA_RESTART|SA_SIGINFO
SIGPIPE: [libjvm.dylib+0x458695], sa_mask[0]=11111111011111110111111111111111, sa_flags=SA_RESTART|SA_SIGINFO
SIGXFSZ: [libjvm.dylib+0x458695], sa_mask[0]=11111111011111110111111111111111, sa_flags=SA_RESTART|SA_SIGINFO
SIGILL: [libjvm.dylib+0x458695], sa_mask[0]=11111111011111110111111111111111, sa_flags=SA_RESTART|SA_SIGINFO
SIGUSR1: SIG_DFL, sa_mask[0]=00000000000000000000000000000000, sa_flags=none
SIGUSR2: [libjvm.dylib+0x458f94], sa_mask[0]=00100000000000000000000000000000, sa_flags=SA_RESTART|SA_SIGINFO
SIGHUP: [libjvm.dylib+0x4571b9], sa_mask[0]=11111111011111110111111111111111, sa_flags=SA_RESTART|SA_SIGINFO
SIGINT: [libjvm.dylib+0x4571b9], sa_mask[0]=11111111011111110111111111111111, sa_flags=SA_RESTART|SA_SIGINFO
SIGTERM: [libjvm.dylib+0x4571b9], sa_mask[0]=11111111011111110111111111111111, sa_flags=SA_RESTART|SA_SIGINFO
SIGQUIT: [libjvm.dylib+0x4571b9], sa_mask[0]=11111111011111110111111111111111, sa_flags=SA_RESTART|SA_SIGINFO


---------------  S Y S T E M  ---------------

OS:Bsduname:Darwin 17.7.0 Darwin Kernel Version 17.7.0: Tue Feb 18 22:51:29 PST 2020; root:xnu-4570.71.73~1/RELEASE_X86_64 x86_64
rlimit: STACK 8192k, CORE 0k, NPROC 1418, NOFILE 10240, AS infinity
load average:4.41 3.73 2.90

CPU:total 4 (initial active 4) (4 cores per cpu, 1 threads per core) family 6 model 42 stepping 7, cmov, cx8, fxsr, mmx, sse, sse2, sse3, ssse3, sse4.1, sse4.2, popcnt, avx, aes, clmul, tsc, tscinvbit

Memory: 4k page, physical 16777216k(260836k free)

/proc/meminfo:


vm_info: OpenJDK 64-Bit Server VM (25.212-b4-5784211) for bsd-amd64 JRE (1.8.0_212-release-1586-b4-5784211), built by "android-build" with gcc 4.2.1 Compatible Android (5657785 based on r353983d) Clang 9.0.4 (https://android.googlesource.com/toolchain/llvm-project 2a90cc9d899e6fe6dcf0da193244b25f75735c7b)

time: Tue May 19 21:13:30 2020
timezone: MSK
elapsed time: 10 seconds (0d 0h 0m 10s)

