#
# A fatal error has been detected by the Java Runtime Environment:
#
#  SIGSEGV (0xb) at pc=0x000000011b44a1b4, pid=87509, tid=0x0000000000005303
#
# JRE version: OpenJDK Runtime Environment (8.0_212) (build 1.8.0_212-release-1586-b4-5784211)
# Java VM: OpenJDK 64-Bit Server VM (25.212-b4-5784211 mixed mode bsd-amd64 compressed oops)
# Problematic frame:
# V  [libjvm.dylib+0x4951b4]
#
# Failed to write core dump. Core dumps have been disabled. To enable core dumping, try "ulimit -c unlimited" before starting Java again
#
# If you would like to submit a bug report, please visit:
#   http://bugreport.java.com/bugreport/crash.jsp
#

---------------  T H R E A D  ---------------

Current thread (0x00007ff39d00d800):  GCTaskThread [stack: 0x0000700002d7e000,0x0000700002e7e000] [id=21251]

siginfo: si_signo: 11 (SIGSEGV), si_code: 1 (SEGV_MAPERR), si_addr: 0x0000000000000050

Registers:
RAX=0x000000011b7d0a01, RBX=0x0000000766860ef9, RCX=0x0000000000000003, RDX=0x000000011b7bfdf8
RSP=0x0000700002e7dc00, RBP=0x0000700002e7dc60, RSI=0x00000007b7b6c858, RDI=0x0000000000000048
R8 =0x0000000000000000, R9 =0x000000011b7afb92, R10=0x00007ff39c7065f8, R11=0x00000007668628c8
R12=0x000000011b7d0ad3, R13=0x00000000f6f6d90c, R14=0x00007ff39d05d140, R15=0x00000007b7b6c858
RIP=0x000000011b44a1b4, EFLAGS=0x0000000000010206, ERR=0x0000000000000004
  TRAPNO=0x000000000000000e

Top of Stack: (sp=0x0000700002e7dc00)
0x0000700002e7dc00:   00000007b48c0000 0000000000001000
0x0000700002e7dc10:   00000007668608c8 0000000000000400
0x0000700002e7dc20:   00000007b7b692a2 000000000000000d
0x0000700002e7dc30:   0000000000000004 0000000766860ef9
0x0000700002e7dc40:   000000011b7d0ad3 00007ff39d05d140
0x0000700002e7dc50:   0000000766860ef8 000000011b7bfde8
0x0000700002e7dc60:   0000700002e7dc90 000000011b449b12
0x0000700002e7dc70:   0000000766860ef9 000000011b7d5370
0x0000700002e7dc80:   00007ff39d05d1a0 00007ff39d05d1d8
0x0000700002e7dc90:   0000700002e7dce0 000000011b4499a1
0x0000700002e7dca0:   00000007c089f8d8 0000000766860ef9
0x0000700002e7dcb0:   00000007636f39cc 0000000000000240
0x0000700002e7dcc0:   00000007636f3a00 000000011cbdb801
0x0000700002e7dcd0:   00000007636f3a00 000000011cbdb79d
0x0000700002e7dce0:   0000700002e7dd90 000000011b0f0ea9
0x0000700002e7dcf0:   0000700002e7dd40 000000011cbdb800
0x0000700002e7dd00:   000000011cbdb781 000000011cbdb800
0x0000700002e7dd10:   000000011cbdb600 0000000000000200
0x0000700002e7dd20:   000000011cbf2b14 00000007665628c8
0x0000700002e7dd30:   0000000000000180 00007ff39d05d140
0x0000700002e7dd40:   00000007636f0608 0000000763700010
0x0000700002e7dd50:   000000011cbf2b15 00007ff39c705640
0x0000700002e7dd60:   00007ff39c7058c0 00007ff39c6152b0
0x0000700002e7dd70:   00007ff39c6152b0 000000011b57ec46
0x0000700002e7dd80:   00007ff39d05d140 0000000000000001
0x0000700002e7dd90:   0000700002e7ddc0 000000011b44d139
0x0000700002e7dda0:   00007ff300000004 00007ff3a1b302a0
0x0000700002e7ddb0:   00007ff39d00d800 0000000000000000
0x0000700002e7ddc0:   0000700002e7dea0 000000011b20d0d1
0x0000700002e7ddd0:   000000011b7d0bd8 00007ff39d00d800
0x0000700002e7dde0:   00007ff39c6137d0 00007ff39c6139b0
0x0000700002e7ddf0:   00007ff39c6139c0 00007ff39c613a98 

Instructions: (pc=0x000000011b44a1b4)
0x000000011b44a194:   8a 00 84 c0 74 16 41 8b 7f 08 48 8d 15 53 5c 37
0x000000011b44a1a4:   00 8a 4a 08 48 d3 e7 48 03 3a eb 04 49 8b 7f 08
0x000000011b44a1b4:   44 8b 67 08 45 85 e4 7e 0c 41 f6 c4 01 75 0b 41
0x000000011b44a1c4:   c1 ec 03 eb 4c 45 85 e4 78 11 48 8b 07 4c 89 fe 

Register to memory mapping:

RAX=0x000000011b7d0a01: CONST_G1HRRSFlushLogBuffersOnVerify+0 in /Applications/Android Studio.app/Contents/jre/jdk/Contents/Home/jre/lib/server/libjvm.dylib at 0x000000011afb5000
RBX=0x0000000766860ef9 is pointing into object: 0x0000000766860ee8
com.android.tools.r8.graph.k$a 
 - klass: 'com/android/tools/r8/graph/k$a'
RCX=0x0000000000000003 is an unknown value
RDX=0x000000011b7bfdf8: _ZN8Universe13_narrow_klassE+0 in /Applications/Android Studio.app/Contents/jre/jdk/Contents/Home/jre/lib/server/libjvm.dylib at 0x000000011afb5000
RSP=0x0000700002e7dc00 is an unknown value
RBP=0x0000700002e7dc60 is an unknown value
RSI=0x00000007b7b6c858 is an oop

[error occurred during error reporting (printing register info), id 0xb]

Stack: [0x0000700002d7e000,0x0000700002e7e000],  sp=0x0000700002e7dc00,  free space=1023k
Native frames: (J=compiled Java code, j=interpreted, Vv=VM code, C=native code)
V  [libjvm.dylib+0x4951b4]
V  [libjvm.dylib+0x494b12]
V  [libjvm.dylib+0x4949a1]
V  [libjvm.dylib+0x13bea9]
V  [libjvm.dylib+0x498139]
V  [libjvm.dylib+0x2580d1]
V  [libjvm.dylib+0x4562e3]
C  [libsystem_pthread.dylib+0x3661]  _pthread_body+0x154
C  [libsystem_pthread.dylib+0x350d]  _pthread_body+0x0
C  [libsystem_pthread.dylib+0x2bf9]  thread_start+0xd


---------------  P R O C E S S  ---------------

Java Threads: ( => current thread )
  0x00007ff39f369000 JavaThread "Cache worker for execution history cache (/Users/aleksandrgulaev/Documents/programming/geekbrains/geekbrains_android_libraries/hw01 copy/.gradle/5.6.4/executionHistory)" [_thread_blocked, id=36611, stack(0x00007000052ed000,0x00007000053ed000)]
  0x00007ff39ead0000 JavaThread "Execution worker for ':' Thread 3" [_thread_blocked, id=36867, stack(0x00007000051ea000,0x00007000052ea000)]
  0x00007ff3a1b87000 JavaThread "Execution worker for ':' Thread 2" [_thread_blocked, id=37379, stack(0x00007000050e7000,0x00007000051e7000)]
  0x00007ff3a240e800 JavaThread "Execution worker for ':'" [_thread_blocked, id=37635, stack(0x0000700004fe4000,0x00007000050e4000)]
  0x00007ff39e7a2800 JavaThread "Cache worker for file content cache (/Users/aleksandrgulaev/Documents/programming/geekbrains/geekbrains_android_libraries/hw01 copy/.gradle/5.6.4/fileContent)" [_thread_blocked, id=38147, stack(0x0000700004ee1000,0x0000700004fe1000)]
  0x00007ff39f23e000 JavaThread "Cache worker for file content cache (/Users/aleksandrgulaev/.gradle/caches/5.6.4/fileContent)" [_thread_blocked, id=2823, stack(0x0000700004dde000,0x0000700004ede000)]
  0x00007ff39cbae800 JavaThread "Memory manager" [_thread_blocked, id=3847, stack(0x000070000286c000,0x000070000296c000)]
  0x00007ff3a21ea000 JavaThread "Cache worker for Build Output Cleanup Cache (/Users/aleksandrgulaev/Documents/programming/geekbrains/geekbrains_android_libraries/hw01 copy/.gradle/buildOutputCleanup)" [_thread_blocked, id=38403, stack(0x0000700004cdb000,0x0000700004ddb000)]
  0x00007ff39f36f000 JavaThread "Build operations Thread 4" [_thread_blocked, id=38659, stack(0x0000700004bd8000,0x0000700004cd8000)]
  0x00007ff39d119000 JavaThread "Build operations Thread 3" [_thread_blocked, id=39171, stack(0x0000700004ad5000,0x0000700004bd5000)]
  0x00007ff39cad0800 JavaThread "Build operations Thread 2" [_thread_blocked, id=39683, stack(0x00007000049d2000,0x0000700004ad2000)]
  0x00007ff39cacf800 JavaThread "Build operations" [_thread_blocked, id=24835, stack(0x00007000048cf000,0x00007000049cf000)]
  0x00007ff39d988800 JavaThread "Cache worker for execution history cache (/Users/aleksandrgulaev/.gradle/caches/5.6.4/executionHistory)" [_thread_blocked, id=40195, stack(0x00007000047cc000,0x00007000048cc000)]
  0x00007ff39cca7800 JavaThread "Cache worker for cache directory md-rule (/Users/aleksandrgulaev/.gradle/caches/5.6.4/md-rule)" [_thread_blocked, id=24323, stack(0x00007000046c9000,0x00007000047c9000)]
  0x00007ff39ea03800 JavaThread "Cache worker for cache directory md-supplier (/Users/aleksandrgulaev/.gradle/caches/5.6.4/md-supplier)" [_thread_blocked, id=23811, stack(0x00007000045c6000,0x00007000046c6000)]
  0x00007ff39f9fe000 JavaThread "Cache worker for file hash cache (/Users/aleksandrgulaev/Documents/programming/geekbrains/geekbrains_android_libraries/hw01 copy/.gradle/5.6.4/fileHashes)" [_thread_blocked, id=40963, stack(0x00007000044c3000,0x00007000045c3000)]
  0x00007ff39dd53800 JavaThread "Cache worker for journal cache (/Users/aleksandrgulaev/.gradle/caches/journal-1)" [_thread_blocked, id=41475, stack(0x00007000043c0000,0x00007000044c0000)]
  0x00007ff39d4f8800 JavaThread "File lock request listener" [_thread_in_native, id=23299, stack(0x00007000042bd000,0x00007000043bd000)]
  0x00007ff39dd5b800 JavaThread "Cache worker for file hash cache (/Users/aleksandrgulaev/.gradle/caches/5.6.4/fileHashes)" [_thread_blocked, id=22787, stack(0x00007000041ba000,0x00007000042ba000)]
  0x00007ff39ceac000 JavaThread "Thread-9" [_thread_blocked, id=41987, stack(0x00007000040b7000,0x00007000041b7000)]
  0x00007ff39dd28000 JavaThread "Stdin handler" [_thread_blocked, id=42243, stack(0x0000700003fb4000,0x00007000040b4000)]
  0x00007ff39ceaa000 JavaThread "Asynchronous log dispatcher for DefaultDaemonConnection: socket connection from /127.0.0.1:61905 to /127.0.0.1:61906" [_thread_blocked, id=42755, stack(0x0000700003eb1000,0x0000700003fb1000)]
  0x00007ff39cea1800 JavaThread "Daemon worker" [_thread_blocked, id=43011, stack(0x0000700003dae000,0x0000700003eae000)]
  0x00007ff39dd35800 JavaThread "Cancel handler" [_thread_blocked, id=43267, stack(0x0000700003cab000,0x0000700003dab000)]
  0x00007ff39cea2800 JavaThread "Handler for socket connection from /127.0.0.1:61905 to /127.0.0.1:61906" [_thread_in_native, id=15875, stack(0x0000700003ba8000,0x0000700003ca8000)]
  0x00007ff39ce95800 JavaThread "Daemon" [_thread_blocked, id=15363, stack(0x0000700003aa5000,0x0000700003ba5000)]
  0x00007ff39d4d8800 JavaThread "Daemon periodic checks" [_thread_blocked, id=16387, stack(0x00007000039a2000,0x0000700003aa2000)]
  0x00007ff39ce89000 JavaThread "Incoming local TCP Connector on port 61905" [_thread_in_native, id=16899, stack(0x000070000389f000,0x000070000399f000)]
  0x00007ff39e4c4800 JavaThread "Daemon health stats" [_thread_blocked, id=15107, stack(0x000070000379c000,0x000070000389c000)]
  0x00007ff39e031000 JavaThread "Service Thread" daemon [_thread_blocked, id=17923, stack(0x0000700003596000,0x0000700003696000)]
  0x00007ff39e030800 JavaThread "C1 CompilerThread2" daemon [_thread_blocked, id=14595, stack(0x0000700003493000,0x0000700003593000)]
  0x00007ff39d80b000 JavaThread "C2 CompilerThread1" daemon [_thread_in_native, id=14339, stack(0x0000700003390000,0x0000700003490000)]
  0x00007ff39d033000 JavaThread "C2 CompilerThread0" daemon [_thread_in_native, id=14083, stack(0x000070000328d000,0x000070000338d000)]
  0x00007ff39c800000 JavaThread "Signal Dispatcher" daemon [_thread_blocked, id=18951, stack(0x000070000318a000,0x000070000328a000)]
  0x00007ff39d809000 JavaThread "Finalizer" daemon [_thread_blocked, id=20995, stack(0x0000700003087000,0x0000700003187000)]
  0x00007ff39d808800 JavaThread "Reference Handler" daemon [_thread_blocked, id=12035, stack(0x0000700002f84000,0x0000700003084000)]
  0x00007ff39e003800 JavaThread "main" [_thread_blocked, id=10243, stack(0x0000700002972000,0x0000700002a72000)]

Other Threads:
  0x00007ff39d05d800 VMThread [stack: 0x0000700002e81000,0x0000700002f81000] [id=11523]
  0x00007ff39e04d000 WatcherThread [stack: 0x0000700003699000,0x0000700003799000] [id=17667]

=>0x00007ff39d00d800 (exited) GCTaskThread [stack: 0x0000700002d7e000,0x0000700002e7e000] [id=21251]

VM state:at safepoint (normal execution)

VM Mutex/Monitor currently owned by a thread:  ([mutex/lock_event])
[0x00007ff39c612020] Threads_lock - owner thread: 0x00007ff39d05d800
[0x00007ff39c612520] Heap_lock - owner thread: 0x00007ff39cea1800

heap address: 0x0000000760000000, size: 1536 MB, Compressed Oops mode: Zero based, Oop shift amount: 3
Narrow klass base: 0x0000000000000000, Narrow klass shift: 3
Compressed class space size: 1073741824 Address: 0x00000007c0000000

Heap:
 PSYoungGen      total 382464K, used 345612K [0x00000007a0000000, 0x00000007ba500000, 0x00000007c0000000)
  eden space 334848K, 100% used [0x00000007a0000000,0x00000007b4700000,0x00000007b4700000)
  from space 47616K, 22% used [0x00000007b7500000,0x00000007b7f831f0,0x00000007ba380000)
  to   space 47104K, 10% used [0x00000007b4700000,0x00000007b4ba8db0,0x00000007b7500000)
 ParOldGen       total 1048576K, used 890792K [0x0000000760000000, 0x00000007a0000000, 0x00000007a0000000)
  object space 1048576K, 84% used [0x0000000760000000,0x00000007965ec358,0x00000007a0000000)
 Metaspace       used 69015K, capacity 72324K, committed 72472K, reserved 1112064K
  class space    used 9493K, capacity 10193K, committed 10264K, reserved 1048576K

Card table byte_map: [0x000000011cbc0000,0x000000011cec1000] byte_map_base: 0x00000001190c0000

Marking Bits: (ParMarkBitMap*) 0x000000011b7d5ec8
 Begin Bits: [0x000000012c876000, 0x000000012e076000)
 End Bits:   [0x000000012e076000, 0x000000012f876000)

Polling page: 0x000000010e3a5000

CodeCache: size=245760Kb used=31199Kb max_used=31199Kb free=214560Kb
 bounds [0x000000011d876000, 0x000000011f706000, 0x000000012c876000]
 total_blobs=10415 nmethods=9598 adapters=729
 compilation: enabled

Compilation events (10 events):
Event: 13.820 Thread 0x00007ff39e030800 11065       2       com.android.tools.r8.u.b.c0::a (55 bytes)
Event: 13.820 Thread 0x00007ff39e030800 nmethod 11065 0x000000011f6ff150 code [0x000000011f6ff320, 0x000000011f6ff728]
Event: 13.820 Thread 0x00007ff39e030800 11066       2       java.util.HashMap$TreeNode::putTreeVal (314 bytes)
Event: 13.821 Thread 0x00007ff39e030800 nmethod 11066 0x000000011f6ffa10 code [0x000000011f6ffc00, 0x000000011f700388]
Event: 13.832 Thread 0x00007ff39e030800 11068       2       com.android.tools.r8.code.D0::hashCode (21 bytes)
Event: 13.832 Thread 0x00007ff39e030800 nmethod 11068 0x000000011f700a10 code [0x000000011f700b80, 0x000000011f700d28]
Event: 13.834 Thread 0x00007ff39e030800 11069       1       com.android.tools.r8.graph.DexDebugEvent$b::hashCode (10 bytes)
Event: 13.834 Thread 0x00007ff39e030800 nmethod 11069 0x000000011f700dd0 code [0x000000011f700f20, 0x000000011f701030]
Event: 13.834 Thread 0x00007ff39e030800 11070       2       com.android.tools.r8.r.n.f::a (143 bytes)
Event: 13.834 Thread 0x00007ff39e030800 nmethod 11070 0x000000011f701090 code [0x000000011f7012a0, 0x000000011f7019c8]

GC Heap History (10 events):
Event: 10.311 GC heap after
Heap after GC invocations=13 (full 3):
 PSYoungGen      total 233984K, used 24061K [0x00000007a0000000, 0x00000007b0d00000, 0x00000007c0000000)
  eden space 209920K, 0% used [0x00000007a0000000,0x00000007a0000000,0x00000007acd00000)
  from space 24064K, 99% used [0x00000007ae900000,0x00000007b007f4a0,0x00000007b0080000)
  to   space 28672K, 0% used [0x00000007acd00000,0x00000007acd00000,0x00000007ae900000)
 ParOldGen       total 276992K, used 43386K [0x0000000760000000, 0x0000000770e80000, 0x00000007a0000000)
  object space 276992K, 15% used [0x0000000760000000,0x0000000762a5ea20,0x0000000770e80000)
 Metaspace       used 66713K, capacity 69748K, committed 69912K, reserved 1110016K
  class space    used 9302K, capacity 9975K, committed 10008K, reserved 1048576K
}
Event: 11.127 GC heap before
{Heap before GC invocations=14 (full 3):
 PSYoungGen      total 233984K, used 233981K [0x00000007a0000000, 0x00000007b0d00000, 0x00000007c0000000)
  eden space 209920K, 100% used [0x00000007a0000000,0x00000007acd00000,0x00000007acd00000)
  from space 24064K, 99% used [0x00000007ae900000,0x00000007b007f4a0,0x00000007b0080000)
  to   space 28672K, 0% used [0x00000007acd00000,0x00000007acd00000,0x00000007ae900000)
 ParOldGen       total 276992K, used 43386K [0x0000000760000000, 0x0000000770e80000, 0x00000007a0000000)
  object space 276992K, 15% used [0x0000000760000000,0x0000000762a5ea20,0x0000000770e80000)
 Metaspace       used 67945K, capacity 71232K, committed 71448K, reserved 1110016K
  class space    used 9484K, capacity 10191K, committed 10264K, reserved 1048576K
Event: 11.161 GC heap after
Heap after GC invocations=14 (full 3):
 PSYoungGen      total 238592K, used 28653K [0x00000007a0000000, 0x00000007b4700000, 0x00000007c0000000)
  eden space 209920K, 0% used [0x00000007a0000000,0x00000007a0000000,0x00000007acd00000)
  from space 28672K, 99% used [0x00000007acd00000,0x00000007ae8fb490,0x00000007ae900000)
  to   space 36864K, 0% used [0x00000007b2300000,0x00000007b2300000,0x00000007b4700000)
 ParOldGen       total 276992K, used 54404K [0x0000000760000000, 0x0000000770e80000, 0x00000007a0000000)
  object space 276992K, 19% used [0x0000000760000000,0x00000007635212c8,0x0000000770e80000)
 Metaspace       used 67945K, capacity 71232K, committed 71448K, reserved 1110016K
  class space    used 9484K, capacity 10191K, committed 10264K, reserved 1048576K
}
Event: 11.733 GC heap before
{Heap before GC invocations=15 (full 3):
 PSYoungGen      total 238592K, used 238573K [0x00000007a0000000, 0x00000007b4700000, 0x00000007c0000000)
  eden space 209920K, 100% used [0x00000007a0000000,0x00000007acd00000,0x00000007acd00000)
  from space 28672K, 99% used [0x00000007acd00000,0x00000007ae8fb490,0x00000007ae900000)
  to   space 36864K, 0% used [0x00000007b2300000,0x00000007b2300000,0x00000007b4700000)
 ParOldGen       total 276992K, used 54404K [0x0000000760000000, 0x0000000770e80000, 0x00000007a0000000)
  object space 276992K, 19% used [0x0000000760000000,0x00000007635212c8,0x0000000770e80000)
 Metaspace       used 68188K, capacity 71516K, committed 71704K, reserved 1110016K
  class space    used 9493K, capacity 10193K, committed 10264K, reserved 1048576K
Event: 11.777 GC heap after
Heap after GC invocations=15 (full 3):
 PSYoungGen      total 287744K, used 36836K [0x00000007a0000000, 0x00000007b6800000, 0x00000007c0000000)
  eden space 250880K, 0% used [0x00000007a0000000,0x00000007a0000000,0x00000007af500000)
  from space 36864K, 99% used [0x00000007b2300000,0x00000007b46f9068,0x00000007b4700000)
  to   space 47104K, 0% used [0x00000007af500000,0x00000007af500000,0x00000007b2300000)
 ParOldGen       total 276992K, used 67082K [0x0000000760000000, 0x0000000770e80000, 0x00000007a0000000)
  object space 276992K, 24% used [0x0000000760000000,0x0000000764182838,0x0000000770e80000)
 Metaspace       used 68188K, capacity 71516K, committed 71704K, reserved 1110016K
  class space    used 9493K, capacity 10193K, committed 10264K, reserved 1048576K
}
Event: 12.413 GC heap before
{Heap before GC invocations=16 (full 3):
 PSYoungGen      total 287744K, used 287716K [0x00000007a0000000, 0x00000007b6800000, 0x00000007c0000000)
  eden space 250880K, 100% used [0x00000007a0000000,0x00000007af500000,0x00000007af500000)
  from space 36864K, 99% used [0x00000007b2300000,0x00000007b46f9068,0x00000007b4700000)
  to   space 47104K, 0% used [0x00000007af500000,0x00000007af500000,0x00000007b2300000)
 ParOldGen       total 276992K, used 67082K [0x0000000760000000, 0x0000000770e80000, 0x00000007a0000000)
  object space 276992K, 24% used [0x0000000760000000,0x0000000764182838,0x0000000770e80000)
 Metaspace       used 68591K, capacity 71868K, committed 71960K, reserved 1112064K
  class space    used 9493K, capacity 10193K, committed 10264K, reserved 1048576K
Event: 12.453 GC heap after
Heap after GC invocations=16 (full 3):
 PSYoungGen      total 297984K, used 29714K [0x00000007a0000000, 0x00000007ba380000, 0x00000007c0000000)
  eden space 250880K, 0% used [0x00000007a0000000,0x00000007a0000000,0x00000007af500000)
  from space 47104K, 63% used [0x00000007af500000,0x00000007b1204af0,0x00000007b2300000)
  to   space 47616K, 0% used [0x00000007b7500000,0x00000007b7500000,0x00000007ba380000)
 ParOldGen       total 276992K, used 82433K [0x0000000760000000, 0x0000000770e80000, 0x00000007a0000000)
  object space 276992K, 29% used [0x0000000760000000,0x0000000765080620,0x0000000770e80000)
 Metaspace       used 68591K, capacity 71868K, committed 71960K, reserved 1112064K
  class space    used 9493K, capacity 10193K, committed 10264K, reserved 1048576K
}
Event: 12.999 GC heap before
{Heap before GC invocations=17 (full 3):
 PSYoungGen      total 297984K, used 280594K [0x00000007a0000000, 0x00000007ba380000, 0x00000007c0000000)
  eden space 250880K, 100% used [0x00000007a0000000,0x00000007af500000,0x00000007af500000)
  from space 47104K, 63% used [0x00000007af500000,0x00000007b1204af0,0x00000007b2300000)
  to   space 47616K, 0% used [0x00000007b7500000,0x00000007b7500000,0x00000007ba380000)
 ParOldGen       total 276992K, used 82433K [0x0000000760000000, 0x0000000770e80000, 0x00000007a0000000)
  object space 276992K, 29% used [0x0000000760000000,0x0000000765080620,0x0000000770e80000)
 Metaspace       used 68791K, capacity 72160K, committed 72472K, reserved 1112064K
  class space    used 9493K, capacity 10193K, committed 10264K, reserved 1048576K
Event: 13.029 GC heap after
Heap after GC invocations=17 (full 3):
 PSYoungGen      total 382464K, used 10764K [0x00000007a0000000, 0x00000007ba500000, 0x00000007c0000000)
  eden space 334848K, 0% used [0x00000007a0000000,0x00000007a0000000,0x00000007b4700000)
  from space 47616K, 22% used [0x00000007b7500000,0x00000007b7f831f0,0x00000007ba380000)
  to   space 47104K, 0% used [0x00000007b4700000,0x00000007b4700000,0x00000007b7500000)
 ParOldGen       total 276992K, used 103818K [0x0000000760000000, 0x0000000770e80000, 0x00000007a0000000)
  object space 276992K, 37% used [0x0000000760000000,0x00000007665628c8,0x0000000770e80000)
 Metaspace       used 68791K, capacity 72160K, committed 72472K, reserved 1112064K
  class space    used 9493K, capacity 10193K, committed 10264K, reserved 1048576K
}
Event: 13.840 GC heap before
{Heap before GC invocations=18 (full 3):
 PSYoungGen      total 382464K, used 345612K [0x00000007a0000000, 0x00000007ba500000, 0x00000007c0000000)
  eden space 334848K, 100% used [0x00000007a0000000,0x00000007b4700000,0x00000007b4700000)
  from space 47616K, 22% used [0x00000007b7500000,0x00000007b7f831f0,0x00000007ba380000)
  to   space 47104K, 0% used [0x00000007b4700000,0x00000007b4700000,0x00000007b7500000)
 ParOldGen       total 276992K, used 103818K [0x0000000760000000, 0x0000000770e80000, 0x00000007a0000000)
  object space 276992K, 37% used [0x0000000760000000,0x00000007665628c8,0x0000000770e80000)
 Metaspace       used 69015K, capacity 72324K, committed 72472K, reserved 1112064K
  class space    used 9493K, capacity 10193K, committed 10264K, reserved 1048576K

Deoptimization events (10 events):
Event: 10.758 Thread 0x00007ff3a1b87000 Uncommon trap: reason=unstable_if action=reinterpret pc=0x000000011e5f67e0 method=org.objectweb.asm.Type.getArgumentsAndReturnSizes(Ljava/lang/String;)I @ 19
Event: 11.028 Thread 0x00007ff39d4d8800 Uncommon trap: reason=speculate_class_check action=maybe_recompile pc=0x000000011ebf229c method=java.util.AbstractList.listIterator()Ljava/util/ListIterator; @ 2
Event: 11.082 Thread 0x00007ff39cea1800 Uncommon trap: reason=unstable_if action=reinterpret pc=0x000000011ec3f304 method=com.android.tools.r8.v.a.a.a.f.c0.get(I)Ljava/lang/Object; @ 8
Event: 11.185 Thread 0x00007ff3a1b87000 Uncommon trap: reason=unstable_if action=reinterpret pc=0x000000011ef6cf10 method=com.android.tools.r8.v.a.a.a.f.x0$e.contains(Ljava/lang/Object;)Z @ 176
Event: 11.570 Thread 0x00007ff3a240e800 Uncommon trap: reason=unstable_if action=reinterpret pc=0x000000011ead2fb8 method=java.util.concurrent.ConcurrentHashMap.computeIfAbsent(Ljava/lang/Object;Ljava/util/function/Function;)Ljava/lang/Object; @ 281
Event: 11.667 Thread 0x00007ff39cea1800 Uncommon trap: reason=unstable_if action=reinterpret pc=0x000000011f1f3bbc method=com.android.tools.r8.u.c.o.a(ILcom/android/tools/r8/u/c/M;)I @ 148
Event: 12.820 Thread 0x00007ff3a240e800 Uncommon trap: reason=unstable_if action=reinterpret pc=0x000000011ec44660 method=java.util.HashMap.removeNode(ILjava/lang/Object;Ljava/lang/Object;ZZ)Ljava/util/HashMap$Node; @ 133
Event: 13.045 Thread 0x00007ff3a1b87000 Uncommon trap: reason=unstable_if action=reinterpret pc=0x000000011f2dc19c method=com.android.tools.r8.graph.d0.b(Lcom/android/tools/r8/graph/d0;)I @ 141
Event: 13.070 Thread 0x00007ff3a1b87000 Uncommon trap: reason=predicate action=maybe_recompile pc=0x000000011f2da96c method=java.util.TimSort.binarySort([Ljava/lang/Object;IIILjava/util/Comparator;)V @ 37
Event: 13.642 Thread 0x00007ff3a1b87000 Uncommon trap: reason=unstable_if action=reinterpret pc=0x000000011ecd6460 method=com.android.tools.r8.ir.regalloc.a.compareTo(Ljava/lang/Object;)I @ 81

Classes redefined (0 events):
No events

Internal exceptions (10 events):
Event: 8.468 Thread 0x00007ff3a240e800 Exception <a 'java/lang/NoSuchMethodError': <clinit>> (0x00000007a4f09040) thrown at [/Volumes/Android/buildbot/src/googleplex-android/openjdk/out/hotspot/src/share/vm/prims/jni.cpp, line 1614]
Event: 8.676 Thread 0x00007ff3a1b87000 Exception <a 'java/lang/NoSuchMethodError': java.lang.Object.lambda$static$0(Ljava/lang/String;)Z> (0x00000007a78b0360) thrown at [/Volumes/Android/buildbot/src/googleplex-android/openjdk/out/hotspot/src/share/vm/interpreter/linkResolver.cpp, line 620]
Event: 8.770 Thread 0x00007ff39ead0000 Exception <a 'java/lang/NoSuchMethodError': java.lang.Object.lambda$identity$2(Ljava/lang/Object;)Ljava/lang/Object;> (0x00000007a90feba8) thrown at [/Volumes/Android/buildbot/src/googleplex-android/openjdk/out/hotspot/src/share/vm/interpreter/linkResolve
Event: 9.170 Thread 0x00007ff39ead0000 Exception <a 'java/lang/NoSuchMethodError': java.lang.Object.lambda$maxBy$1(Ljava/util/Comparator;Ljava/lang/Object;Ljava/lang/Object;)Ljava/lang/Object;> (0x00000007a0cfb760) thrown at [/Volumes/Android/buildbot/src/googleplex-android/openjdk/out/hotspot
Event: 9.170 Thread 0x00007ff39cea1800 Exception <a 'java/lang/NoSuchMethodError': java.lang.Object.lambda$maxBy$1(Ljava/util/Comparator;Ljava/lang/Object;Ljava/lang/Object;)Ljava/lang/Object;> (0x00000007a1698cc8) thrown at [/Volumes/Android/buildbot/src/googleplex-android/openjdk/out/hotspot
Event: 9.170 Thread 0x00007ff3a1b87000 Exception <a 'java/lang/NoSuchMethodError': java.lang.Object.lambda$maxBy$1(Ljava/util/Comparator;Ljava/lang/Object;Ljava/lang/Object;)Ljava/lang/Object;> (0x00000007a1292b30) thrown at [/Volumes/Android/buildbot/src/googleplex-android/openjdk/out/hotspot
Event: 10.664 Thread 0x00007ff3a1b87000 Exception <a 'sun/nio/fs/UnixException'> (0x00000007a36b1358) thrown at [/Volumes/Android/buildbot/src/googleplex-android/openjdk/out/hotspot/src/share/vm/prims/jni.cpp, line 710]
Event: 10.902 Thread 0x00007ff3a240e800 Exception <a 'sun/nio/fs/UnixException'> (0x00000007a6988978) thrown at [/Volumes/Android/buildbot/src/googleplex-android/openjdk/out/hotspot/src/share/vm/prims/jni.cpp, line 710]
Event: 10.949 Thread 0x00007ff39ead0000 Exception <a 'sun/nio/fs/UnixException'> (0x00000007a84cf430) thrown at [/Volumes/Android/buildbot/src/googleplex-android/openjdk/out/hotspot/src/share/vm/prims/jni.cpp, line 710]
Event: 13.214 Thread 0x00007ff3a1b87000 Exception <a 'sun/nio/fs/UnixException'> (0x00000007a3344368) thrown at [/Volumes/Android/buildbot/src/googleplex-android/openjdk/out/hotspot/src/share/vm/prims/jni.cpp, line 710]

Events (10 events):
Event: 13.642 Thread 0x00007ff3a1b87000 Uncommon trap: trap_request=0xffffff65 fr.pc=0x000000011ecd6460
Event: 13.642 Thread 0x00007ff3a1b87000 DEOPT PACKING pc=0x000000011ecd6460 sp=0x00007000051e1770
Event: 13.642 Thread 0x00007ff3a1b87000 DEOPT UNPACKING pc=0x000000011d8bb47a sp=0x00007000051e1740 mode 2
Event: 13.689 Thread 0x00007ff3a240e800 DEOPT PACKING pc=0x000000011ee14a10 sp=0x00007000050df0c0
Event: 13.689 Thread 0x00007ff3a240e800 DEOPT UNPACKING pc=0x000000011d8bd4c4 sp=0x00007000050def00 mode 0
Event: 13.779 Thread 0x00007ff3a1b87000 DEOPT PACKING pc=0x000000011ec9f8ec sp=0x00007000051e13e0
Event: 13.779 Thread 0x00007ff3a1b87000 DEOPT UNPACKING pc=0x000000011d8bd4c4 sp=0x00007000051e1190 mode 0
Event: 13.787 Thread 0x00007ff3a1b87000 DEOPT PACKING pc=0x000000011ec9f8ec sp=0x00007000051e1450
Event: 13.787 Thread 0x00007ff3a1b87000 DEOPT UNPACKING pc=0x000000011d8bd4c4 sp=0x00007000051e1200 mode 0
Event: 13.839 Executing VM operation: ParallelGCFailedAllocation


Dynamic libraries:
0x000000010de90000 	/System/Library/Frameworks/Cocoa.framework/Versions/A/Cocoa
0x000000010de9a000 	/System/Library/Frameworks/Security.framework/Versions/A/Security
0x000000010e39e000 	/System/Library/Frameworks/ApplicationServices.framework/Versions/A/ApplicationServices
0x000000010e3a7000 	/usr/lib/libz.1.dylib
0x000000010e3c3000 	/usr/lib/libSystem.B.dylib
0x000000010e3d0000 	/System/Library/Frameworks/CoreFoundation.framework/Versions/A/CoreFoundation
0x000000010eb1f000 	/System/Library/Frameworks/Foundation.framework/Versions/C/Foundation
0x000000010f1f8000 	/usr/lib/libobjc.A.dylib
0x000000010f79a000 	/System/Library/Frameworks/AppKit.framework/Versions/C/AppKit
0x000000011105c000 	/System/Library/Frameworks/CoreData.framework/Versions/A/CoreData
0x0000000111571000 	/System/Library/PrivateFrameworks/RemoteViewServices.framework/Versions/A/RemoteViewServices
0x00000001115c2000 	/System/Library/PrivateFrameworks/UIFoundation.framework/Versions/A/UIFoundation
0x0000000111854000 	/System/Library/PrivateFrameworks/DFRFoundation.framework/Versions/A/DFRFoundation
0x0000000111878000 	/System/Library/Frameworks/Metal.framework/Versions/A/Metal
0x00000001119f1000 	/System/Library/PrivateFrameworks/DesktopServicesPriv.framework/Versions/A/DesktopServicesPriv
0x0000000111bc7000 	/usr/lib/libenergytrace.dylib
0x0000000111bd2000 	/System/Library/PrivateFrameworks/SkyLight.framework/Versions/A/SkyLight
0x0000000111f52000 	/System/Library/Frameworks/CoreGraphics.framework/Versions/A/CoreGraphics
0x00000001126a0000 	/usr/lib/libScreenReader.dylib
0x00000001126b1000 	/System/Library/Frameworks/Accelerate.framework/Versions/A/Accelerate
0x00000001126bc000 	/System/Library/Frameworks/IOSurface.framework/Versions/A/IOSurface
0x00000001126d5000 	/System/Library/Frameworks/AudioToolbox.framework/Versions/A/AudioToolbox
0x0000000112aa2000 	/System/Library/Frameworks/AudioUnit.framework/Versions/A/AudioUnit
0x0000000112ab2000 	/System/Library/PrivateFrameworks/DataDetectorsCore.framework/Versions/A/DataDetectorsCore
0x0000000112b6d000 	/System/Library/Frameworks/Carbon.framework/Versions/A/Frameworks/HIToolbox.framework/Versions/A/HIToolbox
0x0000000113001000 	/usr/lib/libicucore.A.dylib
0x00000001132fa000 	/System/Library/Frameworks/QuartzCore.framework/Versions/A/QuartzCore
0x000000011363c000 	/System/Library/PrivateFrameworks/SignpostNotification.framework/Versions/A/SignpostNotification
0x0000000113648000 	/System/Library/Frameworks/Carbon.framework/Versions/A/Frameworks/SpeechRecognition.framework/Versions/A/SpeechRecognition
0x000000011365d000 	/usr/lib/libauto.dylib
0x0000000113663000 	/usr/lib/libxml2.2.dylib
0x0000000113786000 	/System/Library/PrivateFrameworks/CoreUI.framework/Versions/A/CoreUI
0x0000000113a94000 	/System/Library/Frameworks/CoreAudio.framework/Versions/A/CoreAudio
0x0000000113b58000 	/System/Library/Frameworks/DiskArbitration.framework/Versions/A/DiskArbitration
0x0000000113b6e000 	/usr/lib/liblangid.dylib
0x0000000113b78000 	/System/Library/PrivateFrameworks/MultitouchSupport.framework/Versions/A/MultitouchSupport
0x0000000113bb9000 	/System/Library/Frameworks/IOKit.framework/Versions/A/IOKit
0x0000000113ca4000 	/usr/lib/libDiagnosticMessagesClient.dylib
0x0000000113cb1000 	/System/Library/Frameworks/CoreServices.framework/Versions/A/CoreServices
0x0000000113cb8000 	/System/Library/PrivateFrameworks/PerformanceAnalysis.framework/Versions/A/PerformanceAnalysis
0x0000000113ce9000 	/System/Library/Frameworks/OpenGL.framework/Versions/A/OpenGL
0x0000000113d09000 	/System/Library/Frameworks/ColorSync.framework/Versions/A/ColorSync
0x0000000113e0f000 	/System/Library/Frameworks/CoreImage.framework/Versions/A/CoreImage
0x00000001142a4000 	/System/Library/Frameworks/CoreText.framework/Versions/A/CoreText
0x00000001144bf000 	/System/Library/Frameworks/ImageIO.framework/Versions/A/ImageIO
0x00000001146f2000 	/System/Library/PrivateFrameworks/Backup.framework/Versions/A/Backup
0x00000001147eb000 	/usr/lib/libarchive.2.dylib
0x0000000114821000 	/System/Library/Frameworks/CFNetwork.framework/Versions/A/CFNetwork
0x0000000114eed000 	/System/Library/Frameworks/SystemConfiguration.framework/Versions/A/SystemConfiguration
0x0000000114f99000 	/usr/lib/libCRFSuite.dylib
0x0000000114ff2000 	/usr/lib/libc++.1.dylib
0x00000001150ad000 	/usr/lib/libc++abi.dylib
0x00000001150e1000 	/usr/lib/system/libcache.dylib
0x00000001150f0000 	/usr/lib/system/libcommonCrypto.dylib
0x0000000115108000 	/usr/lib/system/libcompiler_rt.dylib
0x0000000115120000 	/usr/lib/system/libcopyfile.dylib
0x0000000115133000 	/usr/lib/system/libcorecrypto.dylib
0x00000001151da000 	/usr/lib/system/libdispatch.dylib
0x0000000115254000 	/usr/lib/system/libdyld.dylib
0x000000011528c000 	/usr/lib/system/libkeymgr.dylib
0x0000000115298000 	/usr/lib/system/liblaunch.dylib
0x00000001152a3000 	/usr/lib/system/libmacho.dylib
0x00000001152b0000 	/usr/lib/system/libquarantine.dylib
0x00000001152ba000 	/usr/lib/system/libremovefile.dylib
0x00000001152c2000 	/usr/lib/system/libsystem_asl.dylib
0x00000001152ea000 	/usr/lib/system/libsystem_blocks.dylib
0x00000001152f4000 	/usr/lib/system/libsystem_c.dylib
0x00000001153ad000 	/usr/lib/system/libsystem_configuration.dylib
0x00000001153bd000 	/usr/lib/system/libsystem_coreservices.dylib
0x00000001153cb000 	/usr/lib/system/libsystem_darwin.dylib
0x00000001153d4000 	/usr/lib/system/libsystem_dnssd.dylib
0x00000001153e4000 	/usr/lib/system/libsystem_info.dylib
0x0000000115446000 	/usr/lib/system/libsystem_m.dylib
0x00000001154a5000 	/usr/lib/system/libsystem_malloc.dylib
0x00000001154d1000 	/usr/lib/system/libsystem_network.dylib
0x0000000115642000 	/usr/lib/system/libsystem_networkextension.dylib
0x000000011565d000 	/usr/lib/system/libsystem_notify.dylib
0x0000000115670000 	/usr/lib/system/libsystem_sandbox.dylib
0x0000000115681000 	/usr/lib/system/libsystem_secinit.dylib
0x000000011568d000 	/usr/lib/system/libsystem_kernel.dylib
0x00000001156ce000 	/usr/lib/system/libsystem_platform.dylib
0x00000001156de000 	/usr/lib/system/libsystem_pthread.dylib
0x00000001156fc000 	/usr/lib/system/libsystem_symptoms.dylib
0x000000011570f000 	/usr/lib/system/libsystem_trace.dylib
0x0000000115739000 	/usr/lib/system/libunwind.dylib
0x0000000115749000 	/usr/lib/system/libxpc.dylib
0x0000000115799000 	/usr/lib/closure/libclosured.dylib
0x00000001157ec000 	/usr/lib/libbsm.0.dylib
0x000000011580a000 	/usr/lib/system/libkxld.dylib
0x0000000115820000 	/usr/lib/libOpenScriptingUtil.dylib
0x000000011582a000 	/usr/lib/libcoretls.dylib
0x0000000115851000 	/usr/lib/libcoretls_cfhelpers.dylib
0x000000011585c000 	/usr/lib/libpam.2.dylib
0x000000011586a000 	/usr/lib/libsqlite3.dylib
0x0000000115a23000 	/usr/lib/libxar.1.dylib
0x0000000115a3b000 	/usr/lib/libbz2.1.0.dylib
0x0000000115a51000 	/usr/lib/liblzma.5.dylib
0x0000000115a76000 	/usr/lib/libnetwork.dylib
0x0000000115c50000 	/usr/lib/libapple_nghttp2.dylib
0x0000000115c7a000 	/usr/lib/libpcap.A.dylib
0x0000000115cc8000 	/usr/lib/libboringssl.dylib
0x0000000115dfd000 	/usr/lib/libusrtcp.dylib
0x0000000115e6c000 	/usr/lib/libapple_crypto.dylib
0x0000000115e74000 	/System/Library/Frameworks/CoreServices.framework/Versions/A/Frameworks/FSEvents.framework/Versions/A/FSEvents
0x0000000115e88000 	/System/Library/Frameworks/CoreServices.framework/Versions/A/Frameworks/CarbonCore.framework/Versions/A/CarbonCore
0x00000001161d9000 	/System/Library/Frameworks/CoreServices.framework/Versions/A/Frameworks/Metadata.framework/Versions/A/Metadata
0x0000000116309000 	/System/Library/Frameworks/CoreServices.framework/Versions/A/Frameworks/OSServices.framework/Versions/A/OSServices
0x00000001163b6000 	/System/Library/Frameworks/CoreServices.framework/Versions/A/Frameworks/SearchKit.framework/Versions/A/SearchKit
0x000000011646c000 	/System/Library/Frameworks/CoreServices.framework/Versions/A/Frameworks/AE.framework/Versions/A/AE
0x0000000116518000 	/System/Library/Frameworks/CoreServices.framework/Versions/A/Frameworks/LaunchServices.framework/Versions/A/LaunchServices
0x00000001167eb000 	/System/Library/Frameworks/CoreServices.framework/Versions/A/Frameworks/DictionaryServices.framework/Versions/A/DictionaryServices
0x0000000116852000 	/System/Library/Frameworks/CoreServices.framework/Versions/A/Frameworks/SharedFileList.framework/Versions/A/SharedFileList
0x000000011689d000 	/System/Library/Frameworks/NetFS.framework/Versions/A/NetFS
0x00000001168b4000 	/System/Library/PrivateFrameworks/NetAuth.framework/Versions/A/NetAuth
0x00000001168ce000 	/System/Library/PrivateFrameworks/login.framework/Versions/A/Frameworks/loginsupport.framework/Versions/A/loginsupport
0x00000001168d9000 	/System/Library/PrivateFrameworks/TCC.framework/Versions/A/TCC
0x00000001168ef000 	/usr/lib/libmecabra.dylib
0x0000000116b79000 	/System/Library/Frameworks/ApplicationServices.framework/Versions/A/Frameworks/ATS.framework/Versions/A/ATS
0x0000000116c0c000 	/System/Library/Frameworks/ApplicationServices.framework/Versions/A/Frameworks/ColorSyncLegacy.framework/Versions/A/ColorSyncLegacy
0x0000000116c1b000 	/System/Library/Frameworks/ApplicationServices.framework/Versions/A/Frameworks/HIServices.framework/Versions/A/HIServices
0x0000000116cab000 	/System/Library/Frameworks/ApplicationServices.framework/Versions/A/Frameworks/LangAnalysis.framework/Versions/A/LangAnalysis
0x0000000116ccd000 	/System/Library/Frameworks/ApplicationServices.framework/Versions/A/Frameworks/PrintCore.framework/Versions/A/PrintCore
0x0000000116d4f000 	/System/Library/Frameworks/ApplicationServices.framework/Versions/A/Frameworks/QD.framework/Versions/A/QD
0x0000000116dbc000 	/System/Library/Frameworks/ApplicationServices.framework/Versions/A/Frameworks/SpeechSynthesis.framework/Versions/A/SpeechSynthesis
0x0000000116de1000 	/System/Library/Frameworks/CoreDisplay.framework/Versions/A/CoreDisplay
0x0000000116ef6000 	/System/Library/Frameworks/Accelerate.framework/Versions/A/Frameworks/vImage.framework/Versions/A/vImage
0x00000001176be000 	/System/Library/Frameworks/Accelerate.framework/Versions/A/Frameworks/vecLib.framework/Versions/A/vecLib
0x00000001176c8000 	/System/Library/Frameworks/Accelerate.framework/Versions/A/Frameworks/vecLib.framework/Versions/A/libvDSP.dylib
0x0000000117850000 	/System/Library/Frameworks/Accelerate.framework/Versions/A/Frameworks/vecLib.framework/Versions/A/libBNNS.dylib
0x0000000117898000 	/System/Library/Frameworks/Accelerate.framework/Versions/A/Frameworks/vecLib.framework/Versions/A/libQuadrature.dylib
0x00000001178a7000 	/System/Library/Frameworks/Accelerate.framework/Versions/A/Frameworks/vecLib.framework/Versions/A/libvMisc.dylib
0x000000011796d000 	/System/Library/Frameworks/Accelerate.framework/Versions/A/Frameworks/vecLib.framework/Versions/A/libLAPACK.dylib
0x0000000117daa000 	/System/Library/Frameworks/Accelerate.framework/Versions/A/Frameworks/vecLib.framework/Versions/A/libBLAS.dylib
0x0000000117f72000 	/System/Library/Frameworks/Accelerate.framework/Versions/A/Frameworks/vecLib.framework/Versions/A/libLinearAlgebra.dylib
0x0000000117f97000 	/System/Library/Frameworks/Accelerate.framework/Versions/A/Frameworks/vecLib.framework/Versions/A/libSparse.dylib
0x0000000118036000 	/System/Library/Frameworks/Accelerate.framework/Versions/A/Frameworks/vecLib.framework/Versions/A/libSparseBLAS.dylib
0x0000000118051000 	/System/Library/PrivateFrameworks/GPUWrangler.framework/Versions/A/GPUWrangler
0x000000011805e000 	/System/Library/PrivateFrameworks/IOAccelerator.framework/Versions/A/IOAccelerator
0x0000000118076000 	/System/Library/PrivateFrameworks/IOPresentment.framework/Versions/A/IOPresentment
0x00000001180aa000 	/System/Library/PrivateFrameworks/DSExternalDisplay.framework/Versions/A/DSExternalDisplay
0x00000001180bb000 	/System/Library/Frameworks/OpenGL.framework/Versions/A/Libraries/libCoreFSCache.dylib
0x00000001180cc000 	/System/Library/Frameworks/CoreVideo.framework/Versions/A/CoreVideo
0x0000000118134000 	/System/Library/PrivateFrameworks/GraphVisualizer.framework/Versions/A/GraphVisualizer
0x000000011814e000 	/System/Library/Frameworks/MetalPerformanceShaders.framework/Versions/A/MetalPerformanceShaders
0x0000000118156000 	/usr/lib/libFosl_dynamic.dylib
0x000000011835f000 	/System/Library/PrivateFrameworks/FaceCore.framework/Versions/A/FaceCore
0x00000001189b0000 	/System/Library/Frameworks/OpenCL.framework/Versions/A/OpenCL
0x0000000118a27000 	/usr/lib/libcompression.dylib
0x0000000118a47000 	/System/Library/Frameworks/ApplicationServices.framework/Versions/A/Frameworks/ATS.framework/Versions/A/Resources/libFontParser.dylib
0x0000000118bed000 	/System/Library/Frameworks/ApplicationServices.framework/Versions/A/Frameworks/ATS.framework/Versions/A/Resources/libFontRegistry.dylib
0x0000000118c6f000 	/System/Library/Frameworks/ImageIO.framework/Versions/A/Resources/libJPEG.dylib
0x0000000118c9f000 	/System/Library/Frameworks/ImageIO.framework/Versions/A/Resources/libTIFF.dylib
0x0000000118d00000 	/System/Library/Frameworks/ImageIO.framework/Versions/A/Resources/libPng.dylib
0x0000000118d39000 	/System/Library/Frameworks/ImageIO.framework/Versions/A/Resources/libGIF.dylib
0x0000000118d44000 	/System/Library/Frameworks/ImageIO.framework/Versions/A/Resources/libJP2.dylib
0x0000000118e56000 	/System/Library/Frameworks/ImageIO.framework/Versions/A/Resources/libRadiance.dylib
0x0000000118e5e000 	/System/Library/PrivateFrameworks/AppleJPEG.framework/Versions/A/AppleJPEG
0x0000000118eb8000 	/System/Library/Frameworks/MetalPerformanceShaders.framework/Frameworks/MPSCore.framework/Versions/A/MPSCore
0x0000000118eea000 	/System/Library/Frameworks/MetalPerformanceShaders.framework/Frameworks/MPSImage.framework/Versions/A/MPSImage
0x0000000118f8a000 	/System/Library/Frameworks/MetalPerformanceShaders.framework/Frameworks/MPSNeuralNetwork.framework/Versions/A/MPSNeuralNetwork
0x00000001190d7000 	/System/Library/Frameworks/MetalPerformanceShaders.framework/Frameworks/MPSMatrix.framework/Versions/A/MPSMatrix
0x0000000119112000 	/System/Library/PrivateFrameworks/MetalTools.framework/Versions/A/MetalTools
0x0000000119205000 	/System/Library/Frameworks/OpenGL.framework/Versions/A/Libraries/libGLU.dylib
0x0000000119259000 	/System/Library/Frameworks/OpenGL.framework/Versions/A/Libraries/libGFXShared.dylib
0x0000000119270000 	/System/Library/Frameworks/OpenGL.framework/Versions/A/Libraries/libGL.dylib
0x0000000119293000 	/System/Library/Frameworks/OpenGL.framework/Versions/A/Libraries/libGLImage.dylib
0x00000001192db000 	/System/Library/Frameworks/OpenGL.framework/Versions/A/Libraries/libCVMSPluginSupport.dylib
0x00000001192e5000 	/System/Library/Frameworks/OpenGL.framework/Versions/A/Libraries/libCoreVMClient.dylib
0x00000001192f2000 	/usr/lib/libcups.2.dylib
0x0000000119363000 	/System/Library/Frameworks/Kerberos.framework/Versions/A/Kerberos
0x000000011939b000 	/System/Library/Frameworks/GSS.framework/Versions/A/GSS
0x00000001193f2000 	/usr/lib/libresolv.9.dylib
0x0000000119421000 	/usr/lib/libiconv.2.dylib
0x0000000119528000 	/System/Library/PrivateFrameworks/Heimdal.framework/Versions/A/Heimdal
0x00000001195d0000 	/usr/lib/libheimdal-asn1.dylib
0x00000001195de000 	/System/Library/Frameworks/OpenDirectory.framework/Versions/A/OpenDirectory
0x00000001195ff000 	/System/Library/PrivateFrameworks/CommonAuth.framework/Versions/A/CommonAuth
0x0000000119612000 	/System/Library/Frameworks/OpenDirectory.framework/Versions/A/Frameworks/CFOpenDirectory.framework/Versions/A/CFOpenDirectory
0x0000000119653000 	/System/Library/Frameworks/SecurityFoundation.framework/Versions/A/SecurityFoundation
0x0000000119752000 	/System/Library/PrivateFrameworks/APFS.framework/Versions/A/APFS
0x0000000119800000 	/usr/lib/libutil.dylib
0x000000011980d000 	/System/Library/PrivateFrameworks/AppleSauce.framework/Versions/A/AppleSauce
0x0000000119847000 	/System/Library/PrivateFrameworks/LinguisticData.framework/Versions/A/LinguisticData
0x000000011985d000 	/usr/lib/libmarisa.dylib
0x0000000119881000 	/System/Library/PrivateFrameworks/Lexicon.framework/Versions/A/Lexicon
0x00000001198d7000 	/usr/lib/libChineseTokenizer.dylib
0x00000001198f6000 	/usr/lib/libcmph.dylib
0x0000000119910000 	/System/Library/PrivateFrameworks/LanguageModeling.framework/Versions/A/LanguageModeling
0x0000000119a2e000 	/System/Library/PrivateFrameworks/CoreEmoji.framework/Versions/A/CoreEmoji
0x0000000119a4b000 	/System/Library/Frameworks/ServiceManagement.framework/Versions/A/ServiceManagement
0x0000000119a57000 	/System/Library/PrivateFrameworks/BackgroundTaskManagement.framework/Versions/A/BackgroundTaskManagement
0x0000000119a70000 	/usr/lib/libxslt.1.dylib
0x0000000119aa6000 	/System/Library/Frameworks/Carbon.framework/Versions/A/Frameworks/Ink.framework/Versions/A/Ink
0x0000000119b72000 	/System/Library/PrivateFrameworks/TextureIO.framework/Versions/A/TextureIO
0x0000000119c50000 	/usr/lib/libate.dylib
0x0000000119d67000 	/System/Library/PrivateFrameworks/CrashReporterSupport.framework/Versions/A/CrashReporterSupport
0x0000000119d8b000 	/System/Library/PrivateFrameworks/Sharing.framework/Versions/A/Sharing
0x0000000119f96000 	/System/Library/PrivateFrameworks/IconServices.framework/Versions/A/IconServices
0x0000000119fe0000 	/System/Library/PrivateFrameworks/AuthKit.framework/Versions/A/AuthKit
0x000000011a2cb000 	/System/Library/PrivateFrameworks/Apple80211.framework/Versions/A/Apple80211
0x000000011a304000 	/System/Library/PrivateFrameworks/CoreUtils.framework/Versions/A/CoreUtils
0x000000011a4ed000 	/System/Library/Frameworks/CoreWLAN.framework/Versions/A/CoreWLAN
0x000000011a5da000 	/System/Library/Frameworks/IOBluetooth.framework/Versions/A/IOBluetooth
0x000000011a76c000 	/System/Library/PrivateFrameworks/ProtocolBuffer.framework/Versions/A/ProtocolBuffer
0x000000011a7a9000 	/System/Library/PrivateFrameworks/MobileKeyBag.framework/Versions/A/MobileKeyBag
0x000000011a7d9000 	/System/Library/PrivateFrameworks/CorePhoneNumbers.framework/Versions/A/CorePhoneNumbers
0x000000011a7f0000 	/System/Library/PrivateFrameworks/AppleIDAuthSupport.framework/Versions/A/AppleIDAuthSupport
0x000000011a809000 	/System/Library/PrivateFrameworks/KeychainCircle.framework/Versions/A/KeychainCircle
0x000000011a835000 	/System/Library/PrivateFrameworks/CoreWiFi.framework/Versions/A/CoreWiFi
0x000000011a8fc000 	/System/Library/Frameworks/CoreBluetooth.framework/Versions/A/CoreBluetooth
0x000000011a946000 	/System/Library/PrivateFrameworks/DebugSymbols.framework/Versions/A/DebugSymbols
0x000000011a9a6000 	/System/Library/PrivateFrameworks/CoreSymbolication.framework/Versions/A/CoreSymbolication
0x000000011aa8e000 	/System/Library/PrivateFrameworks/Symbolication.framework/Versions/A/Symbolication
0x000000011ab75000 	/System/Library/PrivateFrameworks/AppleFSCompression.framework/Versions/A/AppleFSCompression
0x000000011ab92000 	/System/Library/PrivateFrameworks/SpeechRecognitionCore.framework/Versions/A/SpeechRecognitionCore
0x000000011afb5000 	/Applications/Android Studio.app/Contents/jre/jdk/Contents/Home/jre/lib/server/libjvm.dylib
0x000000011be64000 	/usr/lib/libstdc++.6.dylib
0x000000011bf1b000 	/Applications/Android Studio.app/Contents/jre/jdk/Contents/Home/jre/lib/libverify.dylib
0x000000011bf2c000 	/Applications/Android Studio.app/Contents/jre/jdk/Contents/Home/jre/lib/libjava.dylib
0x000000011bfbe000 	/Applications/Android Studio.app/Contents/jre/jdk/Contents/Home/jre/lib/libzip.dylib
0x000000013296d000 	/Applications/Android Studio.app/Contents/jre/jdk/Contents/Home/jre/lib/libnet.dylib
0x0000000132ea4000 	/Applications/Android Studio.app/Contents/jre/jdk/Contents/Home/jre/lib/libnio.dylib
0x0000000115732000 	/Users/aleksandrgulaev/.gradle/native/30/osx-amd64/libnative-platform.dylib
0x0000000133263000 	/Applications/Android Studio.app/Contents/jre/jdk/Contents/Home/jre/lib/libmanagement.dylib

VM Arguments:
jvm_args: -Xmx1536m -Dfile.encoding=UTF-8 -Duser.country=US -Duser.language=en -Duser.variant 
java_command: org.gradle.launcher.daemon.bootstrap.GradleDaemon 5.6.4
java_class_path (initial): /Users/aleksandrgulaev/.gradle/wrapper/dists/gradle-5.6.4-all/ankdp27end7byghfw1q2sw75f/gradle-5.6.4/lib/gradle-launcher-5.6.4.jar
Launcher Type: SUN_STANDARD

Environment Variables:
PATH=/usr/local/bin:/usr/bin:/bin:/usr/sbin:/sbin:/usr/local/share/dotnet:~/.dotnet/tools:/Library/Frameworks/Mono.framework/Versions/Current/Commands:/Applications/Xamarin Workbooks.app/Contents/SharedSupport/path-bin
SHELL=/bin/bash

Signal Handlers:
SIGSEGV: [libjvm.dylib+0x5609d5], sa_mask[0]=11111111011111110111111111111111, sa_flags=SA_ONSTACK|SA_RESTART|SA_SIGINFO
SIGBUS: [libjvm.dylib+0x5609d5], sa_mask[0]=11111111011111110111111111111111, sa_flags=SA_RESTART|SA_SIGINFO
SIGFPE: [libjvm.dylib+0x458695], sa_mask[0]=11111111011111110111111111111111, sa_flags=SA_RESTART|SA_SIGINFO
SIGPIPE: [libjvm.dylib+0x458695], sa_mask[0]=11111111011111110111111111111111, sa_flags=SA_RESTART|SA_SIGINFO
SIGXFSZ: [libjvm.dylib+0x458695], sa_mask[0]=11111111011111110111111111111111, sa_flags=SA_RESTART|SA_SIGINFO
SIGILL: [libjvm.dylib+0x458695], sa_mask[0]=11111111011111110111111111111111, sa_flags=SA_RESTART|SA_SIGINFO
SIGUSR1: SIG_DFL, sa_mask[0]=00000000000000000000000000000000, sa_flags=none
SIGUSR2: [libjvm.dylib+0x458f94], sa_mask[0]=00100000000000000000000000000000, sa_flags=SA_RESTART|SA_SIGINFO
SIGHUP: [libjvm.dylib+0x4571b9], sa_mask[0]=11111111011111110111111111111111, sa_flags=SA_RESTART|SA_SIGINFO
SIGINT: [libjvm.dylib+0x4571b9], sa_mask[0]=11111111011111110111111111111111, sa_flags=SA_RESTART|SA_SIGINFO
SIGTERM: [libjvm.dylib+0x4571b9], sa_mask[0]=11111111011111110111111111111111, sa_flags=SA_RESTART|SA_SIGINFO
SIGQUIT: [libjvm.dylib+0x4571b9], sa_mask[0]=11111111011111110111111111111111, sa_flags=SA_RESTART|SA_SIGINFO


---------------  S Y S T E M  ---------------

OS:Bsduname:Darwin 17.7.0 Darwin Kernel Version 17.7.0: Tue Feb 18 22:51:29 PST 2020; root:xnu-4570.71.73~1/RELEASE_X86_64 x86_64
rlimit: STACK 8192k, CORE 0k, NPROC 1418, NOFILE 10240, AS infinity
load average:5.69 3.80 2.88

CPU:total 4 (initial active 4) (4 cores per cpu, 1 threads per core) family 6 model 42 stepping 7, cmov, cx8, fxsr, mmx, sse, sse2, sse3, ssse3, sse4.1, sse4.2, popcnt, avx, aes, clmul, tsc, tscinvbit

Memory: 4k page, physical 16777216k(21988k free)

/proc/meminfo:


vm_info: OpenJDK 64-Bit Server VM (25.212-b4-5784211) for bsd-amd64 JRE (1.8.0_212-release-1586-b4-5784211), built by "android-build" with gcc 4.2.1 Compatible Android (5657785 based on r353983d) Clang 9.0.4 (https://android.googlesource.com/toolchain/llvm-project 2a90cc9d899e6fe6dcf0da193244b25f75735c7b)

time: Tue May 19 21:12:45 2020
timezone: MSK
elapsed time: 13 seconds (0d 0h 0m 13s)

